This file contains any messages produced by compilers while
running configure, to aid debugging if configure makes a mistake.

It was created by configure, which was
generated by GNU Autoconf 2.59.  Invocation command line was

  $ ./configure --includedir=/ISD2/ATHEROS_LSDK_KNL/linux-2.6.31/include --build=i686-linux --target=mips-linux-gnu3 --host=mips-linux-gnu3 --disable-debugging --enable-plugin=/ISD2/COMMON_APPS/rp-pppoe-3.x/../ppp --prefix=/

## --------- ##
## Platform. ##
## --------- ##

hostname = rd2-VirtualBox-book
uname -m = x86_64
uname -r = 4.13.0-32-generic
uname -s = Linux
uname -v = #35~16.04.1-Ubuntu SMP Thu Jan 25 10:13:43 UTC 2018

/usr/bin/uname -p = unknown
/bin/uname -X     = unknown

/bin/arch              = unknown
/usr/bin/arch -k       = unknown
/usr/convex/getsysinfo = unknown
hostinfo               = unknown
/bin/machine           = unknown
/usr/bin/oslevel       = unknown
/bin/universe          = unknown

PATH: /usr/local/sbin
PATH: /usr/local/bin
PATH: /usr/sbin
PATH: /usr/bin
PATH: /sbin
PATH: /bin
PATH: /root/senaoenv/gitscripts/
PATH: /root/senaoenv/scripts/
PATH: /root/senaoenv/python/
PATH: /opt/buildroot-gcc346/bin
PATH: /opt/buildroot-gcc342/bin
PATH: /opt/buildroot-gdb/bin
PATH: /opt/mipseltools/bin/
PATH: /opt/buildroot_be-gcc346/bin
PATH: /opt/buildroot-be-gcc434/usr/bin
PATH: /opt/buildroot_be-gcc44x/usr/bin
PATH: /opt/buildroot-gcc434/usr/bin
PATH: /opt/rsdk-1.3.6-4181-EB-2.6.30-0.9.30/bin
PATH: /opt/rsdk-1.3.6-5281-EB-2.6.30-0.9.30/bin
PATH: /opt/ubicom32-elf-toolchain/bin
PATH: /opt/arm-none-linux-gnueabi-4.4.0_ARMv5TE/bin
PATH: /opt/arm-unknown-linux-uclibcgnueabi-4.4.0_ARMv5TE/bin


## ----------- ##
## Core tests. ##
## ----------- ##

configure:1312: checking for mips-linux-gnu3-gcc
configure:1338: result: mips-linux-gnu3-gcc
configure:1620: checking for C compiler version
configure:1623: mips-linux-gnu3-gcc --version </dev/null >&5
mips-linux-gnu3-gcc (Buildroot 2010.05) 4.3.4
Copyright (C) 2008 Free Software Foundation, Inc.
This is free software; see the source for copying conditions.  There is NO
warranty; not even for MERCHANTABILITY or FITNESS FOR A PARTICULAR PURPOSE.

configure:1626: $? = 0
configure:1628: mips-linux-gnu3-gcc -v </dev/null >&5
Using built-in specs.
Target: mips-unknown-linux-uclibc
Configured with: /toolchains_gcc434_src/buildroot-2010.05_MIPS_2633_TZ/output/toolchain/gcc-4.3.4/configure --prefix=/usr --build=i686-pc-linux-gnu --host=i686-pc-linux-gnu --target=mips-unknown-linux-uclibc --enable-languages=c,c++ --with-sysroot=/opt/buildroot-be-gcc434 --with-build-time-tools=/opt/buildroot-be-gcc434/usr/mips-unknown-linux-uclibc/bin --disable-__cxa_atexit --enable-target-optspace --with-gnu-ld --disable-libssp --enable-tls --enable-shared --with-gmp=/toolchains_gcc434_src/buildroot-2010.05_MIPS_2633_TZ/output/toolchain/gmp --with-mpfr=/toolchains_gcc434_src/buildroot-2010.05_MIPS_2633_TZ/output/toolchain/mpfr --disable-nls --enable-threads --disable-multilib --disable-decimal-float --with-float=soft --with-abi=32 --with-tune=mips32r2 --with-pkgversion='Buildroot 2010.05' --with-bugurl=http://bugs.buildroot.net/
Thread model: posix
gcc version 4.3.4 (Buildroot 2010.05) 
configure:1631: $? = 0
configure:1633: mips-linux-gnu3-gcc -V </dev/null >&5
mips-linux-gnu3-gcc: '-V' option must have argument
configure:1636: $? = 1
configure:1659: checking for C compiler default output file name
configure:1662: mips-linux-gnu3-gcc -D__NO_CTYPE  -DLinux -fomit-frame-pointer -pipe -D__linux__ -Dunix -DEMBED -funit-at-a-time -I/opt/buildroot-be-gcc434/usr/include -fPIC -funit-at-a-time -Os -DFOR_ATHEROS_PLATFORM=1 -DFOR_AR934x=1 -DFOR_AR955x=1 -DRUN_SYSTEM_AS_ROOT=1 -DSYSTEM_IS_LITTLE_ENDIAN=0 -DSYSTEM_IS_BIG_ENDIAN=1 -DUSE_UCLIB=1 -DTARGET=1 -DHAS_ATHRS_S17C_CONFIG=1 -D_s17_hwaccel -I/ISD2/configs/h   conftest.c  >&5
configure:1665: $? = 0
configure:1711: result: a.out
configure:1716: checking whether the C compiler works
configure:1742: result: yes
configure:1749: checking whether we are cross compiling
configure:1751: result: yes
configure:1754: checking for suffix of executables
configure:1756: mips-linux-gnu3-gcc -o conftest -D__NO_CTYPE  -DLinux -fomit-frame-pointer -pipe -D__linux__ -Dunix -DEMBED -funit-at-a-time -I/opt/buildroot-be-gcc434/usr/include -fPIC -funit-at-a-time -Os -DFOR_ATHEROS_PLATFORM=1 -DFOR_AR934x=1 -DFOR_AR955x=1 -DRUN_SYSTEM_AS_ROOT=1 -DSYSTEM_IS_LITTLE_ENDIAN=0 -DSYSTEM_IS_BIG_ENDIAN=1 -DUSE_UCLIB=1 -DTARGET=1 -DHAS_ATHRS_S17C_CONFIG=1 -D_s17_hwaccel -I/ISD2/configs/h   conftest.c  >&5
configure:1759: $? = 0
configure:1784: result: 
configure:1790: checking for suffix of object files
configure:1811: mips-linux-gnu3-gcc -c -D__NO_CTYPE  -DLinux -fomit-frame-pointer -pipe -D__linux__ -Dunix -DEMBED -funit-at-a-time -I/opt/buildroot-be-gcc434/usr/include -fPIC -funit-at-a-time -Os -DFOR_ATHEROS_PLATFORM=1 -DFOR_AR934x=1 -DFOR_AR955x=1 -DRUN_SYSTEM_AS_ROOT=1 -DSYSTEM_IS_LITTLE_ENDIAN=0 -DSYSTEM_IS_BIG_ENDIAN=1 -DUSE_UCLIB=1 -DTARGET=1 -DHAS_ATHRS_S17C_CONFIG=1 -D_s17_hwaccel -I/ISD2/configs/h  conftest.c >&5
configure:1814: $? = 0
configure:1836: result: o
configure:1840: checking whether we are using the GNU C compiler
configure:1864: mips-linux-gnu3-gcc -c -D__NO_CTYPE  -DLinux -fomit-frame-pointer -pipe -D__linux__ -Dunix -DEMBED -funit-at-a-time -I/opt/buildroot-be-gcc434/usr/include -fPIC -funit-at-a-time -Os -DFOR_ATHEROS_PLATFORM=1 -DFOR_AR934x=1 -DFOR_AR955x=1 -DRUN_SYSTEM_AS_ROOT=1 -DSYSTEM_IS_LITTLE_ENDIAN=0 -DSYSTEM_IS_BIG_ENDIAN=1 -DUSE_UCLIB=1 -DTARGET=1 -DHAS_ATHRS_S17C_CONFIG=1 -D_s17_hwaccel -I/ISD2/configs/h  conftest.c >&5
configure:1870: $? = 0
configure:1873: test -z 			 || test ! -s conftest.err
configure:1876: $? = 0
configure:1879: test -s conftest.o
configure:1882: $? = 0
configure:1895: result: yes
configure:1901: checking whether mips-linux-gnu3-gcc accepts -g
configure:1922: mips-linux-gnu3-gcc -c -g  conftest.c >&5
configure:1928: $? = 0
configure:1931: test -z 			 || test ! -s conftest.err
configure:1934: $? = 0
configure:1937: test -s conftest.o
configure:1940: $? = 0
configure:1951: result: yes
configure:1968: checking for mips-linux-gnu3-gcc option to accept ANSI C
configure:2038: mips-linux-gnu3-gcc  -c -D__NO_CTYPE  -DLinux -fomit-frame-pointer -pipe -D__linux__ -Dunix -DEMBED -funit-at-a-time -I/opt/buildroot-be-gcc434/usr/include -fPIC -funit-at-a-time -Os -DFOR_ATHEROS_PLATFORM=1 -DFOR_AR934x=1 -DFOR_AR955x=1 -DRUN_SYSTEM_AS_ROOT=1 -DSYSTEM_IS_LITTLE_ENDIAN=0 -DSYSTEM_IS_BIG_ENDIAN=1 -DUSE_UCLIB=1 -DTARGET=1 -DHAS_ATHRS_S17C_CONFIG=1 -D_s17_hwaccel -I/ISD2/configs/h  conftest.c >&5
configure:2044: $? = 0
configure:2047: test -z 			 || test ! -s conftest.err
configure:2050: $? = 0
configure:2053: test -s conftest.o
configure:2056: $? = 0
configure:2074: result: none needed
configure:2092: mips-linux-gnu3-gcc -c -D__NO_CTYPE  -DLinux -fomit-frame-pointer -pipe -D__linux__ -Dunix -DEMBED -funit-at-a-time -I/opt/buildroot-be-gcc434/usr/include -fPIC -funit-at-a-time -Os -DFOR_ATHEROS_PLATFORM=1 -DFOR_AR934x=1 -DFOR_AR955x=1 -DRUN_SYSTEM_AS_ROOT=1 -DSYSTEM_IS_LITTLE_ENDIAN=0 -DSYSTEM_IS_BIG_ENDIAN=1 -DUSE_UCLIB=1 -DTARGET=1 -DHAS_ATHRS_S17C_CONFIG=1 -D_s17_hwaccel -I/ISD2/configs/h  conftest.c >&5
conftest.c:2: error: expected '=', ',', ';', 'asm' or '__attribute__' before 'me'
configure:2098: $? = 1
configure: failed program was:
| #ifndef __cplusplus
|   choke me
| #endif
configure:2231: checking for mips-linux-gnu3-ranlib
configure:2247: found /opt/buildroot-be-gcc434/usr/bin/mips-linux-gnu3-ranlib
configure:2257: result: mips-linux-gnu3-ranlib
configure:2316: checking how to run the C preprocessor
configure:2351: mips-linux-gnu3-gcc -E  conftest.c
configure:2357: $? = 0
configure:2389: mips-linux-gnu3-gcc -E  conftest.c
conftest.c:9:28: error: ac_nonexistent.h: No such file or directory
configure:2395: $? = 1
configure: failed program was:
| /* confdefs.h.  */
| 
| #define PACKAGE_NAME ""
| #define PACKAGE_TARNAME ""
| #define PACKAGE_VERSION ""
| #define PACKAGE_STRING ""
| #define PACKAGE_BUGREPORT ""
| /* end confdefs.h.  */
| #include <ac_nonexistent.h>
configure:2434: result: mips-linux-gnu3-gcc -E
configure:2458: mips-linux-gnu3-gcc -E  conftest.c
configure:2464: $? = 0
configure:2496: mips-linux-gnu3-gcc -E  conftest.c
conftest.c:9:28: error: ac_nonexistent.h: No such file or directory
configure:2502: $? = 1
configure: failed program was:
| /* confdefs.h.  */
| 
| #define PACKAGE_NAME ""
| #define PACKAGE_TARNAME ""
| #define PACKAGE_VERSION ""
| #define PACKAGE_STRING ""
| #define PACKAGE_BUGREPORT ""
| /* end confdefs.h.  */
| #include <ac_nonexistent.h>
configure:2546: checking for egrep
configure:2556: result: grep -E
configure:2561: checking for ANSI C header files
configure:2586: mips-linux-gnu3-gcc -c -D__NO_CTYPE  -DLinux -fomit-frame-pointer -pipe -D__linux__ -Dunix -DEMBED -funit-at-a-time -I/opt/buildroot-be-gcc434/usr/include -fPIC -funit-at-a-time -Os -DFOR_ATHEROS_PLATFORM=1 -DFOR_AR934x=1 -DFOR_AR955x=1 -DRUN_SYSTEM_AS_ROOT=1 -DSYSTEM_IS_LITTLE_ENDIAN=0 -DSYSTEM_IS_BIG_ENDIAN=1 -DUSE_UCLIB=1 -DTARGET=1 -DHAS_ATHRS_S17C_CONFIG=1 -D_s17_hwaccel -I/ISD2/configs/h  conftest.c >&5
configure:2592: $? = 0
configure:2595: test -z 			 || test ! -s conftest.err
configure:2598: $? = 0
configure:2601: test -s conftest.o
configure:2604: $? = 0
configure:2716: result: yes
configure:2726: checking for sys/wait.h that is POSIX.1 compatible
configure:2757: mips-linux-gnu3-gcc -c -D__NO_CTYPE  -DLinux -fomit-frame-pointer -pipe -D__linux__ -Dunix -DEMBED -funit-at-a-time -I/opt/buildroot-be-gcc434/usr/include -fPIC -funit-at-a-time -Os -DFOR_ATHEROS_PLATFORM=1 -DFOR_AR934x=1 -DFOR_AR955x=1 -DRUN_SYSTEM_AS_ROOT=1 -DSYSTEM_IS_LITTLE_ENDIAN=0 -DSYSTEM_IS_BIG_ENDIAN=1 -DUSE_UCLIB=1 -DTARGET=1 -DHAS_ATHRS_S17C_CONFIG=1 -D_s17_hwaccel -I/ISD2/configs/h  conftest.c >&5
configure:2763: $? = 0
configure:2766: test -z 			 || test ! -s conftest.err
configure:2769: $? = 0
configure:2772: test -s conftest.o
configure:2775: $? = 0
configure:2786: result: yes
configure:2810: checking for sys/types.h
configure:2826: mips-linux-gnu3-gcc -c -D__NO_CTYPE  -DLinux -fomit-frame-pointer -pipe -D__linux__ -Dunix -DEMBED -funit-at-a-time -I/opt/buildroot-be-gcc434/usr/include -fPIC -funit-at-a-time -Os -DFOR_ATHEROS_PLATFORM=1 -DFOR_AR934x=1 -DFOR_AR955x=1 -DRUN_SYSTEM_AS_ROOT=1 -DSYSTEM_IS_LITTLE_ENDIAN=0 -DSYSTEM_IS_BIG_ENDIAN=1 -DUSE_UCLIB=1 -DTARGET=1 -DHAS_ATHRS_S17C_CONFIG=1 -D_s17_hwaccel -I/ISD2/configs/h  conftest.c >&5
configure:2832: $? = 0
configure:2835: test -z 			 || test ! -s conftest.err
configure:2838: $? = 0
configure:2841: test -s conftest.o
configure:2844: $? = 0
configure:2855: result: yes
configure:2810: checking for sys/stat.h
configure:2826: mips-linux-gnu3-gcc -c -D__NO_CTYPE  -DLinux -fomit-frame-pointer -pipe -D__linux__ -Dunix -DEMBED -funit-at-a-time -I/opt/buildroot-be-gcc434/usr/include -fPIC -funit-at-a-time -Os -DFOR_ATHEROS_PLATFORM=1 -DFOR_AR934x=1 -DFOR_AR955x=1 -DRUN_SYSTEM_AS_ROOT=1 -DSYSTEM_IS_LITTLE_ENDIAN=0 -DSYSTEM_IS_BIG_ENDIAN=1 -DUSE_UCLIB=1 -DTARGET=1 -DHAS_ATHRS_S17C_CONFIG=1 -D_s17_hwaccel -I/ISD2/configs/h  conftest.c >&5
configure:2832: $? = 0
configure:2835: test -z 			 || test ! -s conftest.err
configure:2838: $? = 0
configure:2841: test -s conftest.o
configure:2844: $? = 0
configure:2855: result: yes
configure:2810: checking for stdlib.h
configure:2826: mips-linux-gnu3-gcc -c -D__NO_CTYPE  -DLinux -fomit-frame-pointer -pipe -D__linux__ -Dunix -DEMBED -funit-at-a-time -I/opt/buildroot-be-gcc434/usr/include -fPIC -funit-at-a-time -Os -DFOR_ATHEROS_PLATFORM=1 -DFOR_AR934x=1 -DFOR_AR955x=1 -DRUN_SYSTEM_AS_ROOT=1 -DSYSTEM_IS_LITTLE_ENDIAN=0 -DSYSTEM_IS_BIG_ENDIAN=1 -DUSE_UCLIB=1 -DTARGET=1 -DHAS_ATHRS_S17C_CONFIG=1 -D_s17_hwaccel -I/ISD2/configs/h  conftest.c >&5
configure:2832: $? = 0
configure:2835: test -z 			 || test ! -s conftest.err
configure:2838: $? = 0
configure:2841: test -s conftest.o
configure:2844: $? = 0
configure:2855: result: yes
configure:2810: checking for string.h
configure:2826: mips-linux-gnu3-gcc -c -D__NO_CTYPE  -DLinux -fomit-frame-pointer -pipe -D__linux__ -Dunix -DEMBED -funit-at-a-time -I/opt/buildroot-be-gcc434/usr/include -fPIC -funit-at-a-time -Os -DFOR_ATHEROS_PLATFORM=1 -DFOR_AR934x=1 -DFOR_AR955x=1 -DRUN_SYSTEM_AS_ROOT=1 -DSYSTEM_IS_LITTLE_ENDIAN=0 -DSYSTEM_IS_BIG_ENDIAN=1 -DUSE_UCLIB=1 -DTARGET=1 -DHAS_ATHRS_S17C_CONFIG=1 -D_s17_hwaccel -I/ISD2/configs/h  conftest.c >&5
configure:2832: $? = 0
configure:2835: test -z 			 || test ! -s conftest.err
configure:2838: $? = 0
configure:2841: test -s conftest.o
configure:2844: $? = 0
configure:2855: result: yes
configure:2810: checking for memory.h
configure:2826: mips-linux-gnu3-gcc -c -D__NO_CTYPE  -DLinux -fomit-frame-pointer -pipe -D__linux__ -Dunix -DEMBED -funit-at-a-time -I/opt/buildroot-be-gcc434/usr/include -fPIC -funit-at-a-time -Os -DFOR_ATHEROS_PLATFORM=1 -DFOR_AR934x=1 -DFOR_AR955x=1 -DRUN_SYSTEM_AS_ROOT=1 -DSYSTEM_IS_LITTLE_ENDIAN=0 -DSYSTEM_IS_BIG_ENDIAN=1 -DUSE_UCLIB=1 -DTARGET=1 -DHAS_ATHRS_S17C_CONFIG=1 -D_s17_hwaccel -I/ISD2/configs/h  conftest.c >&5
configure:2832: $? = 0
configure:2835: test -z 			 || test ! -s conftest.err
configure:2838: $? = 0
configure:2841: test -s conftest.o
configure:2844: $? = 0
configure:2855: result: yes
configure:2810: checking for strings.h
configure:2826: mips-linux-gnu3-gcc -c -D__NO_CTYPE  -DLinux -fomit-frame-pointer -pipe -D__linux__ -Dunix -DEMBED -funit-at-a-time -I/opt/buildroot-be-gcc434/usr/include -fPIC -funit-at-a-time -Os -DFOR_ATHEROS_PLATFORM=1 -DFOR_AR934x=1 -DFOR_AR955x=1 -DRUN_SYSTEM_AS_ROOT=1 -DSYSTEM_IS_LITTLE_ENDIAN=0 -DSYSTEM_IS_BIG_ENDIAN=1 -DUSE_UCLIB=1 -DTARGET=1 -DHAS_ATHRS_S17C_CONFIG=1 -D_s17_hwaccel -I/ISD2/configs/h  conftest.c >&5
configure:2832: $? = 0
configure:2835: test -z 			 || test ! -s conftest.err
configure:2838: $? = 0
configure:2841: test -s conftest.o
configure:2844: $? = 0
configure:2855: result: yes
configure:2810: checking for inttypes.h
configure:2826: mips-linux-gnu3-gcc -c -D__NO_CTYPE  -DLinux -fomit-frame-pointer -pipe -D__linux__ -Dunix -DEMBED -funit-at-a-time -I/opt/buildroot-be-gcc434/usr/include -fPIC -funit-at-a-time -Os -DFOR_ATHEROS_PLATFORM=1 -DFOR_AR934x=1 -DFOR_AR955x=1 -DRUN_SYSTEM_AS_ROOT=1 -DSYSTEM_IS_LITTLE_ENDIAN=0 -DSYSTEM_IS_BIG_ENDIAN=1 -DUSE_UCLIB=1 -DTARGET=1 -DHAS_ATHRS_S17C_CONFIG=1 -D_s17_hwaccel -I/ISD2/configs/h  conftest.c >&5
configure:2832: $? = 0
configure:2835: test -z 			 || test ! -s conftest.err
configure:2838: $? = 0
configure:2841: test -s conftest.o
configure:2844: $? = 0
configure:2855: result: yes
configure:2810: checking for stdint.h
configure:2826: mips-linux-gnu3-gcc -c -D__NO_CTYPE  -DLinux -fomit-frame-pointer -pipe -D__linux__ -Dunix -DEMBED -funit-at-a-time -I/opt/buildroot-be-gcc434/usr/include -fPIC -funit-at-a-time -Os -DFOR_ATHEROS_PLATFORM=1 -DFOR_AR934x=1 -DFOR_AR955x=1 -DRUN_SYSTEM_AS_ROOT=1 -DSYSTEM_IS_LITTLE_ENDIAN=0 -DSYSTEM_IS_BIG_ENDIAN=1 -DUSE_UCLIB=1 -DTARGET=1 -DHAS_ATHRS_S17C_CONFIG=1 -D_s17_hwaccel -I/ISD2/configs/h  conftest.c >&5
configure:2832: $? = 0
configure:2835: test -z 			 || test ! -s conftest.err
configure:2838: $? = 0
configure:2841: test -s conftest.o
configure:2844: $? = 0
configure:2855: result: yes
configure:2810: checking for unistd.h
configure:2826: mips-linux-gnu3-gcc -c -D__NO_CTYPE  -DLinux -fomit-frame-pointer -pipe -D__linux__ -Dunix -DEMBED -funit-at-a-time -I/opt/buildroot-be-gcc434/usr/include -fPIC -funit-at-a-time -Os -DFOR_ATHEROS_PLATFORM=1 -DFOR_AR934x=1 -DFOR_AR955x=1 -DRUN_SYSTEM_AS_ROOT=1 -DSYSTEM_IS_LITTLE_ENDIAN=0 -DSYSTEM_IS_BIG_ENDIAN=1 -DUSE_UCLIB=1 -DTARGET=1 -DHAS_ATHRS_S17C_CONFIG=1 -D_s17_hwaccel -I/ISD2/configs/h  conftest.c >&5
configure:2832: $? = 0
configure:2835: test -z 			 || test ! -s conftest.err
configure:2838: $? = 0
configure:2841: test -s conftest.o
configure:2844: $? = 0
configure:2855: result: yes
configure:2907: checking fcntl.h usability
configure:2919: mips-linux-gnu3-gcc -c -D__NO_CTYPE  -DLinux -fomit-frame-pointer -pipe -D__linux__ -Dunix -DEMBED -funit-at-a-time -I/opt/buildroot-be-gcc434/usr/include -fPIC -funit-at-a-time -Os -DFOR_ATHEROS_PLATFORM=1 -DFOR_AR934x=1 -DFOR_AR955x=1 -DRUN_SYSTEM_AS_ROOT=1 -DSYSTEM_IS_LITTLE_ENDIAN=0 -DSYSTEM_IS_BIG_ENDIAN=1 -DUSE_UCLIB=1 -DTARGET=1 -DHAS_ATHRS_S17C_CONFIG=1 -D_s17_hwaccel -I/ISD2/configs/h  conftest.c >&5
configure:2925: $? = 0
configure:2928: test -z 			 || test ! -s conftest.err
configure:2931: $? = 0
configure:2934: test -s conftest.o
configure:2937: $? = 0
configure:2947: result: yes
configure:2951: checking fcntl.h presence
configure:2961: mips-linux-gnu3-gcc -E  conftest.c
configure:2967: $? = 0
configure:2987: result: yes
configure:3022: checking for fcntl.h
configure:3029: result: yes
configure:2907: checking sys/dlpi.h usability
configure:2919: mips-linux-gnu3-gcc -c -D__NO_CTYPE  -DLinux -fomit-frame-pointer -pipe -D__linux__ -Dunix -DEMBED -funit-at-a-time -I/opt/buildroot-be-gcc434/usr/include -fPIC -funit-at-a-time -Os -DFOR_ATHEROS_PLATFORM=1 -DFOR_AR934x=1 -DFOR_AR955x=1 -DRUN_SYSTEM_AS_ROOT=1 -DSYSTEM_IS_LITTLE_ENDIAN=0 -DSYSTEM_IS_BIG_ENDIAN=1 -DUSE_UCLIB=1 -DTARGET=1 -DHAS_ATHRS_S17C_CONFIG=1 -D_s17_hwaccel -I/ISD2/configs/h  conftest.c >&5
conftest.c:55:22: error: sys/dlpi.h: No such file or directory
configure:2925: $? = 1
configure: failed program was:
| /* confdefs.h.  */
| 
| #define PACKAGE_NAME ""
| #define PACKAGE_TARNAME ""
| #define PACKAGE_VERSION ""
| #define PACKAGE_STRING ""
| #define PACKAGE_BUGREPORT ""
| #define STDC_HEADERS 1
| #define HAVE_SYS_WAIT_H 1
| #define HAVE_SYS_TYPES_H 1
| #define HAVE_SYS_STAT_H 1
| #define HAVE_STDLIB_H 1
| #define HAVE_STRING_H 1
| #define HAVE_MEMORY_H 1
| #define HAVE_STRINGS_H 1
| #define HAVE_INTTYPES_H 1
| #define HAVE_STDINT_H 1
| #define HAVE_UNISTD_H 1
| #define HAVE_FCNTL_H 1
| /* end confdefs.h.  */
| #include <stdio.h>
| #if HAVE_SYS_TYPES_H
| # include <sys/types.h>
| #endif
| #if HAVE_SYS_STAT_H
| # include <sys/stat.h>
| #endif
| #if STDC_HEADERS
| # include <stdlib.h>
| # include <stddef.h>
| #else
| # if HAVE_STDLIB_H
| #  include <stdlib.h>
| # endif
| #endif
| #if HAVE_STRING_H
| # if !STDC_HEADERS && HAVE_MEMORY_H
| #  include <memory.h>
| # endif
| # include <string.h>
| #endif
| #if HAVE_STRINGS_H
| # include <strings.h>
| #endif
| #if HAVE_INTTYPES_H
| # include <inttypes.h>
| #else
| # if HAVE_STDINT_H
| #  include <stdint.h>
| # endif
| #endif
| #if HAVE_UNISTD_H
| # include <unistd.h>
| #endif
| #include <sys/dlpi.h>
configure:2947: result: no
configure:2951: checking sys/dlpi.h presence
configure:2961: mips-linux-gnu3-gcc -E  conftest.c
conftest.c:21:22: error: sys/dlpi.h: No such file or directory
configure:2967: $? = 1
configure: failed program was:
| /* confdefs.h.  */
| 
| #define PACKAGE_NAME ""
| #define PACKAGE_TARNAME ""
| #define PACKAGE_VERSION ""
| #define PACKAGE_STRING ""
| #define PACKAGE_BUGREPORT ""
| #define STDC_HEADERS 1
| #define HAVE_SYS_WAIT_H 1
| #define HAVE_SYS_TYPES_H 1
| #define HAVE_SYS_STAT_H 1
| #define HAVE_STDLIB_H 1
| #define HAVE_STRING_H 1
| #define HAVE_MEMORY_H 1
| #define HAVE_STRINGS_H 1
| #define HAVE_INTTYPES_H 1
| #define HAVE_STDINT_H 1
| #define HAVE_UNISTD_H 1
| #define HAVE_FCNTL_H 1
| /* end confdefs.h.  */
| #include <sys/dlpi.h>
configure:2987: result: no
configure:3022: checking for sys/dlpi.h
configure:3029: result: no
configure:2907: checking sys/ioctl.h usability
configure:2919: mips-linux-gnu3-gcc -c -D__NO_CTYPE  -DLinux -fomit-frame-pointer -pipe -D__linux__ -Dunix -DEMBED -funit-at-a-time -I/opt/buildroot-be-gcc434/usr/include -fPIC -funit-at-a-time -Os -DFOR_ATHEROS_PLATFORM=1 -DFOR_AR934x=1 -DFOR_AR955x=1 -DRUN_SYSTEM_AS_ROOT=1 -DSYSTEM_IS_LITTLE_ENDIAN=0 -DSYSTEM_IS_BIG_ENDIAN=1 -DUSE_UCLIB=1 -DTARGET=1 -DHAS_ATHRS_S17C_CONFIG=1 -D_s17_hwaccel -I/ISD2/configs/h  conftest.c >&5
configure:2925: $? = 0
configure:2928: test -z 			 || test ! -s conftest.err
configure:2931: $? = 0
configure:2934: test -s conftest.o
configure:2937: $? = 0
configure:2947: result: yes
configure:2951: checking sys/ioctl.h presence
configure:2961: mips-linux-gnu3-gcc -E  conftest.c
configure:2967: $? = 0
configure:2987: result: yes
configure:3022: checking for sys/ioctl.h
configure:3029: result: yes
configure:2907: checking sys/time.h usability
configure:2919: mips-linux-gnu3-gcc -c -D__NO_CTYPE  -DLinux -fomit-frame-pointer -pipe -D__linux__ -Dunix -DEMBED -funit-at-a-time -I/opt/buildroot-be-gcc434/usr/include -fPIC -funit-at-a-time -Os -DFOR_ATHEROS_PLATFORM=1 -DFOR_AR934x=1 -DFOR_AR955x=1 -DRUN_SYSTEM_AS_ROOT=1 -DSYSTEM_IS_LITTLE_ENDIAN=0 -DSYSTEM_IS_BIG_ENDIAN=1 -DUSE_UCLIB=1 -DTARGET=1 -DHAS_ATHRS_S17C_CONFIG=1 -D_s17_hwaccel -I/ISD2/configs/h  conftest.c >&5
configure:2925: $? = 0
configure:2928: test -z 			 || test ! -s conftest.err
configure:2931: $? = 0
configure:2934: test -s conftest.o
configure:2937: $? = 0
configure:2947: result: yes
configure:2951: checking sys/time.h presence
configure:2961: mips-linux-gnu3-gcc -E  conftest.c
configure:2967: $? = 0
configure:2987: result: yes
configure:3022: checking for sys/time.h
configure:3029: result: yes
configure:2907: checking syslog.h usability
configure:2919: mips-linux-gnu3-gcc -c -D__NO_CTYPE  -DLinux -fomit-frame-pointer -pipe -D__linux__ -Dunix -DEMBED -funit-at-a-time -I/opt/buildroot-be-gcc434/usr/include -fPIC -funit-at-a-time -Os -DFOR_ATHEROS_PLATFORM=1 -DFOR_AR934x=1 -DFOR_AR955x=1 -DRUN_SYSTEM_AS_ROOT=1 -DSYSTEM_IS_LITTLE_ENDIAN=0 -DSYSTEM_IS_BIG_ENDIAN=1 -DUSE_UCLIB=1 -DTARGET=1 -DHAS_ATHRS_S17C_CONFIG=1 -D_s17_hwaccel -I/ISD2/configs/h  conftest.c >&5
configure:2925: $? = 0
configure:2928: test -z 			 || test ! -s conftest.err
configure:2931: $? = 0
configure:2934: test -s conftest.o
configure:2937: $? = 0
configure:2947: result: yes
configure:2951: checking syslog.h presence
configure:2961: mips-linux-gnu3-gcc -E  conftest.c
configure:2967: $? = 0
configure:2987: result: yes
configure:3022: checking for syslog.h
configure:3029: result: yes
configure:2898: checking for unistd.h
configure:2903: result: yes
configure:2907: checking net/if_arp.h usability
configure:2919: mips-linux-gnu3-gcc -c -D__NO_CTYPE  -DLinux -fomit-frame-pointer -pipe -D__linux__ -Dunix -DEMBED -funit-at-a-time -I/opt/buildroot-be-gcc434/usr/include -fPIC -funit-at-a-time -Os -DFOR_ATHEROS_PLATFORM=1 -DFOR_AR934x=1 -DFOR_AR955x=1 -DRUN_SYSTEM_AS_ROOT=1 -DSYSTEM_IS_LITTLE_ENDIAN=0 -DSYSTEM_IS_BIG_ENDIAN=1 -DUSE_UCLIB=1 -DTARGET=1 -DHAS_ATHRS_S17C_CONFIG=1 -D_s17_hwaccel -I/ISD2/configs/h  conftest.c >&5
configure:2925: $? = 0
configure:2928: test -z 			 || test ! -s conftest.err
configure:2931: $? = 0
configure:2934: test -s conftest.o
configure:2937: $? = 0
configure:2947: result: yes
configure:2951: checking net/if_arp.h presence
configure:2961: mips-linux-gnu3-gcc -E  conftest.c
configure:2967: $? = 0
configure:2987: result: yes
configure:3022: checking for net/if_arp.h
configure:3029: result: yes
configure:2907: checking netinet/if_ether.h usability
configure:2919: mips-linux-gnu3-gcc -c -D__NO_CTYPE  -DLinux -fomit-frame-pointer -pipe -D__linux__ -Dunix -DEMBED -funit-at-a-time -I/opt/buildroot-be-gcc434/usr/include -fPIC -funit-at-a-time -Os -DFOR_ATHEROS_PLATFORM=1 -DFOR_AR934x=1 -DFOR_AR955x=1 -DRUN_SYSTEM_AS_ROOT=1 -DSYSTEM_IS_LITTLE_ENDIAN=0 -DSYSTEM_IS_BIG_ENDIAN=1 -DUSE_UCLIB=1 -DTARGET=1 -DHAS_ATHRS_S17C_CONFIG=1 -D_s17_hwaccel -I/ISD2/configs/h  conftest.c >&5
configure:2925: $? = 0
configure:2928: test -z 			 || test ! -s conftest.err
configure:2931: $? = 0
configure:2934: test -s conftest.o
configure:2937: $? = 0
configure:2947: result: yes
configure:2951: checking netinet/if_ether.h presence
configure:2961: mips-linux-gnu3-gcc -E  conftest.c
configure:2967: $? = 0
configure:2987: result: yes
configure:3022: checking for netinet/if_ether.h
configure:3029: result: yes
configure:2907: checking getopt.h usability
configure:2919: mips-linux-gnu3-gcc -c -D__NO_CTYPE  -DLinux -fomit-frame-pointer -pipe -D__linux__ -Dunix -DEMBED -funit-at-a-time -I/opt/buildroot-be-gcc434/usr/include -fPIC -funit-at-a-time -Os -DFOR_ATHEROS_PLATFORM=1 -DFOR_AR934x=1 -DFOR_AR955x=1 -DRUN_SYSTEM_AS_ROOT=1 -DSYSTEM_IS_LITTLE_ENDIAN=0 -DSYSTEM_IS_BIG_ENDIAN=1 -DUSE_UCLIB=1 -DTARGET=1 -DHAS_ATHRS_S17C_CONFIG=1 -D_s17_hwaccel -I/ISD2/configs/h  conftest.c >&5
configure:2925: $? = 0
configure:2928: test -z 			 || test ! -s conftest.err
configure:2931: $? = 0
configure:2934: test -s conftest.o
configure:2937: $? = 0
configure:2947: result: yes
configure:2951: checking getopt.h presence
configure:2961: mips-linux-gnu3-gcc -E  conftest.c
configure:2967: $? = 0
configure:2987: result: yes
configure:3022: checking for getopt.h
configure:3029: result: yes
configure:2907: checking sys/uio.h usability
configure:2919: mips-linux-gnu3-gcc -c -D__NO_CTYPE  -DLinux -fomit-frame-pointer -pipe -D__linux__ -Dunix -DEMBED -funit-at-a-time -I/opt/buildroot-be-gcc434/usr/include -fPIC -funit-at-a-time -Os -DFOR_ATHEROS_PLATFORM=1 -DFOR_AR934x=1 -DFOR_AR955x=1 -DRUN_SYSTEM_AS_ROOT=1 -DSYSTEM_IS_LITTLE_ENDIAN=0 -DSYSTEM_IS_BIG_ENDIAN=1 -DUSE_UCLIB=1 -DTARGET=1 -DHAS_ATHRS_S17C_CONFIG=1 -D_s17_hwaccel -I/ISD2/configs/h  conftest.c >&5
configure:2925: $? = 0
configure:2928: test -z 			 || test ! -s conftest.err
configure:2931: $? = 0
configure:2934: test -s conftest.o
configure:2937: $? = 0
configure:2947: result: yes
configure:2951: checking sys/uio.h presence
configure:2961: mips-linux-gnu3-gcc -E  conftest.c
configure:2967: $? = 0
configure:2987: result: yes
configure:3022: checking for sys/uio.h
configure:3029: result: yes
configure:2907: checking sys/param.h usability
configure:2919: mips-linux-gnu3-gcc -c -D__NO_CTYPE  -DLinux -fomit-frame-pointer -pipe -D__linux__ -Dunix -DEMBED -funit-at-a-time -I/opt/buildroot-be-gcc434/usr/include -fPIC -funit-at-a-time -Os -DFOR_ATHEROS_PLATFORM=1 -DFOR_AR934x=1 -DFOR_AR955x=1 -DRUN_SYSTEM_AS_ROOT=1 -DSYSTEM_IS_LITTLE_ENDIAN=0 -DSYSTEM_IS_BIG_ENDIAN=1 -DUSE_UCLIB=1 -DTARGET=1 -DHAS_ATHRS_S17C_CONFIG=1 -D_s17_hwaccel -I/ISD2/configs/h  conftest.c >&5
configure:2925: $? = 0
configure:2928: test -z 			 || test ! -s conftest.err
configure:2931: $? = 0
configure:2934: test -s conftest.o
configure:2937: $? = 0
configure:2947: result: yes
configure:2951: checking sys/param.h presence
configure:2961: mips-linux-gnu3-gcc -E  conftest.c
configure:2967: $? = 0
configure:2987: result: yes
configure:3022: checking for sys/param.h
configure:3029: result: yes
configure:2898: checking for fcntl.h
configure:2903: result: yes
configure:2907: checking net/bpf.h usability
configure:2919: mips-linux-gnu3-gcc -c -D__NO_CTYPE  -DLinux -fomit-frame-pointer -pipe -D__linux__ -Dunix -DEMBED -funit-at-a-time -I/opt/buildroot-be-gcc434/usr/include -fPIC -funit-at-a-time -Os -DFOR_ATHEROS_PLATFORM=1 -DFOR_AR934x=1 -DFOR_AR955x=1 -DRUN_SYSTEM_AS_ROOT=1 -DSYSTEM_IS_LITTLE_ENDIAN=0 -DSYSTEM_IS_BIG_ENDIAN=1 -DUSE_UCLIB=1 -DTARGET=1 -DHAS_ATHRS_S17C_CONFIG=1 -D_s17_hwaccel -I/ISD2/configs/h  conftest.c >&5
conftest.c:65:21: error: net/bpf.h: No such file or directory
configure:2925: $? = 1
configure: failed program was:
| /* confdefs.h.  */
| 
| #define PACKAGE_NAME ""
| #define PACKAGE_TARNAME ""
| #define PACKAGE_VERSION ""
| #define PACKAGE_STRING ""
| #define PACKAGE_BUGREPORT ""
| #define STDC_HEADERS 1
| #define HAVE_SYS_WAIT_H 1
| #define HAVE_SYS_TYPES_H 1
| #define HAVE_SYS_STAT_H 1
| #define HAVE_STDLIB_H 1
| #define HAVE_STRING_H 1
| #define HAVE_MEMORY_H 1
| #define HAVE_STRINGS_H 1
| #define HAVE_INTTYPES_H 1
| #define HAVE_STDINT_H 1
| #define HAVE_UNISTD_H 1
| #define HAVE_FCNTL_H 1
| #define HAVE_SYS_IOCTL_H 1
| #define HAVE_SYS_TIME_H 1
| #define HAVE_SYSLOG_H 1
| #define HAVE_UNISTD_H 1
| #define HAVE_NET_IF_ARP_H 1
| #define HAVE_NETINET_IF_ETHER_H 1
| #define HAVE_GETOPT_H 1
| #define HAVE_SYS_UIO_H 1
| #define HAVE_SYS_PARAM_H 1
| #define HAVE_FCNTL_H 1
| /* end confdefs.h.  */
| #include <stdio.h>
| #if HAVE_SYS_TYPES_H
| # include <sys/types.h>
| #endif
| #if HAVE_SYS_STAT_H
| # include <sys/stat.h>
| #endif
| #if STDC_HEADERS
| # include <stdlib.h>
| # include <stddef.h>
| #else
| # if HAVE_STDLIB_H
| #  include <stdlib.h>
| # endif
| #endif
| #if HAVE_STRING_H
| # if !STDC_HEADERS && HAVE_MEMORY_H
| #  include <memory.h>
| # endif
| # include <string.h>
| #endif
| #if HAVE_STRINGS_H
| # include <strings.h>
| #endif
| #if HAVE_INTTYPES_H
| # include <inttypes.h>
| #else
| # if HAVE_STDINT_H
| #  include <stdint.h>
| # endif
| #endif
| #if HAVE_UNISTD_H
| # include <unistd.h>
| #endif
| #include <net/bpf.h>
configure:2947: result: no
configure:2951: checking net/bpf.h presence
configure:2961: mips-linux-gnu3-gcc -E  conftest.c
conftest.c:31:21: error: net/bpf.h: No such file or directory
configure:2967: $? = 1
configure: failed program was:
| /* confdefs.h.  */
| 
| #define PACKAGE_NAME ""
| #define PACKAGE_TARNAME ""
| #define PACKAGE_VERSION ""
| #define PACKAGE_STRING ""
| #define PACKAGE_BUGREPORT ""
| #define STDC_HEADERS 1
| #define HAVE_SYS_WAIT_H 1
| #define HAVE_SYS_TYPES_H 1
| #define HAVE_SYS_STAT_H 1
| #define HAVE_STDLIB_H 1
| #define HAVE_STRING_H 1
| #define HAVE_MEMORY_H 1
| #define HAVE_STRINGS_H 1
| #define HAVE_INTTYPES_H 1
| #define HAVE_STDINT_H 1
| #define HAVE_UNISTD_H 1
| #define HAVE_FCNTL_H 1
| #define HAVE_SYS_IOCTL_H 1
| #define HAVE_SYS_TIME_H 1
| #define HAVE_SYSLOG_H 1
| #define HAVE_UNISTD_H 1
| #define HAVE_NET_IF_ARP_H 1
| #define HAVE_NETINET_IF_ETHER_H 1
| #define HAVE_GETOPT_H 1
| #define HAVE_SYS_UIO_H 1
| #define HAVE_SYS_PARAM_H 1
| #define HAVE_FCNTL_H 1
| /* end confdefs.h.  */
| #include <net/bpf.h>
configure:2987: result: no
configure:3022: checking for net/bpf.h
configure:3029: result: no
configure:2907: checking netpacket/packet.h usability
configure:2919: mips-linux-gnu3-gcc -c -D__NO_CTYPE  -DLinux -fomit-frame-pointer -pipe -D__linux__ -Dunix -DEMBED -funit-at-a-time -I/opt/buildroot-be-gcc434/usr/include -fPIC -funit-at-a-time -Os -DFOR_ATHEROS_PLATFORM=1 -DFOR_AR934x=1 -DFOR_AR955x=1 -DRUN_SYSTEM_AS_ROOT=1 -DSYSTEM_IS_LITTLE_ENDIAN=0 -DSYSTEM_IS_BIG_ENDIAN=1 -DUSE_UCLIB=1 -DTARGET=1 -DHAS_ATHRS_S17C_CONFIG=1 -D_s17_hwaccel -I/ISD2/configs/h  conftest.c >&5
configure:2925: $? = 0
configure:2928: test -z 			 || test ! -s conftest.err
configure:2931: $? = 0
configure:2934: test -s conftest.o
configure:2937: $? = 0
configure:2947: result: yes
configure:2951: checking netpacket/packet.h presence
configure:2961: mips-linux-gnu3-gcc -E  conftest.c
configure:2967: $? = 0
configure:2987: result: yes
configure:3022: checking for netpacket/packet.h
configure:3029: result: yes
configure:2907: checking net/ethernet.h usability
configure:2919: mips-linux-gnu3-gcc -c -D__NO_CTYPE  -DLinux -fomit-frame-pointer -pipe -D__linux__ -Dunix -DEMBED -funit-at-a-time -I/opt/buildroot-be-gcc434/usr/include -fPIC -funit-at-a-time -Os -DFOR_ATHEROS_PLATFORM=1 -DFOR_AR934x=1 -DFOR_AR955x=1 -DRUN_SYSTEM_AS_ROOT=1 -DSYSTEM_IS_LITTLE_ENDIAN=0 -DSYSTEM_IS_BIG_ENDIAN=1 -DUSE_UCLIB=1 -DTARGET=1 -DHAS_ATHRS_S17C_CONFIG=1 -D_s17_hwaccel -I/ISD2/configs/h  conftest.c >&5
configure:2925: $? = 0
configure:2928: test -z 			 || test ! -s conftest.err
configure:2931: $? = 0
configure:2934: test -s conftest.o
configure:2937: $? = 0
configure:2947: result: yes
configure:2951: checking net/ethernet.h presence
configure:2961: mips-linux-gnu3-gcc -E  conftest.c
configure:2967: $? = 0
configure:2987: result: yes
configure:3022: checking for net/ethernet.h
configure:3029: result: yes
configure:2907: checking asm/types.h usability
configure:2919: mips-linux-gnu3-gcc -c -D__NO_CTYPE  -DLinux -fomit-frame-pointer -pipe -D__linux__ -Dunix -DEMBED -funit-at-a-time -I/opt/buildroot-be-gcc434/usr/include -fPIC -funit-at-a-time -Os -DFOR_ATHEROS_PLATFORM=1 -DFOR_AR934x=1 -DFOR_AR955x=1 -DRUN_SYSTEM_AS_ROOT=1 -DSYSTEM_IS_LITTLE_ENDIAN=0 -DSYSTEM_IS_BIG_ENDIAN=1 -DUSE_UCLIB=1 -DTARGET=1 -DHAS_ATHRS_S17C_CONFIG=1 -D_s17_hwaccel -I/ISD2/configs/h  conftest.c >&5
configure:2925: $? = 0
configure:2928: test -z 			 || test ! -s conftest.err
configure:2931: $? = 0
configure:2934: test -s conftest.o
configure:2937: $? = 0
configure:2947: result: yes
configure:2951: checking asm/types.h presence
configure:2961: mips-linux-gnu3-gcc -E  conftest.c
configure:2967: $? = 0
configure:2987: result: yes
configure:3022: checking for asm/types.h
configure:3029: result: yes
configure:2907: checking linux/if_packet.h usability
configure:2919: mips-linux-gnu3-gcc -c -D__NO_CTYPE  -DLinux -fomit-frame-pointer -pipe -D__linux__ -Dunix -DEMBED -funit-at-a-time -I/opt/buildroot-be-gcc434/usr/include -fPIC -funit-at-a-time -Os -DFOR_ATHEROS_PLATFORM=1 -DFOR_AR934x=1 -DFOR_AR955x=1 -DRUN_SYSTEM_AS_ROOT=1 -DSYSTEM_IS_LITTLE_ENDIAN=0 -DSYSTEM_IS_BIG_ENDIAN=1 -DUSE_UCLIB=1 -DTARGET=1 -DHAS_ATHRS_S17C_CONFIG=1 -D_s17_hwaccel -I/ISD2/configs/h  conftest.c >&5
configure:2925: $? = 0
configure:2928: test -z 			 || test ! -s conftest.err
configure:2931: $? = 0
configure:2934: test -s conftest.o
configure:2937: $? = 0
configure:2947: result: yes
configure:2951: checking linux/if_packet.h presence
configure:2961: mips-linux-gnu3-gcc -E  conftest.c
configure:2967: $? = 0
configure:2987: result: yes
configure:3022: checking for linux/if_packet.h
configure:3029: result: yes
configure:2907: checking linux/if_ether.h usability
configure:2919: mips-linux-gnu3-gcc -c -D__NO_CTYPE  -DLinux -fomit-frame-pointer -pipe -D__linux__ -Dunix -DEMBED -funit-at-a-time -I/opt/buildroot-be-gcc434/usr/include -fPIC -funit-at-a-time -Os -DFOR_ATHEROS_PLATFORM=1 -DFOR_AR934x=1 -DFOR_AR955x=1 -DRUN_SYSTEM_AS_ROOT=1 -DSYSTEM_IS_LITTLE_ENDIAN=0 -DSYSTEM_IS_BIG_ENDIAN=1 -DUSE_UCLIB=1 -DTARGET=1 -DHAS_ATHRS_S17C_CONFIG=1 -D_s17_hwaccel -I/ISD2/configs/h  conftest.c >&5
configure:2925: $? = 0
configure:2928: test -z 			 || test ! -s conftest.err
configure:2931: $? = 0
configure:2934: test -s conftest.o
configure:2937: $? = 0
configure:2947: result: yes
configure:2951: checking linux/if_ether.h presence
configure:2961: mips-linux-gnu3-gcc -E  conftest.c
configure:2967: $? = 0
configure:2987: result: yes
configure:3022: checking for linux/if_ether.h
configure:3029: result: yes
configure:2907: checking sys/socket.h usability
configure:2919: mips-linux-gnu3-gcc -c -D__NO_CTYPE  -DLinux -fomit-frame-pointer -pipe -D__linux__ -Dunix -DEMBED -funit-at-a-time -I/opt/buildroot-be-gcc434/usr/include -fPIC -funit-at-a-time -Os -DFOR_ATHEROS_PLATFORM=1 -DFOR_AR934x=1 -DFOR_AR955x=1 -DRUN_SYSTEM_AS_ROOT=1 -DSYSTEM_IS_LITTLE_ENDIAN=0 -DSYSTEM_IS_BIG_ENDIAN=1 -DUSE_UCLIB=1 -DTARGET=1 -DHAS_ATHRS_S17C_CONFIG=1 -D_s17_hwaccel -I/ISD2/configs/h  conftest.c >&5
configure:2925: $? = 0
configure:2928: test -z 			 || test ! -s conftest.err
configure:2931: $? = 0
configure:2934: test -s conftest.o
configure:2937: $? = 0
configure:2947: result: yes
configure:2951: checking sys/socket.h presence
configure:2961: mips-linux-gnu3-gcc -E  conftest.c
configure:2967: $? = 0
configure:2987: result: yes
configure:3022: checking for sys/socket.h
configure:3029: result: yes
configure:2907: checking sys/cdefs.h usability
configure:2919: mips-linux-gnu3-gcc -c -D__NO_CTYPE  -DLinux -fomit-frame-pointer -pipe -D__linux__ -Dunix -DEMBED -funit-at-a-time -I/opt/buildroot-be-gcc434/usr/include -fPIC -funit-at-a-time -Os -DFOR_ATHEROS_PLATFORM=1 -DFOR_AR934x=1 -DFOR_AR955x=1 -DRUN_SYSTEM_AS_ROOT=1 -DSYSTEM_IS_LITTLE_ENDIAN=0 -DSYSTEM_IS_BIG_ENDIAN=1 -DUSE_UCLIB=1 -DTARGET=1 -DHAS_ATHRS_S17C_CONFIG=1 -D_s17_hwaccel -I/ISD2/configs/h  conftest.c >&5
configure:2925: $? = 0
configure:2928: test -z 			 || test ! -s conftest.err
configure:2931: $? = 0
configure:2934: test -s conftest.o
configure:2937: $? = 0
configure:2947: result: yes
configure:2951: checking sys/cdefs.h presence
configure:2961: mips-linux-gnu3-gcc -E  conftest.c
configure:2967: $? = 0
configure:2987: result: yes
configure:3022: checking for sys/cdefs.h
configure:3029: result: yes
configure:2907: checking net/if.h usability
configure:2919: mips-linux-gnu3-gcc -c -D__NO_CTYPE  -DLinux -fomit-frame-pointer -pipe -D__linux__ -Dunix -DEMBED -funit-at-a-time -I/opt/buildroot-be-gcc434/usr/include -fPIC -funit-at-a-time -Os -DFOR_ATHEROS_PLATFORM=1 -DFOR_AR934x=1 -DFOR_AR955x=1 -DRUN_SYSTEM_AS_ROOT=1 -DSYSTEM_IS_LITTLE_ENDIAN=0 -DSYSTEM_IS_BIG_ENDIAN=1 -DUSE_UCLIB=1 -DTARGET=1 -DHAS_ATHRS_S17C_CONFIG=1 -D_s17_hwaccel -I/ISD2/configs/h  conftest.c >&5
configure:2925: $? = 0
configure:2928: test -z 			 || test ! -s conftest.err
configure:2931: $? = 0
configure:2934: test -s conftest.o
configure:2937: $? = 0
configure:2947: result: yes
configure:2951: checking net/if.h presence
configure:2961: mips-linux-gnu3-gcc -E  conftest.c
configure:2967: $? = 0
configure:2987: result: yes
configure:3022: checking for net/if.h
configure:3029: result: yes
configure:2907: checking net/if_dl.h usability
configure:2919: mips-linux-gnu3-gcc -c -D__NO_CTYPE  -DLinux -fomit-frame-pointer -pipe -D__linux__ -Dunix -DEMBED -funit-at-a-time -I/opt/buildroot-be-gcc434/usr/include -fPIC -funit-at-a-time -Os -DFOR_ATHEROS_PLATFORM=1 -DFOR_AR934x=1 -DFOR_AR955x=1 -DRUN_SYSTEM_AS_ROOT=1 -DSYSTEM_IS_LITTLE_ENDIAN=0 -DSYSTEM_IS_BIG_ENDIAN=1 -DUSE_UCLIB=1 -DTARGET=1 -DHAS_ATHRS_S17C_CONFIG=1 -D_s17_hwaccel -I/ISD2/configs/h  conftest.c >&5
conftest.c:73:23: error: net/if_dl.h: No such file or directory
configure:2925: $? = 1
configure: failed program was:
| /* confdefs.h.  */
| 
| #define PACKAGE_NAME ""
| #define PACKAGE_TARNAME ""
| #define PACKAGE_VERSION ""
| #define PACKAGE_STRING ""
| #define PACKAGE_BUGREPORT ""
| #define STDC_HEADERS 1
| #define HAVE_SYS_WAIT_H 1
| #define HAVE_SYS_TYPES_H 1
| #define HAVE_SYS_STAT_H 1
| #define HAVE_STDLIB_H 1
| #define HAVE_STRING_H 1
| #define HAVE_MEMORY_H 1
| #define HAVE_STRINGS_H 1
| #define HAVE_INTTYPES_H 1
| #define HAVE_STDINT_H 1
| #define HAVE_UNISTD_H 1
| #define HAVE_FCNTL_H 1
| #define HAVE_SYS_IOCTL_H 1
| #define HAVE_SYS_TIME_H 1
| #define HAVE_SYSLOG_H 1
| #define HAVE_UNISTD_H 1
| #define HAVE_NET_IF_ARP_H 1
| #define HAVE_NETINET_IF_ETHER_H 1
| #define HAVE_GETOPT_H 1
| #define HAVE_SYS_UIO_H 1
| #define HAVE_SYS_PARAM_H 1
| #define HAVE_FCNTL_H 1
| #define HAVE_NETPACKET_PACKET_H 1
| #define HAVE_NET_ETHERNET_H 1
| #define HAVE_ASM_TYPES_H 1
| #define HAVE_LINUX_IF_PACKET_H 1
| #define HAVE_LINUX_IF_ETHER_H 1
| #define HAVE_SYS_SOCKET_H 1
| #define HAVE_SYS_CDEFS_H 1
| #define HAVE_NET_IF_H 1
| /* end confdefs.h.  */
| #include <stdio.h>
| #if HAVE_SYS_TYPES_H
| # include <sys/types.h>
| #endif
| #if HAVE_SYS_STAT_H
| # include <sys/stat.h>
| #endif
| #if STDC_HEADERS
| # include <stdlib.h>
| # include <stddef.h>
| #else
| # if HAVE_STDLIB_H
| #  include <stdlib.h>
| # endif
| #endif
| #if HAVE_STRING_H
| # if !STDC_HEADERS && HAVE_MEMORY_H
| #  include <memory.h>
| # endif
| # include <string.h>
| #endif
| #if HAVE_STRINGS_H
| # include <strings.h>
| #endif
| #if HAVE_INTTYPES_H
| # include <inttypes.h>
| #else
| # if HAVE_STDINT_H
| #  include <stdint.h>
| # endif
| #endif
| #if HAVE_UNISTD_H
| # include <unistd.h>
| #endif
| #include <net/if_dl.h>
configure:2947: result: no
configure:2951: checking net/if_dl.h presence
configure:2961: mips-linux-gnu3-gcc -E  conftest.c
conftest.c:39:23: error: net/if_dl.h: No such file or directory
configure:2967: $? = 1
configure: failed program was:
| /* confdefs.h.  */
| 
| #define PACKAGE_NAME ""
| #define PACKAGE_TARNAME ""
| #define PACKAGE_VERSION ""
| #define PACKAGE_STRING ""
| #define PACKAGE_BUGREPORT ""
| #define STDC_HEADERS 1
| #define HAVE_SYS_WAIT_H 1
| #define HAVE_SYS_TYPES_H 1
| #define HAVE_SYS_STAT_H 1
| #define HAVE_STDLIB_H 1
| #define HAVE_STRING_H 1
| #define HAVE_MEMORY_H 1
| #define HAVE_STRINGS_H 1
| #define HAVE_INTTYPES_H 1
| #define HAVE_STDINT_H 1
| #define HAVE_UNISTD_H 1
| #define HAVE_FCNTL_H 1
| #define HAVE_SYS_IOCTL_H 1
| #define HAVE_SYS_TIME_H 1
| #define HAVE_SYSLOG_H 1
| #define HAVE_UNISTD_H 1
| #define HAVE_NET_IF_ARP_H 1
| #define HAVE_NETINET_IF_ETHER_H 1
| #define HAVE_GETOPT_H 1
| #define HAVE_SYS_UIO_H 1
| #define HAVE_SYS_PARAM_H 1
| #define HAVE_FCNTL_H 1
| #define HAVE_NETPACKET_PACKET_H 1
| #define HAVE_NET_ETHERNET_H 1
| #define HAVE_ASM_TYPES_H 1
| #define HAVE_LINUX_IF_PACKET_H 1
| #define HAVE_LINUX_IF_ETHER_H 1
| #define HAVE_SYS_SOCKET_H 1
| #define HAVE_SYS_CDEFS_H 1
| #define HAVE_NET_IF_H 1
| /* end confdefs.h.  */
| #include <net/if_dl.h>
configure:2987: result: no
configure:3022: checking for net/if_dl.h
configure:3029: result: no
configure:2907: checking net/if_ether.h usability
configure:2919: mips-linux-gnu3-gcc -c -D__NO_CTYPE  -DLinux -fomit-frame-pointer -pipe -D__linux__ -Dunix -DEMBED -funit-at-a-time -I/opt/buildroot-be-gcc434/usr/include -fPIC -funit-at-a-time -Os -DFOR_ATHEROS_PLATFORM=1 -DFOR_AR934x=1 -DFOR_AR955x=1 -DRUN_SYSTEM_AS_ROOT=1 -DSYSTEM_IS_LITTLE_ENDIAN=0 -DSYSTEM_IS_BIG_ENDIAN=1 -DUSE_UCLIB=1 -DTARGET=1 -DHAS_ATHRS_S17C_CONFIG=1 -D_s17_hwaccel -I/ISD2/configs/h  conftest.c >&5
conftest.c:73:26: error: net/if_ether.h: No such file or directory
configure:2925: $? = 1
configure: failed program was:
| /* confdefs.h.  */
| 
| #define PACKAGE_NAME ""
| #define PACKAGE_TARNAME ""
| #define PACKAGE_VERSION ""
| #define PACKAGE_STRING ""
| #define PACKAGE_BUGREPORT ""
| #define STDC_HEADERS 1
| #define HAVE_SYS_WAIT_H 1
| #define HAVE_SYS_TYPES_H 1
| #define HAVE_SYS_STAT_H 1
| #define HAVE_STDLIB_H 1
| #define HAVE_STRING_H 1
| #define HAVE_MEMORY_H 1
| #define HAVE_STRINGS_H 1
| #define HAVE_INTTYPES_H 1
| #define HAVE_STDINT_H 1
| #define HAVE_UNISTD_H 1
| #define HAVE_FCNTL_H 1
| #define HAVE_SYS_IOCTL_H 1
| #define HAVE_SYS_TIME_H 1
| #define HAVE_SYSLOG_H 1
| #define HAVE_UNISTD_H 1
| #define HAVE_NET_IF_ARP_H 1
| #define HAVE_NETINET_IF_ETHER_H 1
| #define HAVE_GETOPT_H 1
| #define HAVE_SYS_UIO_H 1
| #define HAVE_SYS_PARAM_H 1
| #define HAVE_FCNTL_H 1
| #define HAVE_NETPACKET_PACKET_H 1
| #define HAVE_NET_ETHERNET_H 1
| #define HAVE_ASM_TYPES_H 1
| #define HAVE_LINUX_IF_PACKET_H 1
| #define HAVE_LINUX_IF_ETHER_H 1
| #define HAVE_SYS_SOCKET_H 1
| #define HAVE_SYS_CDEFS_H 1
| #define HAVE_NET_IF_H 1
| /* end confdefs.h.  */
| #include <stdio.h>
| #if HAVE_SYS_TYPES_H
| # include <sys/types.h>
| #endif
| #if HAVE_SYS_STAT_H
| # include <sys/stat.h>
| #endif
| #if STDC_HEADERS
| # include <stdlib.h>
| # include <stddef.h>
| #else
| # if HAVE_STDLIB_H
| #  include <stdlib.h>
| # endif
| #endif
| #if HAVE_STRING_H
| # if !STDC_HEADERS && HAVE_MEMORY_H
| #  include <memory.h>
| # endif
| # include <string.h>
| #endif
| #if HAVE_STRINGS_H
| # include <strings.h>
| #endif
| #if HAVE_INTTYPES_H
| # include <inttypes.h>
| #else
| # if HAVE_STDINT_H
| #  include <stdint.h>
| # endif
| #endif
| #if HAVE_UNISTD_H
| # include <unistd.h>
| #endif
| #include <net/if_ether.h>
configure:2947: result: no
configure:2951: checking net/if_ether.h presence
configure:2961: mips-linux-gnu3-gcc -E  conftest.c
conftest.c:39:26: error: net/if_ether.h: No such file or directory
configure:2967: $? = 1
configure: failed program was:
| /* confdefs.h.  */
| 
| #define PACKAGE_NAME ""
| #define PACKAGE_TARNAME ""
| #define PACKAGE_VERSION ""
| #define PACKAGE_STRING ""
| #define PACKAGE_BUGREPORT ""
| #define STDC_HEADERS 1
| #define HAVE_SYS_WAIT_H 1
| #define HAVE_SYS_TYPES_H 1
| #define HAVE_SYS_STAT_H 1
| #define HAVE_STDLIB_H 1
| #define HAVE_STRING_H 1
| #define HAVE_MEMORY_H 1
| #define HAVE_STRINGS_H 1
| #define HAVE_INTTYPES_H 1
| #define HAVE_STDINT_H 1
| #define HAVE_UNISTD_H 1
| #define HAVE_FCNTL_H 1
| #define HAVE_SYS_IOCTL_H 1
| #define HAVE_SYS_TIME_H 1
| #define HAVE_SYSLOG_H 1
| #define HAVE_UNISTD_H 1
| #define HAVE_NET_IF_ARP_H 1
| #define HAVE_NETINET_IF_ETHER_H 1
| #define HAVE_GETOPT_H 1
| #define HAVE_SYS_UIO_H 1
| #define HAVE_SYS_PARAM_H 1
| #define HAVE_FCNTL_H 1
| #define HAVE_NETPACKET_PACKET_H 1
| #define HAVE_NET_ETHERNET_H 1
| #define HAVE_ASM_TYPES_H 1
| #define HAVE_LINUX_IF_PACKET_H 1
| #define HAVE_LINUX_IF_ETHER_H 1
| #define HAVE_SYS_SOCKET_H 1
| #define HAVE_SYS_CDEFS_H 1
| #define HAVE_NET_IF_H 1
| /* end confdefs.h.  */
| #include <net/if_ether.h>
configure:2987: result: no
configure:3022: checking for net/if_ether.h
configure:3029: result: no
configure:2907: checking net/if_types.h usability
configure:2919: mips-linux-gnu3-gcc -c -D__NO_CTYPE  -DLinux -fomit-frame-pointer -pipe -D__linux__ -Dunix -DEMBED -funit-at-a-time -I/opt/buildroot-be-gcc434/usr/include -fPIC -funit-at-a-time -Os -DFOR_ATHEROS_PLATFORM=1 -DFOR_AR934x=1 -DFOR_AR955x=1 -DRUN_SYSTEM_AS_ROOT=1 -DSYSTEM_IS_LITTLE_ENDIAN=0 -DSYSTEM_IS_BIG_ENDIAN=1 -DUSE_UCLIB=1 -DTARGET=1 -DHAS_ATHRS_S17C_CONFIG=1 -D_s17_hwaccel -I/ISD2/configs/h  conftest.c >&5
conftest.c:73:26: error: net/if_types.h: No such file or directory
configure:2925: $? = 1
configure: failed program was:
| /* confdefs.h.  */
| 
| #define PACKAGE_NAME ""
| #define PACKAGE_TARNAME ""
| #define PACKAGE_VERSION ""
| #define PACKAGE_STRING ""
| #define PACKAGE_BUGREPORT ""
| #define STDC_HEADERS 1
| #define HAVE_SYS_WAIT_H 1
| #define HAVE_SYS_TYPES_H 1
| #define HAVE_SYS_STAT_H 1
| #define HAVE_STDLIB_H 1
| #define HAVE_STRING_H 1
| #define HAVE_MEMORY_H 1
| #define HAVE_STRINGS_H 1
| #define HAVE_INTTYPES_H 1
| #define HAVE_STDINT_H 1
| #define HAVE_UNISTD_H 1
| #define HAVE_FCNTL_H 1
| #define HAVE_SYS_IOCTL_H 1
| #define HAVE_SYS_TIME_H 1
| #define HAVE_SYSLOG_H 1
| #define HAVE_UNISTD_H 1
| #define HAVE_NET_IF_ARP_H 1
| #define HAVE_NETINET_IF_ETHER_H 1
| #define HAVE_GETOPT_H 1
| #define HAVE_SYS_UIO_H 1
| #define HAVE_SYS_PARAM_H 1
| #define HAVE_FCNTL_H 1
| #define HAVE_NETPACKET_PACKET_H 1
| #define HAVE_NET_ETHERNET_H 1
| #define HAVE_ASM_TYPES_H 1
| #define HAVE_LINUX_IF_PACKET_H 1
| #define HAVE_LINUX_IF_ETHER_H 1
| #define HAVE_SYS_SOCKET_H 1
| #define HAVE_SYS_CDEFS_H 1
| #define HAVE_NET_IF_H 1
| /* end confdefs.h.  */
| #include <stdio.h>
| #if HAVE_SYS_TYPES_H
| # include <sys/types.h>
| #endif
| #if HAVE_SYS_STAT_H
| # include <sys/stat.h>
| #endif
| #if STDC_HEADERS
| # include <stdlib.h>
| # include <stddef.h>
| #else
| # if HAVE_STDLIB_H
| #  include <stdlib.h>
| # endif
| #endif
| #if HAVE_STRING_H
| # if !STDC_HEADERS && HAVE_MEMORY_H
| #  include <memory.h>
| # endif
| # include <string.h>
| #endif
| #if HAVE_STRINGS_H
| # include <strings.h>
| #endif
| #if HAVE_INTTYPES_H
| # include <inttypes.h>
| #else
| # if HAVE_STDINT_H
| #  include <stdint.h>
| # endif
| #endif
| #if HAVE_UNISTD_H
| # include <unistd.h>
| #endif
| #include <net/if_types.h>
configure:2947: result: no
configure:2951: checking net/if_types.h presence
configure:2961: mips-linux-gnu3-gcc -E  conftest.c
conftest.c:39:26: error: net/if_types.h: No such file or directory
configure:2967: $? = 1
configure: failed program was:
| /* confdefs.h.  */
| 
| #define PACKAGE_NAME ""
| #define PACKAGE_TARNAME ""
| #define PACKAGE_VERSION ""
| #define PACKAGE_STRING ""
| #define PACKAGE_BUGREPORT ""
| #define STDC_HEADERS 1
| #define HAVE_SYS_WAIT_H 1
| #define HAVE_SYS_TYPES_H 1
| #define HAVE_SYS_STAT_H 1
| #define HAVE_STDLIB_H 1
| #define HAVE_STRING_H 1
| #define HAVE_MEMORY_H 1
| #define HAVE_STRINGS_H 1
| #define HAVE_INTTYPES_H 1
| #define HAVE_STDINT_H 1
| #define HAVE_UNISTD_H 1
| #define HAVE_FCNTL_H 1
| #define HAVE_SYS_IOCTL_H 1
| #define HAVE_SYS_TIME_H 1
| #define HAVE_SYSLOG_H 1
| #define HAVE_UNISTD_H 1
| #define HAVE_NET_IF_ARP_H 1
| #define HAVE_NETINET_IF_ETHER_H 1
| #define HAVE_GETOPT_H 1
| #define HAVE_SYS_UIO_H 1
| #define HAVE_SYS_PARAM_H 1
| #define HAVE_FCNTL_H 1
| #define HAVE_NETPACKET_PACKET_H 1
| #define HAVE_NET_ETHERNET_H 1
| #define HAVE_ASM_TYPES_H 1
| #define HAVE_LINUX_IF_PACKET_H 1
| #define HAVE_LINUX_IF_ETHER_H 1
| #define HAVE_SYS_SOCKET_H 1
| #define HAVE_SYS_CDEFS_H 1
| #define HAVE_NET_IF_H 1
| /* end confdefs.h.  */
| #include <net/if_types.h>
configure:2987: result: no
configure:3022: checking for net/if_types.h
configure:3029: result: no
configure:2898: checking for netinet/if_ether.h
configure:2903: result: yes
configure:2898: checking for net/if_types.h
configure:2903: result: no
configure:2898: checking for net/if_dl.h
configure:2903: result: no
configure:3046: checking for linux/if.h
configure:3062: mips-linux-gnu3-gcc -c -D__NO_CTYPE  -DLinux -fomit-frame-pointer -pipe -D__linux__ -Dunix -DEMBED -funit-at-a-time -I/opt/buildroot-be-gcc434/usr/include -fPIC -funit-at-a-time -Os -DFOR_ATHEROS_PLATFORM=1 -DFOR_AR934x=1 -DFOR_AR955x=1 -DRUN_SYSTEM_AS_ROOT=1 -DSYSTEM_IS_LITTLE_ENDIAN=0 -DSYSTEM_IS_BIG_ENDIAN=1 -DUSE_UCLIB=1 -DTARGET=1 -DHAS_ATHRS_S17C_CONFIG=1 -D_s17_hwaccel -I/ISD2/configs/h  conftest.c >&5
configure:3068: $? = 0
configure:3071: test -z 			 || test ! -s conftest.err
configure:3074: $? = 0
configure:3077: test -s conftest.o
configure:3080: $? = 0
configure:3091: result: yes
configure:3106: checking for linux/if_pppox.h
configure:3155: result: yes
configure:3167: checking for an ANSI C-conforming const
configure:3234: mips-linux-gnu3-gcc -c -D__NO_CTYPE  -DLinux -fomit-frame-pointer -pipe -D__linux__ -Dunix -DEMBED -funit-at-a-time -I/opt/buildroot-be-gcc434/usr/include -fPIC -funit-at-a-time -Os -DFOR_ATHEROS_PLATFORM=1 -DFOR_AR934x=1 -DFOR_AR955x=1 -DRUN_SYSTEM_AS_ROOT=1 -DSYSTEM_IS_LITTLE_ENDIAN=0 -DSYSTEM_IS_BIG_ENDIAN=1 -DUSE_UCLIB=1 -DTARGET=1 -DHAS_ATHRS_S17C_CONFIG=1 -D_s17_hwaccel -I/ISD2/configs/h  conftest.c >&5
configure:3240: $? = 0
configure:3243: test -z 			 || test ! -s conftest.err
configure:3246: $? = 0
configure:3249: test -s conftest.o
configure:3252: $? = 0
configure:3263: result: yes
configure:3273: checking for pid_t
configure:3297: mips-linux-gnu3-gcc -c -D__NO_CTYPE  -DLinux -fomit-frame-pointer -pipe -D__linux__ -Dunix -DEMBED -funit-at-a-time -I/opt/buildroot-be-gcc434/usr/include -fPIC -funit-at-a-time -Os -DFOR_ATHEROS_PLATFORM=1 -DFOR_AR934x=1 -DFOR_AR955x=1 -DRUN_SYSTEM_AS_ROOT=1 -DSYSTEM_IS_LITTLE_ENDIAN=0 -DSYSTEM_IS_BIG_ENDIAN=1 -DUSE_UCLIB=1 -DTARGET=1 -DHAS_ATHRS_S17C_CONFIG=1 -D_s17_hwaccel -I/ISD2/configs/h  conftest.c >&5
configure:3303: $? = 0
configure:3306: test -z 			 || test ! -s conftest.err
configure:3309: $? = 0
configure:3312: test -s conftest.o
configure:3315: $? = 0
configure:3326: result: yes
configure:3338: checking whether time.h and sys/time.h may both be included
configure:3363: mips-linux-gnu3-gcc -c -D__NO_CTYPE  -DLinux -fomit-frame-pointer -pipe -D__linux__ -Dunix -DEMBED -funit-at-a-time -I/opt/buildroot-be-gcc434/usr/include -fPIC -funit-at-a-time -Os -DFOR_ATHEROS_PLATFORM=1 -DFOR_AR934x=1 -DFOR_AR955x=1 -DRUN_SYSTEM_AS_ROOT=1 -DSYSTEM_IS_LITTLE_ENDIAN=0 -DSYSTEM_IS_BIG_ENDIAN=1 -DUSE_UCLIB=1 -DTARGET=1 -DHAS_ATHRS_S17C_CONFIG=1 -D_s17_hwaccel -I/ISD2/configs/h  conftest.c >&5
configure:3369: $? = 0
configure:3372: test -z 			 || test ! -s conftest.err
configure:3375: $? = 0
configure:3378: test -s conftest.o
configure:3381: $? = 0
configure:3392: result: yes
configure:3402: checking whether struct tm is in sys/time.h or time.h
configure:3425: mips-linux-gnu3-gcc -c -D__NO_CTYPE  -DLinux -fomit-frame-pointer -pipe -D__linux__ -Dunix -DEMBED -funit-at-a-time -I/opt/buildroot-be-gcc434/usr/include -fPIC -funit-at-a-time -Os -DFOR_ATHEROS_PLATFORM=1 -DFOR_AR934x=1 -DFOR_AR955x=1 -DRUN_SYSTEM_AS_ROOT=1 -DSYSTEM_IS_LITTLE_ENDIAN=0 -DSYSTEM_IS_BIG_ENDIAN=1 -DUSE_UCLIB=1 -DTARGET=1 -DHAS_ATHRS_S17C_CONFIG=1 -D_s17_hwaccel -I/ISD2/configs/h  conftest.c >&5
configure:3431: $? = 0
configure:3434: test -z 			 || test ! -s conftest.err
configure:3437: $? = 0
configure:3440: test -s conftest.o
configure:3443: $? = 0
configure:3454: result: time.h
configure:3465: checking for struct sockaddr_ll
configure:3486: mips-linux-gnu3-gcc -c -D__NO_CTYPE  -DLinux -fomit-frame-pointer -pipe -D__linux__ -Dunix -DEMBED -funit-at-a-time -I/opt/buildroot-be-gcc434/usr/include -fPIC -funit-at-a-time -Os -DFOR_ATHEROS_PLATFORM=1 -DFOR_AR934x=1 -DFOR_AR955x=1 -DRUN_SYSTEM_AS_ROOT=1 -DSYSTEM_IS_LITTLE_ENDIAN=0 -DSYSTEM_IS_BIG_ENDIAN=1 -DUSE_UCLIB=1 -DTARGET=1 -DHAS_ATHRS_S17C_CONFIG=1 -D_s17_hwaccel -I/ISD2/configs/h  conftest.c >&5
configure:3492: $? = 0
configure:3495: test -z 			 || test ! -s conftest.err
configure:3498: $? = 0
configure:3501: test -s conftest.o
configure:3504: $? = 0
configure:3514: result: yes
configure:3524: checking for N_HDLC line discipline
configure:3542: mips-linux-gnu3-gcc -c -D__NO_CTYPE  -DLinux -fomit-frame-pointer -pipe -D__linux__ -Dunix -DEMBED -funit-at-a-time -I/opt/buildroot-be-gcc434/usr/include -fPIC -funit-at-a-time -Os -DFOR_ATHEROS_PLATFORM=1 -DFOR_AR934x=1 -DFOR_AR955x=1 -DRUN_SYSTEM_AS_ROOT=1 -DSYSTEM_IS_LITTLE_ENDIAN=0 -DSYSTEM_IS_BIG_ENDIAN=1 -DUSE_UCLIB=1 -DTARGET=1 -DHAS_ATHRS_S17C_CONFIG=1 -D_s17_hwaccel -I/ISD2/configs/h  conftest.c >&5
conftest.c: In function 'main':
conftest.c:48: error: 'N_HDLC' undeclared (first use in this function)
conftest.c:48: error: (Each undeclared identifier is reported only once
conftest.c:48: error: for each function it appears in.)
configure:3548: $? = 1
configure: failed program was:
| /* confdefs.h.  */
| 
| #define PACKAGE_NAME ""
| #define PACKAGE_TARNAME ""
| #define PACKAGE_VERSION ""
| #define PACKAGE_STRING ""
| #define PACKAGE_BUGREPORT ""
| #define STDC_HEADERS 1
| #define HAVE_SYS_WAIT_H 1
| #define HAVE_SYS_TYPES_H 1
| #define HAVE_SYS_STAT_H 1
| #define HAVE_STDLIB_H 1
| #define HAVE_STRING_H 1
| #define HAVE_MEMORY_H 1
| #define HAVE_STRINGS_H 1
| #define HAVE_INTTYPES_H 1
| #define HAVE_STDINT_H 1
| #define HAVE_UNISTD_H 1
| #define HAVE_FCNTL_H 1
| #define HAVE_SYS_IOCTL_H 1
| #define HAVE_SYS_TIME_H 1
| #define HAVE_SYSLOG_H 1
| #define HAVE_UNISTD_H 1
| #define HAVE_NET_IF_ARP_H 1
| #define HAVE_NETINET_IF_ETHER_H 1
| #define HAVE_GETOPT_H 1
| #define HAVE_SYS_UIO_H 1
| #define HAVE_SYS_PARAM_H 1
| #define HAVE_FCNTL_H 1
| #define HAVE_NETPACKET_PACKET_H 1
| #define HAVE_NET_ETHERNET_H 1
| #define HAVE_ASM_TYPES_H 1
| #define HAVE_LINUX_IF_PACKET_H 1
| #define HAVE_LINUX_IF_ETHER_H 1
| #define HAVE_SYS_SOCKET_H 1
| #define HAVE_SYS_CDEFS_H 1
| #define HAVE_NET_IF_H 1
| #define HAVE_NETINET_IF_ETHER_H 1
| #define HAVE_LINUX_IF_H 1
| #define HAVE_LINUX_IF_PPPOX_H 1
| #define TIME_WITH_SYS_TIME 1
| #define HAVE_STRUCT_SOCKADDR_LL 1
| /* end confdefs.h.  */
| #include <linux/termios.h>
| int
| main ()
| {
| int x = N_HDLC;
|   ;
|   return 0;
| }
configure:3570: result: no
configure:3700: checking for working memcmp
configure:3770: result: no
configure:3781: checking for function prototypes
configure:3784: result: yes
configure:3801: checking whether setvbuf arguments are reversed
configure:3826: mips-linux-gnu3-gcc -o conftest -D__NO_CTYPE  -DLinux -fomit-frame-pointer -pipe -D__linux__ -Dunix -DEMBED -funit-at-a-time -I/opt/buildroot-be-gcc434/usr/include -fPIC -funit-at-a-time -Os -DFOR_ATHEROS_PLATFORM=1 -DFOR_AR934x=1 -DFOR_AR955x=1 -DRUN_SYSTEM_AS_ROOT=1 -DSYSTEM_IS_LITTLE_ENDIAN=0 -DSYSTEM_IS_BIG_ENDIAN=1 -DUSE_UCLIB=1 -DTARGET=1 -DHAS_ATHRS_S17C_CONFIG=1 -D_s17_hwaccel -I/ISD2/configs/h   conftest.c  >&5
conftest.c:49: error: conflicting types for 'setvbuf'
/opt/buildroot-be-gcc434/usr/include/stdio.h:304: error: previous declaration of 'setvbuf' was here
configure:3832: $? = 1
configure: failed program was:
| /* confdefs.h.  */
| 
| #define PACKAGE_NAME ""
| #define PACKAGE_TARNAME ""
| #define PACKAGE_VERSION ""
| #define PACKAGE_STRING ""
| #define PACKAGE_BUGREPORT ""
| #define STDC_HEADERS 1
| #define HAVE_SYS_WAIT_H 1
| #define HAVE_SYS_TYPES_H 1
| #define HAVE_SYS_STAT_H 1
| #define HAVE_STDLIB_H 1
| #define HAVE_STRING_H 1
| #define HAVE_MEMORY_H 1
| #define HAVE_STRINGS_H 1
| #define HAVE_INTTYPES_H 1
| #define HAVE_STDINT_H 1
| #define HAVE_UNISTD_H 1
| #define HAVE_FCNTL_H 1
| #define HAVE_SYS_IOCTL_H 1
| #define HAVE_SYS_TIME_H 1
| #define HAVE_SYSLOG_H 1
| #define HAVE_UNISTD_H 1
| #define HAVE_NET_IF_ARP_H 1
| #define HAVE_NETINET_IF_ETHER_H 1
| #define HAVE_GETOPT_H 1
| #define HAVE_SYS_UIO_H 1
| #define HAVE_SYS_PARAM_H 1
| #define HAVE_FCNTL_H 1
| #define HAVE_NETPACKET_PACKET_H 1
| #define HAVE_NET_ETHERNET_H 1
| #define HAVE_ASM_TYPES_H 1
| #define HAVE_LINUX_IF_PACKET_H 1
| #define HAVE_LINUX_IF_ETHER_H 1
| #define HAVE_SYS_SOCKET_H 1
| #define HAVE_SYS_CDEFS_H 1
| #define HAVE_NET_IF_H 1
| #define HAVE_NETINET_IF_ETHER_H 1
| #define HAVE_LINUX_IF_H 1
| #define HAVE_LINUX_IF_PPPOX_H 1
| #define TIME_WITH_SYS_TIME 1
| #define HAVE_STRUCT_SOCKADDR_LL 1
| #define HAVE_LINUX_KERNEL_PPPOE 1
| #define PROTOTYPES 1
| #define __PROTOTYPES 1
| /* end confdefs.h.  */
| #include <stdio.h>
| #	  if PROTOTYPES
| 	   int (setvbuf) (FILE *, int, char *, size_t);
| #	  endif
| int
| main ()
| {
| char buf; return setvbuf (stdout, _IOLBF, &buf, 1);
|   ;
|   return 0;
| }
configure:3951: result: no
configure:3961: checking return type of signal handlers
configure:3992: mips-linux-gnu3-gcc -c -D__NO_CTYPE  -DLinux -fomit-frame-pointer -pipe -D__linux__ -Dunix -DEMBED -funit-at-a-time -I/opt/buildroot-be-gcc434/usr/include -fPIC -funit-at-a-time -Os -DFOR_ATHEROS_PLATFORM=1 -DFOR_AR934x=1 -DFOR_AR955x=1 -DRUN_SYSTEM_AS_ROOT=1 -DSYSTEM_IS_LITTLE_ENDIAN=0 -DSYSTEM_IS_BIG_ENDIAN=1 -DUSE_UCLIB=1 -DTARGET=1 -DHAS_ATHRS_S17C_CONFIG=1 -D_s17_hwaccel -I/ISD2/configs/h  conftest.c >&5
configure:3998: $? = 0
configure:4001: test -z 			 || test ! -s conftest.err
configure:4004: $? = 0
configure:4007: test -s conftest.o
configure:4010: $? = 0
configure:4021: result: void
configure:4036: checking for select
configure:4093: mips-linux-gnu3-gcc -o conftest -D__NO_CTYPE  -DLinux -fomit-frame-pointer -pipe -D__linux__ -Dunix -DEMBED -funit-at-a-time -I/opt/buildroot-be-gcc434/usr/include -fPIC -funit-at-a-time -Os -DFOR_ATHEROS_PLATFORM=1 -DFOR_AR934x=1 -DFOR_AR955x=1 -DRUN_SYSTEM_AS_ROOT=1 -DSYSTEM_IS_LITTLE_ENDIAN=0 -DSYSTEM_IS_BIG_ENDIAN=1 -DUSE_UCLIB=1 -DTARGET=1 -DHAS_ATHRS_S17C_CONFIG=1 -D_s17_hwaccel -I/ISD2/configs/h   conftest.c  >&5
configure:4099: $? = 0
configure:4102: test -z 			 || test ! -s conftest.err
configure:4105: $? = 0
configure:4108: test -s conftest
configure:4111: $? = 0
configure:4123: result: yes
configure:4036: checking for socket
configure:4093: mips-linux-gnu3-gcc -o conftest -D__NO_CTYPE  -DLinux -fomit-frame-pointer -pipe -D__linux__ -Dunix -DEMBED -funit-at-a-time -I/opt/buildroot-be-gcc434/usr/include -fPIC -funit-at-a-time -Os -DFOR_ATHEROS_PLATFORM=1 -DFOR_AR934x=1 -DFOR_AR955x=1 -DRUN_SYSTEM_AS_ROOT=1 -DSYSTEM_IS_LITTLE_ENDIAN=0 -DSYSTEM_IS_BIG_ENDIAN=1 -DUSE_UCLIB=1 -DTARGET=1 -DHAS_ATHRS_S17C_CONFIG=1 -D_s17_hwaccel -I/ISD2/configs/h   conftest.c  >&5
configure:4099: $? = 0
configure:4102: test -z 			 || test ! -s conftest.err
configure:4105: $? = 0
configure:4108: test -s conftest
configure:4111: $? = 0
configure:4123: result: yes
configure:4036: checking for strerror
configure:4093: mips-linux-gnu3-gcc -o conftest -D__NO_CTYPE  -DLinux -fomit-frame-pointer -pipe -D__linux__ -Dunix -DEMBED -funit-at-a-time -I/opt/buildroot-be-gcc434/usr/include -fPIC -funit-at-a-time -Os -DFOR_ATHEROS_PLATFORM=1 -DFOR_AR934x=1 -DFOR_AR955x=1 -DRUN_SYSTEM_AS_ROOT=1 -DSYSTEM_IS_LITTLE_ENDIAN=0 -DSYSTEM_IS_BIG_ENDIAN=1 -DUSE_UCLIB=1 -DTARGET=1 -DHAS_ATHRS_S17C_CONFIG=1 -D_s17_hwaccel -I/ISD2/configs/h   conftest.c  >&5
configure:4099: $? = 0
configure:4102: test -z 			 || test ! -s conftest.err
configure:4105: $? = 0
configure:4108: test -s conftest
configure:4111: $? = 0
configure:4123: result: yes
configure:4036: checking for strtol
configure:4093: mips-linux-gnu3-gcc -o conftest -D__NO_CTYPE  -DLinux -fomit-frame-pointer -pipe -D__linux__ -Dunix -DEMBED -funit-at-a-time -I/opt/buildroot-be-gcc434/usr/include -fPIC -funit-at-a-time -Os -DFOR_ATHEROS_PLATFORM=1 -DFOR_AR934x=1 -DFOR_AR955x=1 -DRUN_SYSTEM_AS_ROOT=1 -DSYSTEM_IS_LITTLE_ENDIAN=0 -DSYSTEM_IS_BIG_ENDIAN=1 -DUSE_UCLIB=1 -DTARGET=1 -DHAS_ATHRS_S17C_CONFIG=1 -D_s17_hwaccel -I/ISD2/configs/h   conftest.c  >&5
configure:4099: $? = 0
configure:4102: test -z 			 || test ! -s conftest.err
configure:4105: $? = 0
configure:4108: test -s conftest
configure:4111: $? = 0
configure:4123: result: yes
configure:4171: checking for a BSD-compatible install
configure:4226: result: /usr/bin/install -c
configure:4238: checking for unsigned short
configure:4262: mips-linux-gnu3-gcc -c -D__NO_CTYPE  -DLinux -fomit-frame-pointer -pipe -D__linux__ -Dunix -DEMBED -funit-at-a-time -I/opt/buildroot-be-gcc434/usr/include -fPIC -funit-at-a-time -Os -DFOR_ATHEROS_PLATFORM=1 -DFOR_AR934x=1 -DFOR_AR955x=1 -DRUN_SYSTEM_AS_ROOT=1 -DSYSTEM_IS_LITTLE_ENDIAN=0 -DSYSTEM_IS_BIG_ENDIAN=1 -DUSE_UCLIB=1 -DTARGET=1 -DHAS_ATHRS_S17C_CONFIG=1 -D_s17_hwaccel -I/ISD2/configs/h  conftest.c >&5
configure:4268: $? = 0
configure:4271: test -z 			 || test ! -s conftest.err
configure:4274: $? = 0
configure:4277: test -s conftest.o
configure:4280: $? = 0
configure:4291: result: yes
configure:4294: checking size of unsigned short
configure:4324: mips-linux-gnu3-gcc -c -D__NO_CTYPE  -DLinux -fomit-frame-pointer -pipe -D__linux__ -Dunix -DEMBED -funit-at-a-time -I/opt/buildroot-be-gcc434/usr/include -fPIC -funit-at-a-time -Os -DFOR_ATHEROS_PLATFORM=1 -DFOR_AR934x=1 -DFOR_AR955x=1 -DRUN_SYSTEM_AS_ROOT=1 -DSYSTEM_IS_LITTLE_ENDIAN=0 -DSYSTEM_IS_BIG_ENDIAN=1 -DUSE_UCLIB=1 -DTARGET=1 -DHAS_ATHRS_S17C_CONFIG=1 -D_s17_hwaccel -I/ISD2/configs/h  conftest.c >&5
configure:4330: $? = 0
configure:4333: test -z 			 || test ! -s conftest.err
configure:4336: $? = 0
configure:4339: test -s conftest.o
configure:4342: $? = 0
configure:4364: mips-linux-gnu3-gcc -c -D__NO_CTYPE  -DLinux -fomit-frame-pointer -pipe -D__linux__ -Dunix -DEMBED -funit-at-a-time -I/opt/buildroot-be-gcc434/usr/include -fPIC -funit-at-a-time -Os -DFOR_ATHEROS_PLATFORM=1 -DFOR_AR934x=1 -DFOR_AR955x=1 -DRUN_SYSTEM_AS_ROOT=1 -DSYSTEM_IS_LITTLE_ENDIAN=0 -DSYSTEM_IS_BIG_ENDIAN=1 -DUSE_UCLIB=1 -DTARGET=1 -DHAS_ATHRS_S17C_CONFIG=1 -D_s17_hwaccel -I/ISD2/configs/h  conftest.c >&5
conftest.c: In function 'main':
conftest.c:89: error: size of array 'test_array' is negative
configure:4370: $? = 1
configure: failed program was:
| /* confdefs.h.  */
| 
| #define PACKAGE_NAME ""
| #define PACKAGE_TARNAME ""
| #define PACKAGE_VERSION ""
| #define PACKAGE_STRING ""
| #define PACKAGE_BUGREPORT ""
| #define STDC_HEADERS 1
| #define HAVE_SYS_WAIT_H 1
| #define HAVE_SYS_TYPES_H 1
| #define HAVE_SYS_STAT_H 1
| #define HAVE_STDLIB_H 1
| #define HAVE_STRING_H 1
| #define HAVE_MEMORY_H 1
| #define HAVE_STRINGS_H 1
| #define HAVE_INTTYPES_H 1
| #define HAVE_STDINT_H 1
| #define HAVE_UNISTD_H 1
| #define HAVE_FCNTL_H 1
| #define HAVE_SYS_IOCTL_H 1
| #define HAVE_SYS_TIME_H 1
| #define HAVE_SYSLOG_H 1
| #define HAVE_UNISTD_H 1
| #define HAVE_NET_IF_ARP_H 1
| #define HAVE_NETINET_IF_ETHER_H 1
| #define HAVE_GETOPT_H 1
| #define HAVE_SYS_UIO_H 1
| #define HAVE_SYS_PARAM_H 1
| #define HAVE_FCNTL_H 1
| #define HAVE_NETPACKET_PACKET_H 1
| #define HAVE_NET_ETHERNET_H 1
| #define HAVE_ASM_TYPES_H 1
| #define HAVE_LINUX_IF_PACKET_H 1
| #define HAVE_LINUX_IF_ETHER_H 1
| #define HAVE_SYS_SOCKET_H 1
| #define HAVE_SYS_CDEFS_H 1
| #define HAVE_NET_IF_H 1
| #define HAVE_NETINET_IF_ETHER_H 1
| #define HAVE_LINUX_IF_H 1
| #define HAVE_LINUX_IF_PPPOX_H 1
| #define TIME_WITH_SYS_TIME 1
| #define HAVE_STRUCT_SOCKADDR_LL 1
| #define HAVE_LINUX_KERNEL_PPPOE 1
| #define PROTOTYPES 1
| #define __PROTOTYPES 1
| #define RETSIGTYPE void
| #define HAVE_SELECT 1
| #define HAVE_SOCKET 1
| #define HAVE_STRERROR 1
| #define HAVE_STRTOL 1
| /* end confdefs.h.  */
| #include <stdio.h>
| #if HAVE_SYS_TYPES_H
| # include <sys/types.h>
| #endif
| #if HAVE_SYS_STAT_H
| # include <sys/stat.h>
| #endif
| #if STDC_HEADERS
| # include <stdlib.h>
| # include <stddef.h>
| #else
| # if HAVE_STDLIB_H
| #  include <stdlib.h>
| # endif
| #endif
| #if HAVE_STRING_H
| # if !STDC_HEADERS && HAVE_MEMORY_H
| #  include <memory.h>
| # endif
| # include <string.h>
| #endif
| #if HAVE_STRINGS_H
| # include <strings.h>
| #endif
| #if HAVE_INTTYPES_H
| # include <inttypes.h>
| #else
| # if HAVE_STDINT_H
| #  include <stdint.h>
| # endif
| #endif
| #if HAVE_UNISTD_H
| # include <unistd.h>
| #endif
| int
| main ()
| {
| static int test_array [1 - 2 * !(((long) (sizeof (unsigned short))) <= 0)];
| test_array [0] = 0
| 
|   ;
|   return 0;
| }
configure:4364: mips-linux-gnu3-gcc -c -D__NO_CTYPE  -DLinux -fomit-frame-pointer -pipe -D__linux__ -Dunix -DEMBED -funit-at-a-time -I/opt/buildroot-be-gcc434/usr/include -fPIC -funit-at-a-time -Os -DFOR_ATHEROS_PLATFORM=1 -DFOR_AR934x=1 -DFOR_AR955x=1 -DRUN_SYSTEM_AS_ROOT=1 -DSYSTEM_IS_LITTLE_ENDIAN=0 -DSYSTEM_IS_BIG_ENDIAN=1 -DUSE_UCLIB=1 -DTARGET=1 -DHAS_ATHRS_S17C_CONFIG=1 -D_s17_hwaccel -I/ISD2/configs/h  conftest.c >&5
conftest.c: In function 'main':
conftest.c:89: error: size of array 'test_array' is negative
configure:4370: $? = 1
configure: failed program was:
| /* confdefs.h.  */
| 
| #define PACKAGE_NAME ""
| #define PACKAGE_TARNAME ""
| #define PACKAGE_VERSION ""
| #define PACKAGE_STRING ""
| #define PACKAGE_BUGREPORT ""
| #define STDC_HEADERS 1
| #define HAVE_SYS_WAIT_H 1
| #define HAVE_SYS_TYPES_H 1
| #define HAVE_SYS_STAT_H 1
| #define HAVE_STDLIB_H 1
| #define HAVE_STRING_H 1
| #define HAVE_MEMORY_H 1
| #define HAVE_STRINGS_H 1
| #define HAVE_INTTYPES_H 1
| #define HAVE_STDINT_H 1
| #define HAVE_UNISTD_H 1
| #define HAVE_FCNTL_H 1
| #define HAVE_SYS_IOCTL_H 1
| #define HAVE_SYS_TIME_H 1
| #define HAVE_SYSLOG_H 1
| #define HAVE_UNISTD_H 1
| #define HAVE_NET_IF_ARP_H 1
| #define HAVE_NETINET_IF_ETHER_H 1
| #define HAVE_GETOPT_H 1
| #define HAVE_SYS_UIO_H 1
| #define HAVE_SYS_PARAM_H 1
| #define HAVE_FCNTL_H 1
| #define HAVE_NETPACKET_PACKET_H 1
| #define HAVE_NET_ETHERNET_H 1
| #define HAVE_ASM_TYPES_H 1
| #define HAVE_LINUX_IF_PACKET_H 1
| #define HAVE_LINUX_IF_ETHER_H 1
| #define HAVE_SYS_SOCKET_H 1
| #define HAVE_SYS_CDEFS_H 1
| #define HAVE_NET_IF_H 1
| #define HAVE_NETINET_IF_ETHER_H 1
| #define HAVE_LINUX_IF_H 1
| #define HAVE_LINUX_IF_PPPOX_H 1
| #define TIME_WITH_SYS_TIME 1
| #define HAVE_STRUCT_SOCKADDR_LL 1
| #define HAVE_LINUX_KERNEL_PPPOE 1
| #define PROTOTYPES 1
| #define __PROTOTYPES 1
| #define RETSIGTYPE void
| #define HAVE_SELECT 1
| #define HAVE_SOCKET 1
| #define HAVE_STRERROR 1
| #define HAVE_STRTOL 1
| /* end confdefs.h.  */
| #include <stdio.h>
| #if HAVE_SYS_TYPES_H
| # include <sys/types.h>
| #endif
| #if HAVE_SYS_STAT_H
| # include <sys/stat.h>
| #endif
| #if STDC_HEADERS
| # include <stdlib.h>
| # include <stddef.h>
| #else
| # if HAVE_STDLIB_H
| #  include <stdlib.h>
| # endif
| #endif
| #if HAVE_STRING_H
| # if !STDC_HEADERS && HAVE_MEMORY_H
| #  include <memory.h>
| # endif
| # include <string.h>
| #endif
| #if HAVE_STRINGS_H
| # include <strings.h>
| #endif
| #if HAVE_INTTYPES_H
| # include <inttypes.h>
| #else
| # if HAVE_STDINT_H
| #  include <stdint.h>
| # endif
| #endif
| #if HAVE_UNISTD_H
| # include <unistd.h>
| #endif
| int
| main ()
| {
| static int test_array [1 - 2 * !(((long) (sizeof (unsigned short))) <= 1)];
| test_array [0] = 0
| 
|   ;
|   return 0;
| }
configure:4364: mips-linux-gnu3-gcc -c -D__NO_CTYPE  -DLinux -fomit-frame-pointer -pipe -D__linux__ -Dunix -DEMBED -funit-at-a-time -I/opt/buildroot-be-gcc434/usr/include -fPIC -funit-at-a-time -Os -DFOR_ATHEROS_PLATFORM=1 -DFOR_AR934x=1 -DFOR_AR955x=1 -DRUN_SYSTEM_AS_ROOT=1 -DSYSTEM_IS_LITTLE_ENDIAN=0 -DSYSTEM_IS_BIG_ENDIAN=1 -DUSE_UCLIB=1 -DTARGET=1 -DHAS_ATHRS_S17C_CONFIG=1 -D_s17_hwaccel -I/ISD2/configs/h  conftest.c >&5
configure:4370: $? = 0
configure:4373: test -z 			 || test ! -s conftest.err
configure:4376: $? = 0
configure:4379: test -s conftest.o
configure:4382: $? = 0
configure:4524: mips-linux-gnu3-gcc -c -D__NO_CTYPE  -DLinux -fomit-frame-pointer -pipe -D__linux__ -Dunix -DEMBED -funit-at-a-time -I/opt/buildroot-be-gcc434/usr/include -fPIC -funit-at-a-time -Os -DFOR_ATHEROS_PLATFORM=1 -DFOR_AR934x=1 -DFOR_AR955x=1 -DRUN_SYSTEM_AS_ROOT=1 -DSYSTEM_IS_LITTLE_ENDIAN=0 -DSYSTEM_IS_BIG_ENDIAN=1 -DUSE_UCLIB=1 -DTARGET=1 -DHAS_ATHRS_S17C_CONFIG=1 -D_s17_hwaccel -I/ISD2/configs/h  conftest.c >&5
configure:4530: $? = 0
configure:4533: test -z 			 || test ! -s conftest.err
configure:4536: $? = 0
configure:4539: test -s conftest.o
configure:4542: $? = 0
configure:4637: result: 2
configure:4644: checking for unsigned int
configure:4668: mips-linux-gnu3-gcc -c -D__NO_CTYPE  -DLinux -fomit-frame-pointer -pipe -D__linux__ -Dunix -DEMBED -funit-at-a-time -I/opt/buildroot-be-gcc434/usr/include -fPIC -funit-at-a-time -Os -DFOR_ATHEROS_PLATFORM=1 -DFOR_AR934x=1 -DFOR_AR955x=1 -DRUN_SYSTEM_AS_ROOT=1 -DSYSTEM_IS_LITTLE_ENDIAN=0 -DSYSTEM_IS_BIG_ENDIAN=1 -DUSE_UCLIB=1 -DTARGET=1 -DHAS_ATHRS_S17C_CONFIG=1 -D_s17_hwaccel -I/ISD2/configs/h  conftest.c >&5
configure:4674: $? = 0
configure:4677: test -z 			 || test ! -s conftest.err
configure:4680: $? = 0
configure:4683: test -s conftest.o
configure:4686: $? = 0
configure:4697: result: yes
configure:4700: checking size of unsigned int
configure:4730: mips-linux-gnu3-gcc -c -D__NO_CTYPE  -DLinux -fomit-frame-pointer -pipe -D__linux__ -Dunix -DEMBED -funit-at-a-time -I/opt/buildroot-be-gcc434/usr/include -fPIC -funit-at-a-time -Os -DFOR_ATHEROS_PLATFORM=1 -DFOR_AR934x=1 -DFOR_AR955x=1 -DRUN_SYSTEM_AS_ROOT=1 -DSYSTEM_IS_LITTLE_ENDIAN=0 -DSYSTEM_IS_BIG_ENDIAN=1 -DUSE_UCLIB=1 -DTARGET=1 -DHAS_ATHRS_S17C_CONFIG=1 -D_s17_hwaccel -I/ISD2/configs/h  conftest.c >&5
configure:4736: $? = 0
configure:4739: test -z 			 || test ! -s conftest.err
configure:4742: $? = 0
configure:4745: test -s conftest.o
configure:4748: $? = 0
configure:4770: mips-linux-gnu3-gcc -c -D__NO_CTYPE  -DLinux -fomit-frame-pointer -pipe -D__linux__ -Dunix -DEMBED -funit-at-a-time -I/opt/buildroot-be-gcc434/usr/include -fPIC -funit-at-a-time -Os -DFOR_ATHEROS_PLATFORM=1 -DFOR_AR934x=1 -DFOR_AR955x=1 -DRUN_SYSTEM_AS_ROOT=1 -DSYSTEM_IS_LITTLE_ENDIAN=0 -DSYSTEM_IS_BIG_ENDIAN=1 -DUSE_UCLIB=1 -DTARGET=1 -DHAS_ATHRS_S17C_CONFIG=1 -D_s17_hwaccel -I/ISD2/configs/h  conftest.c >&5
conftest.c: In function 'main':
conftest.c:90: error: size of array 'test_array' is negative
configure:4776: $? = 1
configure: failed program was:
| /* confdefs.h.  */
| 
| #define PACKAGE_NAME ""
| #define PACKAGE_TARNAME ""
| #define PACKAGE_VERSION ""
| #define PACKAGE_STRING ""
| #define PACKAGE_BUGREPORT ""
| #define STDC_HEADERS 1
| #define HAVE_SYS_WAIT_H 1
| #define HAVE_SYS_TYPES_H 1
| #define HAVE_SYS_STAT_H 1
| #define HAVE_STDLIB_H 1
| #define HAVE_STRING_H 1
| #define HAVE_MEMORY_H 1
| #define HAVE_STRINGS_H 1
| #define HAVE_INTTYPES_H 1
| #define HAVE_STDINT_H 1
| #define HAVE_UNISTD_H 1
| #define HAVE_FCNTL_H 1
| #define HAVE_SYS_IOCTL_H 1
| #define HAVE_SYS_TIME_H 1
| #define HAVE_SYSLOG_H 1
| #define HAVE_UNISTD_H 1
| #define HAVE_NET_IF_ARP_H 1
| #define HAVE_NETINET_IF_ETHER_H 1
| #define HAVE_GETOPT_H 1
| #define HAVE_SYS_UIO_H 1
| #define HAVE_SYS_PARAM_H 1
| #define HAVE_FCNTL_H 1
| #define HAVE_NETPACKET_PACKET_H 1
| #define HAVE_NET_ETHERNET_H 1
| #define HAVE_ASM_TYPES_H 1
| #define HAVE_LINUX_IF_PACKET_H 1
| #define HAVE_LINUX_IF_ETHER_H 1
| #define HAVE_SYS_SOCKET_H 1
| #define HAVE_SYS_CDEFS_H 1
| #define HAVE_NET_IF_H 1
| #define HAVE_NETINET_IF_ETHER_H 1
| #define HAVE_LINUX_IF_H 1
| #define HAVE_LINUX_IF_PPPOX_H 1
| #define TIME_WITH_SYS_TIME 1
| #define HAVE_STRUCT_SOCKADDR_LL 1
| #define HAVE_LINUX_KERNEL_PPPOE 1
| #define PROTOTYPES 1
| #define __PROTOTYPES 1
| #define RETSIGTYPE void
| #define HAVE_SELECT 1
| #define HAVE_SOCKET 1
| #define HAVE_STRERROR 1
| #define HAVE_STRTOL 1
| #define SIZEOF_UNSIGNED_SHORT 2
| /* end confdefs.h.  */
| #include <stdio.h>
| #if HAVE_SYS_TYPES_H
| # include <sys/types.h>
| #endif
| #if HAVE_SYS_STAT_H
| # include <sys/stat.h>
| #endif
| #if STDC_HEADERS
| # include <stdlib.h>
| # include <stddef.h>
| #else
| # if HAVE_STDLIB_H
| #  include <stdlib.h>
| # endif
| #endif
| #if HAVE_STRING_H
| # if !STDC_HEADERS && HAVE_MEMORY_H
| #  include <memory.h>
| # endif
| # include <string.h>
| #endif
| #if HAVE_STRINGS_H
| # include <strings.h>
| #endif
| #if HAVE_INTTYPES_H
| # include <inttypes.h>
| #else
| # if HAVE_STDINT_H
| #  include <stdint.h>
| # endif
| #endif
| #if HAVE_UNISTD_H
| # include <unistd.h>
| #endif
| int
| main ()
| {
| static int test_array [1 - 2 * !(((long) (sizeof (unsigned int))) <= 0)];
| test_array [0] = 0
| 
|   ;
|   return 0;
| }
configure:4770: mips-linux-gnu3-gcc -c -D__NO_CTYPE  -DLinux -fomit-frame-pointer -pipe -D__linux__ -Dunix -DEMBED -funit-at-a-time -I/opt/buildroot-be-gcc434/usr/include -fPIC -funit-at-a-time -Os -DFOR_ATHEROS_PLATFORM=1 -DFOR_AR934x=1 -DFOR_AR955x=1 -DRUN_SYSTEM_AS_ROOT=1 -DSYSTEM_IS_LITTLE_ENDIAN=0 -DSYSTEM_IS_BIG_ENDIAN=1 -DUSE_UCLIB=1 -DTARGET=1 -DHAS_ATHRS_S17C_CONFIG=1 -D_s17_hwaccel -I/ISD2/configs/h  conftest.c >&5
conftest.c: In function 'main':
conftest.c:90: error: size of array 'test_array' is negative
configure:4776: $? = 1
configure: failed program was:
| /* confdefs.h.  */
| 
| #define PACKAGE_NAME ""
| #define PACKAGE_TARNAME ""
| #define PACKAGE_VERSION ""
| #define PACKAGE_STRING ""
| #define PACKAGE_BUGREPORT ""
| #define STDC_HEADERS 1
| #define HAVE_SYS_WAIT_H 1
| #define HAVE_SYS_TYPES_H 1
| #define HAVE_SYS_STAT_H 1
| #define HAVE_STDLIB_H 1
| #define HAVE_STRING_H 1
| #define HAVE_MEMORY_H 1
| #define HAVE_STRINGS_H 1
| #define HAVE_INTTYPES_H 1
| #define HAVE_STDINT_H 1
| #define HAVE_UNISTD_H 1
| #define HAVE_FCNTL_H 1
| #define HAVE_SYS_IOCTL_H 1
| #define HAVE_SYS_TIME_H 1
| #define HAVE_SYSLOG_H 1
| #define HAVE_UNISTD_H 1
| #define HAVE_NET_IF_ARP_H 1
| #define HAVE_NETINET_IF_ETHER_H 1
| #define HAVE_GETOPT_H 1
| #define HAVE_SYS_UIO_H 1
| #define HAVE_SYS_PARAM_H 1
| #define HAVE_FCNTL_H 1
| #define HAVE_NETPACKET_PACKET_H 1
| #define HAVE_NET_ETHERNET_H 1
| #define HAVE_ASM_TYPES_H 1
| #define HAVE_LINUX_IF_PACKET_H 1
| #define HAVE_LINUX_IF_ETHER_H 1
| #define HAVE_SYS_SOCKET_H 1
| #define HAVE_SYS_CDEFS_H 1
| #define HAVE_NET_IF_H 1
| #define HAVE_NETINET_IF_ETHER_H 1
| #define HAVE_LINUX_IF_H 1
| #define HAVE_LINUX_IF_PPPOX_H 1
| #define TIME_WITH_SYS_TIME 1
| #define HAVE_STRUCT_SOCKADDR_LL 1
| #define HAVE_LINUX_KERNEL_PPPOE 1
| #define PROTOTYPES 1
| #define __PROTOTYPES 1
| #define RETSIGTYPE void
| #define HAVE_SELECT 1
| #define HAVE_SOCKET 1
| #define HAVE_STRERROR 1
| #define HAVE_STRTOL 1
| #define SIZEOF_UNSIGNED_SHORT 2
| /* end confdefs.h.  */
| #include <stdio.h>
| #if HAVE_SYS_TYPES_H
| # include <sys/types.h>
| #endif
| #if HAVE_SYS_STAT_H
| # include <sys/stat.h>
| #endif
| #if STDC_HEADERS
| # include <stdlib.h>
| # include <stddef.h>
| #else
| # if HAVE_STDLIB_H
| #  include <stdlib.h>
| # endif
| #endif
| #if HAVE_STRING_H
| # if !STDC_HEADERS && HAVE_MEMORY_H
| #  include <memory.h>
| # endif
| # include <string.h>
| #endif
| #if HAVE_STRINGS_H
| # include <strings.h>
| #endif
| #if HAVE_INTTYPES_H
| # include <inttypes.h>
| #else
| # if HAVE_STDINT_H
| #  include <stdint.h>
| # endif
| #endif
| #if HAVE_UNISTD_H
| # include <unistd.h>
| #endif
| int
| main ()
| {
| static int test_array [1 - 2 * !(((long) (sizeof (unsigned int))) <= 1)];
| test_array [0] = 0
| 
|   ;
|   return 0;
| }
configure:4770: mips-linux-gnu3-gcc -c -D__NO_CTYPE  -DLinux -fomit-frame-pointer -pipe -D__linux__ -Dunix -DEMBED -funit-at-a-time -I/opt/buildroot-be-gcc434/usr/include -fPIC -funit-at-a-time -Os -DFOR_ATHEROS_PLATFORM=1 -DFOR_AR934x=1 -DFOR_AR955x=1 -DRUN_SYSTEM_AS_ROOT=1 -DSYSTEM_IS_LITTLE_ENDIAN=0 -DSYSTEM_IS_BIG_ENDIAN=1 -DUSE_UCLIB=1 -DTARGET=1 -DHAS_ATHRS_S17C_CONFIG=1 -D_s17_hwaccel -I/ISD2/configs/h  conftest.c >&5
conftest.c: In function 'main':
conftest.c:90: error: size of array 'test_array' is negative
configure:4776: $? = 1
configure: failed program was:
| /* confdefs.h.  */
| 
| #define PACKAGE_NAME ""
| #define PACKAGE_TARNAME ""
| #define PACKAGE_VERSION ""
| #define PACKAGE_STRING ""
| #define PACKAGE_BUGREPORT ""
| #define STDC_HEADERS 1
| #define HAVE_SYS_WAIT_H 1
| #define HAVE_SYS_TYPES_H 1
| #define HAVE_SYS_STAT_H 1
| #define HAVE_STDLIB_H 1
| #define HAVE_STRING_H 1
| #define HAVE_MEMORY_H 1
| #define HAVE_STRINGS_H 1
| #define HAVE_INTTYPES_H 1
| #define HAVE_STDINT_H 1
| #define HAVE_UNISTD_H 1
| #define HAVE_FCNTL_H 1
| #define HAVE_SYS_IOCTL_H 1
| #define HAVE_SYS_TIME_H 1
| #define HAVE_SYSLOG_H 1
| #define HAVE_UNISTD_H 1
| #define HAVE_NET_IF_ARP_H 1
| #define HAVE_NETINET_IF_ETHER_H 1
| #define HAVE_GETOPT_H 1
| #define HAVE_SYS_UIO_H 1
| #define HAVE_SYS_PARAM_H 1
| #define HAVE_FCNTL_H 1
| #define HAVE_NETPACKET_PACKET_H 1
| #define HAVE_NET_ETHERNET_H 1
| #define HAVE_ASM_TYPES_H 1
| #define HAVE_LINUX_IF_PACKET_H 1
| #define HAVE_LINUX_IF_ETHER_H 1
| #define HAVE_SYS_SOCKET_H 1
| #define HAVE_SYS_CDEFS_H 1
| #define HAVE_NET_IF_H 1
| #define HAVE_NETINET_IF_ETHER_H 1
| #define HAVE_LINUX_IF_H 1
| #define HAVE_LINUX_IF_PPPOX_H 1
| #define TIME_WITH_SYS_TIME 1
| #define HAVE_STRUCT_SOCKADDR_LL 1
| #define HAVE_LINUX_KERNEL_PPPOE 1
| #define PROTOTYPES 1
| #define __PROTOTYPES 1
| #define RETSIGTYPE void
| #define HAVE_SELECT 1
| #define HAVE_SOCKET 1
| #define HAVE_STRERROR 1
| #define HAVE_STRTOL 1
| #define SIZEOF_UNSIGNED_SHORT 2
| /* end confdefs.h.  */
| #include <stdio.h>
| #if HAVE_SYS_TYPES_H
| # include <sys/types.h>
| #endif
| #if HAVE_SYS_STAT_H
| # include <sys/stat.h>
| #endif
| #if STDC_HEADERS
| # include <stdlib.h>
| # include <stddef.h>
| #else
| # if HAVE_STDLIB_H
| #  include <stdlib.h>
| # endif
| #endif
| #if HAVE_STRING_H
| # if !STDC_HEADERS && HAVE_MEMORY_H
| #  include <memory.h>
| # endif
| # include <string.h>
| #endif
| #if HAVE_STRINGS_H
| # include <strings.h>
| #endif
| #if HAVE_INTTYPES_H
| # include <inttypes.h>
| #else
| # if HAVE_STDINT_H
| #  include <stdint.h>
| # endif
| #endif
| #if HAVE_UNISTD_H
| # include <unistd.h>
| #endif
| int
| main ()
| {
| static int test_array [1 - 2 * !(((long) (sizeof (unsigned int))) <= 3)];
| test_array [0] = 0
| 
|   ;
|   return 0;
| }
configure:4770: mips-linux-gnu3-gcc -c -D__NO_CTYPE  -DLinux -fomit-frame-pointer -pipe -D__linux__ -Dunix -DEMBED -funit-at-a-time -I/opt/buildroot-be-gcc434/usr/include -fPIC -funit-at-a-time -Os -DFOR_ATHEROS_PLATFORM=1 -DFOR_AR934x=1 -DFOR_AR955x=1 -DRUN_SYSTEM_AS_ROOT=1 -DSYSTEM_IS_LITTLE_ENDIAN=0 -DSYSTEM_IS_BIG_ENDIAN=1 -DUSE_UCLIB=1 -DTARGET=1 -DHAS_ATHRS_S17C_CONFIG=1 -D_s17_hwaccel -I/ISD2/configs/h  conftest.c >&5
configure:4776: $? = 0
configure:4779: test -z 			 || test ! -s conftest.err
configure:4782: $? = 0
configure:4785: test -s conftest.o
configure:4788: $? = 0
configure:4930: mips-linux-gnu3-gcc -c -D__NO_CTYPE  -DLinux -fomit-frame-pointer -pipe -D__linux__ -Dunix -DEMBED -funit-at-a-time -I/opt/buildroot-be-gcc434/usr/include -fPIC -funit-at-a-time -Os -DFOR_ATHEROS_PLATFORM=1 -DFOR_AR934x=1 -DFOR_AR955x=1 -DRUN_SYSTEM_AS_ROOT=1 -DSYSTEM_IS_LITTLE_ENDIAN=0 -DSYSTEM_IS_BIG_ENDIAN=1 -DUSE_UCLIB=1 -DTARGET=1 -DHAS_ATHRS_S17C_CONFIG=1 -D_s17_hwaccel -I/ISD2/configs/h  conftest.c >&5
configure:4936: $? = 0
configure:4939: test -z 			 || test ! -s conftest.err
configure:4942: $? = 0
configure:4945: test -s conftest.o
configure:4948: $? = 0
configure:4930: mips-linux-gnu3-gcc -c -D__NO_CTYPE  -DLinux -fomit-frame-pointer -pipe -D__linux__ -Dunix -DEMBED -funit-at-a-time -I/opt/buildroot-be-gcc434/usr/include -fPIC -funit-at-a-time -Os -DFOR_ATHEROS_PLATFORM=1 -DFOR_AR934x=1 -DFOR_AR955x=1 -DRUN_SYSTEM_AS_ROOT=1 -DSYSTEM_IS_LITTLE_ENDIAN=0 -DSYSTEM_IS_BIG_ENDIAN=1 -DUSE_UCLIB=1 -DTARGET=1 -DHAS_ATHRS_S17C_CONFIG=1 -D_s17_hwaccel -I/ISD2/configs/h  conftest.c >&5
configure:4936: $? = 0
configure:4939: test -z 			 || test ! -s conftest.err
configure:4942: $? = 0
configure:4945: test -s conftest.o
configure:4948: $? = 0
configure:5043: result: 4
configure:5050: checking for unsigned long
configure:5074: mips-linux-gnu3-gcc -c -D__NO_CTYPE  -DLinux -fomit-frame-pointer -pipe -D__linux__ -Dunix -DEMBED -funit-at-a-time -I/opt/buildroot-be-gcc434/usr/include -fPIC -funit-at-a-time -Os -DFOR_ATHEROS_PLATFORM=1 -DFOR_AR934x=1 -DFOR_AR955x=1 -DRUN_SYSTEM_AS_ROOT=1 -DSYSTEM_IS_LITTLE_ENDIAN=0 -DSYSTEM_IS_BIG_ENDIAN=1 -DUSE_UCLIB=1 -DTARGET=1 -DHAS_ATHRS_S17C_CONFIG=1 -D_s17_hwaccel -I/ISD2/configs/h  conftest.c >&5
configure:5080: $? = 0
configure:5083: test -z 			 || test ! -s conftest.err
configure:5086: $? = 0
configure:5089: test -s conftest.o
configure:5092: $? = 0
configure:5103: result: yes
configure:5106: checking size of unsigned long
configure:5136: mips-linux-gnu3-gcc -c -D__NO_CTYPE  -DLinux -fomit-frame-pointer -pipe -D__linux__ -Dunix -DEMBED -funit-at-a-time -I/opt/buildroot-be-gcc434/usr/include -fPIC -funit-at-a-time -Os -DFOR_ATHEROS_PLATFORM=1 -DFOR_AR934x=1 -DFOR_AR955x=1 -DRUN_SYSTEM_AS_ROOT=1 -DSYSTEM_IS_LITTLE_ENDIAN=0 -DSYSTEM_IS_BIG_ENDIAN=1 -DUSE_UCLIB=1 -DTARGET=1 -DHAS_ATHRS_S17C_CONFIG=1 -D_s17_hwaccel -I/ISD2/configs/h  conftest.c >&5
configure:5142: $? = 0
configure:5145: test -z 			 || test ! -s conftest.err
configure:5148: $? = 0
configure:5151: test -s conftest.o
configure:5154: $? = 0
configure:5176: mips-linux-gnu3-gcc -c -D__NO_CTYPE  -DLinux -fomit-frame-pointer -pipe -D__linux__ -Dunix -DEMBED -funit-at-a-time -I/opt/buildroot-be-gcc434/usr/include -fPIC -funit-at-a-time -Os -DFOR_ATHEROS_PLATFORM=1 -DFOR_AR934x=1 -DFOR_AR955x=1 -DRUN_SYSTEM_AS_ROOT=1 -DSYSTEM_IS_LITTLE_ENDIAN=0 -DSYSTEM_IS_BIG_ENDIAN=1 -DUSE_UCLIB=1 -DTARGET=1 -DHAS_ATHRS_S17C_CONFIG=1 -D_s17_hwaccel -I/ISD2/configs/h  conftest.c >&5
conftest.c: In function 'main':
conftest.c:91: error: size of array 'test_array' is negative
configure:5182: $? = 1
configure: failed program was:
| /* confdefs.h.  */
| 
| #define PACKAGE_NAME ""
| #define PACKAGE_TARNAME ""
| #define PACKAGE_VERSION ""
| #define PACKAGE_STRING ""
| #define PACKAGE_BUGREPORT ""
| #define STDC_HEADERS 1
| #define HAVE_SYS_WAIT_H 1
| #define HAVE_SYS_TYPES_H 1
| #define HAVE_SYS_STAT_H 1
| #define HAVE_STDLIB_H 1
| #define HAVE_STRING_H 1
| #define HAVE_MEMORY_H 1
| #define HAVE_STRINGS_H 1
| #define HAVE_INTTYPES_H 1
| #define HAVE_STDINT_H 1
| #define HAVE_UNISTD_H 1
| #define HAVE_FCNTL_H 1
| #define HAVE_SYS_IOCTL_H 1
| #define HAVE_SYS_TIME_H 1
| #define HAVE_SYSLOG_H 1
| #define HAVE_UNISTD_H 1
| #define HAVE_NET_IF_ARP_H 1
| #define HAVE_NETINET_IF_ETHER_H 1
| #define HAVE_GETOPT_H 1
| #define HAVE_SYS_UIO_H 1
| #define HAVE_SYS_PARAM_H 1
| #define HAVE_FCNTL_H 1
| #define HAVE_NETPACKET_PACKET_H 1
| #define HAVE_NET_ETHERNET_H 1
| #define HAVE_ASM_TYPES_H 1
| #define HAVE_LINUX_IF_PACKET_H 1
| #define HAVE_LINUX_IF_ETHER_H 1
| #define HAVE_SYS_SOCKET_H 1
| #define HAVE_SYS_CDEFS_H 1
| #define HAVE_NET_IF_H 1
| #define HAVE_NETINET_IF_ETHER_H 1
| #define HAVE_LINUX_IF_H 1
| #define HAVE_LINUX_IF_PPPOX_H 1
| #define TIME_WITH_SYS_TIME 1
| #define HAVE_STRUCT_SOCKADDR_LL 1
| #define HAVE_LINUX_KERNEL_PPPOE 1
| #define PROTOTYPES 1
| #define __PROTOTYPES 1
| #define RETSIGTYPE void
| #define HAVE_SELECT 1
| #define HAVE_SOCKET 1
| #define HAVE_STRERROR 1
| #define HAVE_STRTOL 1
| #define SIZEOF_UNSIGNED_SHORT 2
| #define SIZEOF_UNSIGNED_INT 4
| /* end confdefs.h.  */
| #include <stdio.h>
| #if HAVE_SYS_TYPES_H
| # include <sys/types.h>
| #endif
| #if HAVE_SYS_STAT_H
| # include <sys/stat.h>
| #endif
| #if STDC_HEADERS
| # include <stdlib.h>
| # include <stddef.h>
| #else
| # if HAVE_STDLIB_H
| #  include <stdlib.h>
| # endif
| #endif
| #if HAVE_STRING_H
| # if !STDC_HEADERS && HAVE_MEMORY_H
| #  include <memory.h>
| # endif
| # include <string.h>
| #endif
| #if HAVE_STRINGS_H
| # include <strings.h>
| #endif
| #if HAVE_INTTYPES_H
| # include <inttypes.h>
| #else
| # if HAVE_STDINT_H
| #  include <stdint.h>
| # endif
| #endif
| #if HAVE_UNISTD_H
| # include <unistd.h>
| #endif
| int
| main ()
| {
| static int test_array [1 - 2 * !(((long) (sizeof (unsigned long))) <= 0)];
| test_array [0] = 0
| 
|   ;
|   return 0;
| }
configure:5176: mips-linux-gnu3-gcc -c -D__NO_CTYPE  -DLinux -fomit-frame-pointer -pipe -D__linux__ -Dunix -DEMBED -funit-at-a-time -I/opt/buildroot-be-gcc434/usr/include -fPIC -funit-at-a-time -Os -DFOR_ATHEROS_PLATFORM=1 -DFOR_AR934x=1 -DFOR_AR955x=1 -DRUN_SYSTEM_AS_ROOT=1 -DSYSTEM_IS_LITTLE_ENDIAN=0 -DSYSTEM_IS_BIG_ENDIAN=1 -DUSE_UCLIB=1 -DTARGET=1 -DHAS_ATHRS_S17C_CONFIG=1 -D_s17_hwaccel -I/ISD2/configs/h  conftest.c >&5
conftest.c: In function 'main':
conftest.c:91: error: size of array 'test_array' is negative
configure:5182: $? = 1
configure: failed program was:
| /* confdefs.h.  */
| 
| #define PACKAGE_NAME ""
| #define PACKAGE_TARNAME ""
| #define PACKAGE_VERSION ""
| #define PACKAGE_STRING ""
| #define PACKAGE_BUGREPORT ""
| #define STDC_HEADERS 1
| #define HAVE_SYS_WAIT_H 1
| #define HAVE_SYS_TYPES_H 1
| #define HAVE_SYS_STAT_H 1
| #define HAVE_STDLIB_H 1
| #define HAVE_STRING_H 1
| #define HAVE_MEMORY_H 1
| #define HAVE_STRINGS_H 1
| #define HAVE_INTTYPES_H 1
| #define HAVE_STDINT_H 1
| #define HAVE_UNISTD_H 1
| #define HAVE_FCNTL_H 1
| #define HAVE_SYS_IOCTL_H 1
| #define HAVE_SYS_TIME_H 1
| #define HAVE_SYSLOG_H 1
| #define HAVE_UNISTD_H 1
| #define HAVE_NET_IF_ARP_H 1
| #define HAVE_NETINET_IF_ETHER_H 1
| #define HAVE_GETOPT_H 1
| #define HAVE_SYS_UIO_H 1
| #define HAVE_SYS_PARAM_H 1
| #define HAVE_FCNTL_H 1
| #define HAVE_NETPACKET_PACKET_H 1
| #define HAVE_NET_ETHERNET_H 1
| #define HAVE_ASM_TYPES_H 1
| #define HAVE_LINUX_IF_PACKET_H 1
| #define HAVE_LINUX_IF_ETHER_H 1
| #define HAVE_SYS_SOCKET_H 1
| #define HAVE_SYS_CDEFS_H 1
| #define HAVE_NET_IF_H 1
| #define HAVE_NETINET_IF_ETHER_H 1
| #define HAVE_LINUX_IF_H 1
| #define HAVE_LINUX_IF_PPPOX_H 1
| #define TIME_WITH_SYS_TIME 1
| #define HAVE_STRUCT_SOCKADDR_LL 1
| #define HAVE_LINUX_KERNEL_PPPOE 1
| #define PROTOTYPES 1
| #define __PROTOTYPES 1
| #define RETSIGTYPE void
| #define HAVE_SELECT 1
| #define HAVE_SOCKET 1
| #define HAVE_STRERROR 1
| #define HAVE_STRTOL 1
| #define SIZEOF_UNSIGNED_SHORT 2
| #define SIZEOF_UNSIGNED_INT 4
| /* end confdefs.h.  */
| #include <stdio.h>
| #if HAVE_SYS_TYPES_H
| # include <sys/types.h>
| #endif
| #if HAVE_SYS_STAT_H
| # include <sys/stat.h>
| #endif
| #if STDC_HEADERS
| # include <stdlib.h>
| # include <stddef.h>
| #else
| # if HAVE_STDLIB_H
| #  include <stdlib.h>
| # endif
| #endif
| #if HAVE_STRING_H
| # if !STDC_HEADERS && HAVE_MEMORY_H
| #  include <memory.h>
| # endif
| # include <string.h>
| #endif
| #if HAVE_STRINGS_H
| # include <strings.h>
| #endif
| #if HAVE_INTTYPES_H
| # include <inttypes.h>
| #else
| # if HAVE_STDINT_H
| #  include <stdint.h>
| # endif
| #endif
| #if HAVE_UNISTD_H
| # include <unistd.h>
| #endif
| int
| main ()
| {
| static int test_array [1 - 2 * !(((long) (sizeof (unsigned long))) <= 1)];
| test_array [0] = 0
| 
|   ;
|   return 0;
| }
configure:5176: mips-linux-gnu3-gcc -c -D__NO_CTYPE  -DLinux -fomit-frame-pointer -pipe -D__linux__ -Dunix -DEMBED -funit-at-a-time -I/opt/buildroot-be-gcc434/usr/include -fPIC -funit-at-a-time -Os -DFOR_ATHEROS_PLATFORM=1 -DFOR_AR934x=1 -DFOR_AR955x=1 -DRUN_SYSTEM_AS_ROOT=1 -DSYSTEM_IS_LITTLE_ENDIAN=0 -DSYSTEM_IS_BIG_ENDIAN=1 -DUSE_UCLIB=1 -DTARGET=1 -DHAS_ATHRS_S17C_CONFIG=1 -D_s17_hwaccel -I/ISD2/configs/h  conftest.c >&5
conftest.c: In function 'main':
conftest.c:91: error: size of array 'test_array' is negative
configure:5182: $? = 1
configure: failed program was:
| /* confdefs.h.  */
| 
| #define PACKAGE_NAME ""
| #define PACKAGE_TARNAME ""
| #define PACKAGE_VERSION ""
| #define PACKAGE_STRING ""
| #define PACKAGE_BUGREPORT ""
| #define STDC_HEADERS 1
| #define HAVE_SYS_WAIT_H 1
| #define HAVE_SYS_TYPES_H 1
| #define HAVE_SYS_STAT_H 1
| #define HAVE_STDLIB_H 1
| #define HAVE_STRING_H 1
| #define HAVE_MEMORY_H 1
| #define HAVE_STRINGS_H 1
| #define HAVE_INTTYPES_H 1
| #define HAVE_STDINT_H 1
| #define HAVE_UNISTD_H 1
| #define HAVE_FCNTL_H 1
| #define HAVE_SYS_IOCTL_H 1
| #define HAVE_SYS_TIME_H 1
| #define HAVE_SYSLOG_H 1
| #define HAVE_UNISTD_H 1
| #define HAVE_NET_IF_ARP_H 1
| #define HAVE_NETINET_IF_ETHER_H 1
| #define HAVE_GETOPT_H 1
| #define HAVE_SYS_UIO_H 1
| #define HAVE_SYS_PARAM_H 1
| #define HAVE_FCNTL_H 1
| #define HAVE_NETPACKET_PACKET_H 1
| #define HAVE_NET_ETHERNET_H 1
| #define HAVE_ASM_TYPES_H 1
| #define HAVE_LINUX_IF_PACKET_H 1
| #define HAVE_LINUX_IF_ETHER_H 1
| #define HAVE_SYS_SOCKET_H 1
| #define HAVE_SYS_CDEFS_H 1
| #define HAVE_NET_IF_H 1
| #define HAVE_NETINET_IF_ETHER_H 1
| #define HAVE_LINUX_IF_H 1
| #define HAVE_LINUX_IF_PPPOX_H 1
| #define TIME_WITH_SYS_TIME 1
| #define HAVE_STRUCT_SOCKADDR_LL 1
| #define HAVE_LINUX_KERNEL_PPPOE 1
| #define PROTOTYPES 1
| #define __PROTOTYPES 1
| #define RETSIGTYPE void
| #define HAVE_SELECT 1
| #define HAVE_SOCKET 1
| #define HAVE_STRERROR 1
| #define HAVE_STRTOL 1
| #define SIZEOF_UNSIGNED_SHORT 2
| #define SIZEOF_UNSIGNED_INT 4
| /* end confdefs.h.  */
| #include <stdio.h>
| #if HAVE_SYS_TYPES_H
| # include <sys/types.h>
| #endif
| #if HAVE_SYS_STAT_H
| # include <sys/stat.h>
| #endif
| #if STDC_HEADERS
| # include <stdlib.h>
| # include <stddef.h>
| #else
| # if HAVE_STDLIB_H
| #  include <stdlib.h>
| # endif
| #endif
| #if HAVE_STRING_H
| # if !STDC_HEADERS && HAVE_MEMORY_H
| #  include <memory.h>
| # endif
| # include <string.h>
| #endif
| #if HAVE_STRINGS_H
| # include <strings.h>
| #endif
| #if HAVE_INTTYPES_H
| # include <inttypes.h>
| #else
| # if HAVE_STDINT_H
| #  include <stdint.h>
| # endif
| #endif
| #if HAVE_UNISTD_H
| # include <unistd.h>
| #endif
| int
| main ()
| {
| static int test_array [1 - 2 * !(((long) (sizeof (unsigned long))) <= 3)];
| test_array [0] = 0
| 
|   ;
|   return 0;
| }
configure:5176: mips-linux-gnu3-gcc -c -D__NO_CTYPE  -DLinux -fomit-frame-pointer -pipe -D__linux__ -Dunix -DEMBED -funit-at-a-time -I/opt/buildroot-be-gcc434/usr/include -fPIC -funit-at-a-time -Os -DFOR_ATHEROS_PLATFORM=1 -DFOR_AR934x=1 -DFOR_AR955x=1 -DRUN_SYSTEM_AS_ROOT=1 -DSYSTEM_IS_LITTLE_ENDIAN=0 -DSYSTEM_IS_BIG_ENDIAN=1 -DUSE_UCLIB=1 -DTARGET=1 -DHAS_ATHRS_S17C_CONFIG=1 -D_s17_hwaccel -I/ISD2/configs/h  conftest.c >&5
configure:5182: $? = 0
configure:5185: test -z 			 || test ! -s conftest.err
configure:5188: $? = 0
configure:5191: test -s conftest.o
configure:5194: $? = 0
configure:5336: mips-linux-gnu3-gcc -c -D__NO_CTYPE  -DLinux -fomit-frame-pointer -pipe -D__linux__ -Dunix -DEMBED -funit-at-a-time -I/opt/buildroot-be-gcc434/usr/include -fPIC -funit-at-a-time -Os -DFOR_ATHEROS_PLATFORM=1 -DFOR_AR934x=1 -DFOR_AR955x=1 -DRUN_SYSTEM_AS_ROOT=1 -DSYSTEM_IS_LITTLE_ENDIAN=0 -DSYSTEM_IS_BIG_ENDIAN=1 -DUSE_UCLIB=1 -DTARGET=1 -DHAS_ATHRS_S17C_CONFIG=1 -D_s17_hwaccel -I/ISD2/configs/h  conftest.c >&5
configure:5342: $? = 0
configure:5345: test -z 			 || test ! -s conftest.err
configure:5348: $? = 0
configure:5351: test -s conftest.o
configure:5354: $? = 0
configure:5336: mips-linux-gnu3-gcc -c -D__NO_CTYPE  -DLinux -fomit-frame-pointer -pipe -D__linux__ -Dunix -DEMBED -funit-at-a-time -I/opt/buildroot-be-gcc434/usr/include -fPIC -funit-at-a-time -Os -DFOR_ATHEROS_PLATFORM=1 -DFOR_AR934x=1 -DFOR_AR955x=1 -DRUN_SYSTEM_AS_ROOT=1 -DSYSTEM_IS_LITTLE_ENDIAN=0 -DSYSTEM_IS_BIG_ENDIAN=1 -DUSE_UCLIB=1 -DTARGET=1 -DHAS_ATHRS_S17C_CONFIG=1 -D_s17_hwaccel -I/ISD2/configs/h  conftest.c >&5
configure:5342: $? = 0
configure:5345: test -z 			 || test ! -s conftest.err
configure:5348: $? = 0
configure:5351: test -s conftest.o
configure:5354: $? = 0
configure:5449: result: 4
configure:5459: checking for pppd
configure:5478: found /usr/sbin/pppd
configure:5491: result: /usr/sbin/pppd
configure:5500: checking for echo
configure:5518: found /bin/echo
configure:5531: result: /bin/echo
configure:5541: checking for setsid
configure:5560: found /usr/bin/setsid
configure:5573: result: /usr/bin/setsid
configure:5583: checking for id
configure:5602: found /usr/bin/id
configure:5615: result: /usr/bin/id
configure:5623: checking for Linux 2.4.X kernel-mode PPPoE support
configure:5686: result: yes
configure:5747: checking packing order of bit fields
configure:5814: result: normal
configure:5977: creating ./config.status

## ---------------------- ##
## Running config.status. ##
## ---------------------- ##

This file was extended by config.status, which was
generated by GNU Autoconf 2.59.  Invocation command line was

  CONFIG_FILES    = 
  CONFIG_HEADERS  = 
  CONFIG_LINKS    = 
  CONFIG_COMMANDS = 
  $ ./config.status 

on rd2-VirtualBox-book

config.status:720: creating Makefile
config.status:720: creating libevent/Makefile
config.status:720: creating ../scripts/pppoe-connect
config.status:720: creating ../scripts/pppoe-start
config.status:720: creating ../scripts/pppoe-stop
config.status:720: creating ../scripts/pppoe-init
config.status:720: creating ../scripts/pppoe-init-suse
config.status:720: creating ../scripts/pppoe-init-turbolinux
config.status:720: creating ../scripts/pppoe-setup
config.status:720: creating ../gui/Makefile
config.status:720: creating ../gui/tkpppoe
config.status:786: creating config.h
configure:7032: result: On this platform, the following targets will be built:
configure:7034: result: pppoe pppoe-server pppoe-sniff pppoe-relay rp-pppoe.so
configure:7036: result: Type 'make' to compile the software.

## ---------------- ##
## Cache variables. ##
## ---------------- ##

ac_cv_c_compiler_gnu=yes
ac_cv_c_const=yes
ac_cv_debugging=no
ac_cv_env_CC_set=set
ac_cv_env_CC_value=mips-linux-gnu3-gcc
ac_cv_env_CFLAGS_set=set
ac_cv_env_CFLAGS_value='-D__NO_CTYPE  -DLinux -fomit-frame-pointer -pipe -D__linux__ -Dunix -DEMBED -funit-at-a-time -I/opt/buildroot-be-gcc434/usr/include -fPIC -funit-at-a-time -Os -DFOR_ATHEROS_PLATFORM=1 -DFOR_AR934x=1 -DFOR_AR955x=1 -DRUN_SYSTEM_AS_ROOT=1 -DSYSTEM_IS_LITTLE_ENDIAN=0 -DSYSTEM_IS_BIG_ENDIAN=1 -DUSE_UCLIB=1 -DTARGET=1 -DHAS_ATHRS_S17C_CONFIG=1 -D_s17_hwaccel -I/ISD2/configs/h'
ac_cv_env_CPPFLAGS_set=
ac_cv_env_CPPFLAGS_value=
ac_cv_env_CPP_set=
ac_cv_env_CPP_value=
ac_cv_env_LDFLAGS_set=set
ac_cv_env_LDFLAGS_value=
ac_cv_env_build_alias_set=set
ac_cv_env_build_alias_value=i686-linux
ac_cv_env_host_alias_set=set
ac_cv_env_host_alias_value=mips-linux-gnu3
ac_cv_env_target_alias_set=set
ac_cv_env_target_alias_value=mips-linux-gnu3
ac_cv_exeext=
ac_cv_func_memcmp_working=no
ac_cv_func_select=yes
ac_cv_func_setvbuf_reversed=no
ac_cv_func_socket=yes
ac_cv_func_strerror=yes
ac_cv_func_strtol=yes
ac_cv_header_asm_types_h=yes
ac_cv_header_fcntl_h=yes
ac_cv_header_getopt_h=yes
ac_cv_header_inttypes_h=yes
ac_cv_header_linux_if_ether_h=yes
ac_cv_header_linux_if_h=yes
ac_cv_header_linux_if_packet_h=yes
ac_cv_header_linux_if_pppox_h=yes
ac_cv_header_memory_h=yes
ac_cv_header_net_bpf_h=no
ac_cv_header_net_ethernet_h=yes
ac_cv_header_net_if_arp_h=yes
ac_cv_header_net_if_dl_h=no
ac_cv_header_net_if_ether_h=no
ac_cv_header_net_if_h=yes
ac_cv_header_net_if_types_h=no
ac_cv_header_netinet_if_ether_h=yes
ac_cv_header_netpacket_packet_h=yes
ac_cv_header_stdc=yes
ac_cv_header_stdint_h=yes
ac_cv_header_stdlib_h=yes
ac_cv_header_string_h=yes
ac_cv_header_strings_h=yes
ac_cv_header_sys_cdefs_h=yes
ac_cv_header_sys_dlpi_h=no
ac_cv_header_sys_ioctl_h=yes
ac_cv_header_sys_param_h=yes
ac_cv_header_sys_socket_h=yes
ac_cv_header_sys_stat_h=yes
ac_cv_header_sys_time_h=yes
ac_cv_header_sys_types_h=yes
ac_cv_header_sys_uio_h=yes
ac_cv_header_sys_wait_h=yes
ac_cv_header_syslog_h=yes
ac_cv_header_time=yes
ac_cv_header_unistd_h=yes
ac_cv_licpath=no
ac_cv_linux_kernel_pppoe=yes
ac_cv_n_hdlc=no
ac_cv_objext=o
ac_cv_path_ECHO=/bin/echo
ac_cv_path_ID=/usr/bin/id
ac_cv_path_PPPD=/usr/sbin/pppd
ac_cv_path_SETSID=/usr/bin/setsid
ac_cv_path_install='/usr/bin/install -c'
ac_cv_pluginpath=/ISD2/COMMON_APPS/rp-pppoe-3.x/../ppp
ac_cv_prog_CC=mips-linux-gnu3-gcc
ac_cv_prog_CPP='mips-linux-gnu3-gcc -E'
ac_cv_prog_RANLIB=mips-linux-gnu3-ranlib
ac_cv_prog_cc_g=yes
ac_cv_prog_cc_stdc=
ac_cv_prog_egrep='grep -E'
ac_cv_sizeof_unsigned_int=4
ac_cv_sizeof_unsigned_long=4
ac_cv_sizeof_unsigned_short=2
ac_cv_struct_sockaddr_ll=yes
ac_cv_struct_tm=time.h
ac_cv_type_pid_t=yes
ac_cv_type_signal=void
ac_cv_type_unsigned_int=yes
ac_cv_type_unsigned_long=yes
ac_cv_type_unsigned_short=yes

## ----------------- ##
## Output variables. ##
## ----------------- ##

CC='mips-linux-gnu3-gcc'
CFLAGS='-D__NO_CTYPE  -DLinux -fomit-frame-pointer -pipe -D__linux__ -Dunix -DEMBED -funit-at-a-time -I/opt/buildroot-be-gcc434/usr/include -fPIC -funit-at-a-time -Os -DFOR_ATHEROS_PLATFORM=1 -DFOR_AR934x=1 -DFOR_AR955x=1 -DRUN_SYSTEM_AS_ROOT=1 -DSYSTEM_IS_LITTLE_ENDIAN=0 -DSYSTEM_IS_BIG_ENDIAN=1 -DUSE_UCLIB=1 -DTARGET=1 -DHAS_ATHRS_S17C_CONFIG=1 -D_s17_hwaccel -I/ISD2/configs/h -Wall'
CPP='mips-linux-gnu3-gcc -E'
CPPFLAGS=''
DEFS='-DHAVE_CONFIG_H'
ECHO='/bin/echo'
ECHO_C=''
ECHO_N='-n'
ECHO_T=''
EGREP='grep -E'
EXEEXT=''
ID='/usr/bin/id'
INSTALL_DATA='${INSTALL} -m 644'
INSTALL_PROGRAM='${INSTALL}'
INSTALL_SCRIPT='${INSTALL}'
LDFLAGS=''
LIBEVENT='../libevent'
LIBOBJS=' memcmp$U.o'
LIBS=''
LIC_DEFINE=''
LIC_INCDIR=''
LIC_LIB=''
LIC_LIBDIR=''
LIC_MAKEFILE_INCLUDE=''
LINUX_KERNELMODE_PLUGIN='rp-pppoe.so'
LTLIBOBJS=' memcmp$U.lo'
OBJEXT='o'
PACKAGE_BUGREPORT=''
PACKAGE_NAME=''
PACKAGE_STRING=''
PACKAGE_TARNAME=''
PACKAGE_VERSION=''
PATH_SEPARATOR=':'
PPPD='/usr/sbin/pppd'
PPPD_H=''
PPPD_INCDIR='/ISD2/COMMON_APPS/rp-pppoe-3.x/../ppp'
PPPOE_RELAY='pppoe-relay'
PPPOE_SERVER_DEPS=''
RANLIB='mips-linux-gnu3-ranlib'
RDYNAMIC=''
SETSID='/usr/bin/setsid'
SHELL='/bin/sh'
TARGETS='pppoe pppoe-server pppoe-sniff pppoe-relay rp-pppoe.so'
WRAPPER='//sbin/pppoe-wrapper'
ac_ct_CC=''
ac_ct_RANLIB=''
bindir='${exec_prefix}/bin'
build_alias='i686-linux'
datadir='${prefix}/share'
datadir_evaluated='//share'
exec_prefix='${prefix}'
host_alias='mips-linux-gnu3'
includedir='/ISD2/ATHEROS_LSDK_KNL/linux-2.6.31/include'
infodir='${prefix}/info'
libdir='${exec_prefix}/lib'
libexecdir='${exec_prefix}/libexec'
localstatedir='${prefix}/var'
mandir='${prefix}/man'
oldincludedir='/usr/include'
prefix='/'
program_transform_name='s,x,x,'
sbindir='${exec_prefix}/sbin'
sharedstatedir='${prefix}/com'
sysconfdir='${prefix}/etc'
target_alias='mips-linux-gnu3'

## ----------- ##
## confdefs.h. ##
## ----------- ##

#define HAVE_ASM_TYPES_H 1
#define HAVE_FCNTL_H 1
#define HAVE_FCNTL_H 1
#define HAVE_GETOPT_H 1
#define HAVE_INTTYPES_H 1
#define HAVE_LINUX_IF_ETHER_H 1
#define HAVE_LINUX_IF_H 1
#define HAVE_LINUX_IF_PACKET_H 1
#define HAVE_LINUX_IF_PPPOX_H 1
#define HAVE_LINUX_KERNEL_PPPOE 1
#define HAVE_MEMORY_H 1
#define HAVE_NETINET_IF_ETHER_H 1
#define HAVE_NETINET_IF_ETHER_H 1
#define HAVE_NETPACKET_PACKET_H 1
#define HAVE_NET_ETHERNET_H 1
#define HAVE_NET_IF_ARP_H 1
#define HAVE_NET_IF_H 1
#define HAVE_SELECT 1
#define HAVE_SOCKET 1
#define HAVE_STDINT_H 1
#define HAVE_STDLIB_H 1
#define HAVE_STRERROR 1
#define HAVE_STRINGS_H 1
#define HAVE_STRING_H 1
#define HAVE_STRTOL 1
#define HAVE_STRUCT_SOCKADDR_LL 1
#define HAVE_SYSLOG_H 1
#define HAVE_SYS_CDEFS_H 1
#define HAVE_SYS_IOCTL_H 1
#define HAVE_SYS_PARAM_H 1
#define HAVE_SYS_SOCKET_H 1
#define HAVE_SYS_STAT_H 1
#define HAVE_SYS_TIME_H 1
#define HAVE_SYS_TYPES_H 1
#define HAVE_SYS_UIO_H 1
#define HAVE_SYS_WAIT_H 1
#define HAVE_UNISTD_H 1
#define HAVE_UNISTD_H 1
#define PACKAGE_BUGREPORT ""
#define PACKAGE_NAME ""
#define PACKAGE_STRING ""
#define PACKAGE_TARNAME ""
#define PACKAGE_VERSION ""
#define PROTOTYPES 1
#define RETSIGTYPE void
#define SIZEOF_UNSIGNED_INT 4
#define SIZEOF_UNSIGNED_LONG 4
#define SIZEOF_UNSIGNED_SHORT 2
#define STDC_HEADERS 1
#define TIME_WITH_SYS_TIME 1
#define __PROTOTYPES 1

configure: exit 0
