This file contains any messages produced by compilers while
running configure, to aid debugging if configure makes a mistake.

It was created by configure, which was
generated by GNU Autoconf 2.61.  Invocation command line was

  $ ./configure --build=i686-linux --target=mips-linux-gnu3 --host=mips-linux-gnu3 --enable-readline --prefix=/

## --------- ##
## Platform. ##
## --------- ##

hostname = rd2-VirtualBox-book
uname -m = x86_64
uname -r = 4.13.0-32-generic
uname -s = Linux
uname -v = #35~16.04.1-Ubuntu SMP Thu Jan 25 10:13:43 UTC 2018

/usr/bin/uname -p = unknown
/bin/uname -X     = unknown

/bin/arch              = unknown
/usr/bin/arch -k       = unknown
/usr/convex/getsysinfo = unknown
/usr/bin/hostinfo      = unknown
/bin/machine           = unknown
/usr/bin/oslevel       = unknown
/bin/universe          = unknown

PATH: /usr/local/sbin
PATH: /usr/local/bin
PATH: /usr/sbin
PATH: /usr/bin
PATH: /sbin
PATH: /bin
PATH: /root/senaoenv/gitscripts/
PATH: /root/senaoenv/scripts/
PATH: /root/senaoenv/python/
PATH: /opt/buildroot-gcc346/bin
PATH: /opt/buildroot-gcc342/bin
PATH: /opt/buildroot-gdb/bin
PATH: /opt/mipseltools/bin/
PATH: /opt/buildroot_be-gcc346/bin
PATH: /opt/buildroot-be-gcc434/usr/bin
PATH: /opt/buildroot_be-gcc44x/usr/bin
PATH: /opt/buildroot-gcc434/usr/bin
PATH: /opt/rsdk-1.3.6-4181-EB-2.6.30-0.9.30/bin
PATH: /opt/rsdk-1.3.6-5281-EB-2.6.30-0.9.30/bin
PATH: /opt/ubicom32-elf-toolchain/bin
PATH: /opt/arm-none-linux-gnueabi-4.4.0_ARMv5TE/bin
PATH: /opt/arm-unknown-linux-uclibcgnueabi-4.4.0_ARMv5TE/bin


## ----------- ##
## Core tests. ##
## ----------- ##

configure:1967: checking for a BSD-compatible install
configure:2023: result: /usr/bin/install -c
configure:2034: checking whether build environment is sane
configure:2077: result: yes
configure:2142: checking for gawk
configure:2158: found /usr/bin/gawk
configure:2169: result: gawk
configure:2180: checking whether make sets $(MAKE)
configure:2201: result: yes
configure:2277: checking for mips-linux-gnu3-strip
configure:2293: found /opt/buildroot-be-gcc434/usr/bin/mips-linux-gnu3-strip
configure:2304: result: mips-linux-gnu3-strip
configure:2400: checking for mips-linux-gnu3-gcc
configure:2427: result: mips-linux-gnu3-gcc
configure:2705: checking for C compiler version
configure:2712: mips-linux-gnu3-gcc --version >&5
mips-linux-gnu3-gcc (Buildroot 2010.05) 4.3.4
Copyright (C) 2008 Free Software Foundation, Inc.
This is free software; see the source for copying conditions.  There is NO
warranty; not even for MERCHANTABILITY or FITNESS FOR A PARTICULAR PURPOSE.

configure:2715: $? = 0
configure:2722: mips-linux-gnu3-gcc -v >&5
Using built-in specs.
Target: mips-unknown-linux-uclibc
Configured with: /toolchains_gcc434_src/buildroot-2010.05_MIPS_2633_TZ/output/toolchain/gcc-4.3.4/configure --prefix=/usr --build=i686-pc-linux-gnu --host=i686-pc-linux-gnu --target=mips-unknown-linux-uclibc --enable-languages=c,c++ --with-sysroot=/opt/buildroot-be-gcc434 --with-build-time-tools=/opt/buildroot-be-gcc434/usr/mips-unknown-linux-uclibc/bin --disable-__cxa_atexit --enable-target-optspace --with-gnu-ld --disable-libssp --enable-tls --enable-shared --with-gmp=/toolchains_gcc434_src/buildroot-2010.05_MIPS_2633_TZ/output/toolchain/gmp --with-mpfr=/toolchains_gcc434_src/buildroot-2010.05_MIPS_2633_TZ/output/toolchain/mpfr --disable-nls --enable-threads --disable-multilib --disable-decimal-float --with-float=soft --with-abi=32 --with-tune=mips32r2 --with-pkgversion='Buildroot 2010.05' --with-bugurl=http://bugs.buildroot.net/
Thread model: posix
gcc version 4.3.4 (Buildroot 2010.05) 
configure:2725: $? = 0
configure:2732: mips-linux-gnu3-gcc -V >&5
mips-linux-gnu3-gcc: '-V' option must have argument
configure:2735: $? = 1
configure:2758: checking for C compiler default output file name
configure:2785: mips-linux-gnu3-gcc -D__NO_CTYPE  -DLinux -fomit-frame-pointer -pipe -D__linux__ -Dunix -DEMBED -funit-at-a-time -I/opt/buildroot-be-gcc434/usr/include -fPIC -funit-at-a-time -Os -DFOR_ATHEROS_PLATFORM=1 -DFOR_AR934x=1 -DFOR_AR955x=1 -DRUN_SYSTEM_AS_ROOT=1 -DSYSTEM_IS_LITTLE_ENDIAN=0 -DSYSTEM_IS_BIG_ENDIAN=1 -DUSE_UCLIB=1 -DTARGET=1 -I/ISD2/configs/h   conftest.c  >&5
configure:2788: $? = 0
configure:2826: result: a.out
configure:2843: checking whether the C compiler works
configure:2873: result: yes
configure:2880: checking whether we are cross compiling
configure:2882: result: yes
configure:2885: checking for suffix of executables
configure:2892: mips-linux-gnu3-gcc -o conftest -D__NO_CTYPE  -DLinux -fomit-frame-pointer -pipe -D__linux__ -Dunix -DEMBED -funit-at-a-time -I/opt/buildroot-be-gcc434/usr/include -fPIC -funit-at-a-time -Os -DFOR_ATHEROS_PLATFORM=1 -DFOR_AR934x=1 -DFOR_AR955x=1 -DRUN_SYSTEM_AS_ROOT=1 -DSYSTEM_IS_LITTLE_ENDIAN=0 -DSYSTEM_IS_BIG_ENDIAN=1 -DUSE_UCLIB=1 -DTARGET=1 -I/ISD2/configs/h   conftest.c  >&5
configure:2895: $? = 0
configure:2919: result: 
configure:2925: checking for suffix of object files
configure:2951: mips-linux-gnu3-gcc -c -D__NO_CTYPE  -DLinux -fomit-frame-pointer -pipe -D__linux__ -Dunix -DEMBED -funit-at-a-time -I/opt/buildroot-be-gcc434/usr/include -fPIC -funit-at-a-time -Os -DFOR_ATHEROS_PLATFORM=1 -DFOR_AR934x=1 -DFOR_AR955x=1 -DRUN_SYSTEM_AS_ROOT=1 -DSYSTEM_IS_LITTLE_ENDIAN=0 -DSYSTEM_IS_BIG_ENDIAN=1 -DUSE_UCLIB=1 -DTARGET=1 -I/ISD2/configs/h  conftest.c >&5
configure:2954: $? = 0
configure:2977: result: o
configure:2981: checking whether we are using the GNU C compiler
configure:3010: mips-linux-gnu3-gcc -c -D__NO_CTYPE  -DLinux -fomit-frame-pointer -pipe -D__linux__ -Dunix -DEMBED -funit-at-a-time -I/opt/buildroot-be-gcc434/usr/include -fPIC -funit-at-a-time -Os -DFOR_ATHEROS_PLATFORM=1 -DFOR_AR934x=1 -DFOR_AR955x=1 -DRUN_SYSTEM_AS_ROOT=1 -DSYSTEM_IS_LITTLE_ENDIAN=0 -DSYSTEM_IS_BIG_ENDIAN=1 -DUSE_UCLIB=1 -DTARGET=1 -I/ISD2/configs/h  conftest.c >&5
configure:3016: $? = 0
configure:3033: result: yes
configure:3038: checking whether mips-linux-gnu3-gcc accepts -g
configure:3068: mips-linux-gnu3-gcc -c -g  conftest.c >&5
configure:3074: $? = 0
configure:3173: result: yes
configure:3190: checking for mips-linux-gnu3-gcc option to accept ISO C89
configure:3264: mips-linux-gnu3-gcc  -c -D__NO_CTYPE  -DLinux -fomit-frame-pointer -pipe -D__linux__ -Dunix -DEMBED -funit-at-a-time -I/opt/buildroot-be-gcc434/usr/include -fPIC -funit-at-a-time -Os -DFOR_ATHEROS_PLATFORM=1 -DFOR_AR934x=1 -DFOR_AR955x=1 -DRUN_SYSTEM_AS_ROOT=1 -DSYSTEM_IS_LITTLE_ENDIAN=0 -DSYSTEM_IS_BIG_ENDIAN=1 -DUSE_UCLIB=1 -DTARGET=1 -I/ISD2/configs/h  conftest.c >&5
configure:3270: $? = 0
configure:3293: result: none needed
configure:3322: checking for style of include used by make
configure:3350: result: GNU
configure:3378: checking dependency style of mips-linux-gnu3-gcc
configure:3468: result: gcc3
configure:3563: checking build system type
configure:3581: result: i686-pc-linux-gnu
configure:3603: checking host system type
configure:3618: result: mips-unknown-linux-gnu3
configure:3640: checking for a sed that does not truncate output
configure:3696: result: /bin/sed
configure:3699: checking for grep that handles long lines and -e
configure:3773: result: /bin/grep
configure:3778: checking for egrep
configure:3856: result: /bin/grep -E
configure:3872: checking for ld used by mips-linux-gnu3-gcc
configure:3939: result: mips-linux-gnu3-ld
configure:3948: checking if the linker (mips-linux-gnu3-ld) is GNU ld
configure:3963: result: yes
configure:3968: checking for mips-linux-gnu3-ld option to reload object files
configure:3975: result: -r
configure:3993: checking for BSD-compatible nm
configure:4042: result: /opt/buildroot-be-gcc434/usr/bin/mips-linux-gnu3-nm -B
configure:4046: checking whether ln -s works
configure:4050: result: yes
configure:4057: checking how to recognize dependent libraries
configure:4243: result: pass_all
configure:4484: checking how to run the C preprocessor
configure:4524: mips-linux-gnu3-gcc -E  conftest.c
configure:4530: $? = 0
configure:4561: mips-linux-gnu3-gcc -E  conftest.c
conftest.c:10:28: error: ac_nonexistent.h: No such file or directory
configure:4567: $? = 1
configure: failed program was:
| /* confdefs.h.  */
| #define PACKAGE_NAME ""
| #define PACKAGE_TARNAME ""
| #define PACKAGE_VERSION ""
| #define PACKAGE_STRING ""
| #define PACKAGE_BUGREPORT ""
| #define PACKAGE "pptp"
| #define VERSION "0.8.3"
| /* end confdefs.h.  */
| #include <ac_nonexistent.h>
configure:4600: result: mips-linux-gnu3-gcc -E
configure:4629: mips-linux-gnu3-gcc -E  conftest.c
configure:4635: $? = 0
configure:4666: mips-linux-gnu3-gcc -E  conftest.c
conftest.c:10:28: error: ac_nonexistent.h: No such file or directory
configure:4672: $? = 1
configure: failed program was:
| /* confdefs.h.  */
| #define PACKAGE_NAME ""
| #define PACKAGE_TARNAME ""
| #define PACKAGE_VERSION ""
| #define PACKAGE_STRING ""
| #define PACKAGE_BUGREPORT ""
| #define PACKAGE "pptp"
| #define VERSION "0.8.3"
| /* end confdefs.h.  */
| #include <ac_nonexistent.h>
configure:4710: checking for ANSI C header files
configure:4740: mips-linux-gnu3-gcc -c -D__NO_CTYPE  -DLinux -fomit-frame-pointer -pipe -D__linux__ -Dunix -DEMBED -funit-at-a-time -I/opt/buildroot-be-gcc434/usr/include -fPIC -funit-at-a-time -Os -DFOR_ATHEROS_PLATFORM=1 -DFOR_AR934x=1 -DFOR_AR955x=1 -DRUN_SYSTEM_AS_ROOT=1 -DSYSTEM_IS_LITTLE_ENDIAN=0 -DSYSTEM_IS_BIG_ENDIAN=1 -DUSE_UCLIB=1 -DTARGET=1 -I/ISD2/configs/h  conftest.c >&5
configure:4746: $? = 0
configure:4874: result: yes
configure:4898: checking for sys/types.h
configure:4919: mips-linux-gnu3-gcc -c -D__NO_CTYPE  -DLinux -fomit-frame-pointer -pipe -D__linux__ -Dunix -DEMBED -funit-at-a-time -I/opt/buildroot-be-gcc434/usr/include -fPIC -funit-at-a-time -Os -DFOR_ATHEROS_PLATFORM=1 -DFOR_AR934x=1 -DFOR_AR955x=1 -DRUN_SYSTEM_AS_ROOT=1 -DSYSTEM_IS_LITTLE_ENDIAN=0 -DSYSTEM_IS_BIG_ENDIAN=1 -DUSE_UCLIB=1 -DTARGET=1 -I/ISD2/configs/h  conftest.c >&5
configure:4925: $? = 0
configure:4941: result: yes
configure:4898: checking for sys/stat.h
configure:4919: mips-linux-gnu3-gcc -c -D__NO_CTYPE  -DLinux -fomit-frame-pointer -pipe -D__linux__ -Dunix -DEMBED -funit-at-a-time -I/opt/buildroot-be-gcc434/usr/include -fPIC -funit-at-a-time -Os -DFOR_ATHEROS_PLATFORM=1 -DFOR_AR934x=1 -DFOR_AR955x=1 -DRUN_SYSTEM_AS_ROOT=1 -DSYSTEM_IS_LITTLE_ENDIAN=0 -DSYSTEM_IS_BIG_ENDIAN=1 -DUSE_UCLIB=1 -DTARGET=1 -I/ISD2/configs/h  conftest.c >&5
configure:4925: $? = 0
configure:4941: result: yes
configure:4898: checking for stdlib.h
configure:4919: mips-linux-gnu3-gcc -c -D__NO_CTYPE  -DLinux -fomit-frame-pointer -pipe -D__linux__ -Dunix -DEMBED -funit-at-a-time -I/opt/buildroot-be-gcc434/usr/include -fPIC -funit-at-a-time -Os -DFOR_ATHEROS_PLATFORM=1 -DFOR_AR934x=1 -DFOR_AR955x=1 -DRUN_SYSTEM_AS_ROOT=1 -DSYSTEM_IS_LITTLE_ENDIAN=0 -DSYSTEM_IS_BIG_ENDIAN=1 -DUSE_UCLIB=1 -DTARGET=1 -I/ISD2/configs/h  conftest.c >&5
configure:4925: $? = 0
configure:4941: result: yes
configure:4898: checking for string.h
configure:4919: mips-linux-gnu3-gcc -c -D__NO_CTYPE  -DLinux -fomit-frame-pointer -pipe -D__linux__ -Dunix -DEMBED -funit-at-a-time -I/opt/buildroot-be-gcc434/usr/include -fPIC -funit-at-a-time -Os -DFOR_ATHEROS_PLATFORM=1 -DFOR_AR934x=1 -DFOR_AR955x=1 -DRUN_SYSTEM_AS_ROOT=1 -DSYSTEM_IS_LITTLE_ENDIAN=0 -DSYSTEM_IS_BIG_ENDIAN=1 -DUSE_UCLIB=1 -DTARGET=1 -I/ISD2/configs/h  conftest.c >&5
configure:4925: $? = 0
configure:4941: result: yes
configure:4898: checking for memory.h
configure:4919: mips-linux-gnu3-gcc -c -D__NO_CTYPE  -DLinux -fomit-frame-pointer -pipe -D__linux__ -Dunix -DEMBED -funit-at-a-time -I/opt/buildroot-be-gcc434/usr/include -fPIC -funit-at-a-time -Os -DFOR_ATHEROS_PLATFORM=1 -DFOR_AR934x=1 -DFOR_AR955x=1 -DRUN_SYSTEM_AS_ROOT=1 -DSYSTEM_IS_LITTLE_ENDIAN=0 -DSYSTEM_IS_BIG_ENDIAN=1 -DUSE_UCLIB=1 -DTARGET=1 -I/ISD2/configs/h  conftest.c >&5
configure:4925: $? = 0
configure:4941: result: yes
configure:4898: checking for strings.h
configure:4919: mips-linux-gnu3-gcc -c -D__NO_CTYPE  -DLinux -fomit-frame-pointer -pipe -D__linux__ -Dunix -DEMBED -funit-at-a-time -I/opt/buildroot-be-gcc434/usr/include -fPIC -funit-at-a-time -Os -DFOR_ATHEROS_PLATFORM=1 -DFOR_AR934x=1 -DFOR_AR955x=1 -DRUN_SYSTEM_AS_ROOT=1 -DSYSTEM_IS_LITTLE_ENDIAN=0 -DSYSTEM_IS_BIG_ENDIAN=1 -DUSE_UCLIB=1 -DTARGET=1 -I/ISD2/configs/h  conftest.c >&5
configure:4925: $? = 0
configure:4941: result: yes
configure:4898: checking for inttypes.h
configure:4919: mips-linux-gnu3-gcc -c -D__NO_CTYPE  -DLinux -fomit-frame-pointer -pipe -D__linux__ -Dunix -DEMBED -funit-at-a-time -I/opt/buildroot-be-gcc434/usr/include -fPIC -funit-at-a-time -Os -DFOR_ATHEROS_PLATFORM=1 -DFOR_AR934x=1 -DFOR_AR955x=1 -DRUN_SYSTEM_AS_ROOT=1 -DSYSTEM_IS_LITTLE_ENDIAN=0 -DSYSTEM_IS_BIG_ENDIAN=1 -DUSE_UCLIB=1 -DTARGET=1 -I/ISD2/configs/h  conftest.c >&5
configure:4925: $? = 0
configure:4941: result: yes
configure:4898: checking for stdint.h
configure:4919: mips-linux-gnu3-gcc -c -D__NO_CTYPE  -DLinux -fomit-frame-pointer -pipe -D__linux__ -Dunix -DEMBED -funit-at-a-time -I/opt/buildroot-be-gcc434/usr/include -fPIC -funit-at-a-time -Os -DFOR_ATHEROS_PLATFORM=1 -DFOR_AR934x=1 -DFOR_AR955x=1 -DRUN_SYSTEM_AS_ROOT=1 -DSYSTEM_IS_LITTLE_ENDIAN=0 -DSYSTEM_IS_BIG_ENDIAN=1 -DUSE_UCLIB=1 -DTARGET=1 -I/ISD2/configs/h  conftest.c >&5
configure:4925: $? = 0
configure:4941: result: yes
configure:4898: checking for unistd.h
configure:4919: mips-linux-gnu3-gcc -c -D__NO_CTYPE  -DLinux -fomit-frame-pointer -pipe -D__linux__ -Dunix -DEMBED -funit-at-a-time -I/opt/buildroot-be-gcc434/usr/include -fPIC -funit-at-a-time -Os -DFOR_ATHEROS_PLATFORM=1 -DFOR_AR934x=1 -DFOR_AR955x=1 -DRUN_SYSTEM_AS_ROOT=1 -DSYSTEM_IS_LITTLE_ENDIAN=0 -DSYSTEM_IS_BIG_ENDIAN=1 -DUSE_UCLIB=1 -DTARGET=1 -I/ISD2/configs/h  conftest.c >&5
configure:4925: $? = 0
configure:4941: result: yes
configure:4968: checking dlfcn.h usability
configure:4985: mips-linux-gnu3-gcc -c -D__NO_CTYPE  -DLinux -fomit-frame-pointer -pipe -D__linux__ -Dunix -DEMBED -funit-at-a-time -I/opt/buildroot-be-gcc434/usr/include -fPIC -funit-at-a-time -Os -DFOR_ATHEROS_PLATFORM=1 -DFOR_AR934x=1 -DFOR_AR955x=1 -DRUN_SYSTEM_AS_ROOT=1 -DSYSTEM_IS_LITTLE_ENDIAN=0 -DSYSTEM_IS_BIG_ENDIAN=1 -DUSE_UCLIB=1 -DTARGET=1 -I/ISD2/configs/h  conftest.c >&5
configure:4991: $? = 0
configure:5005: result: yes
configure:5009: checking dlfcn.h presence
configure:5024: mips-linux-gnu3-gcc -E  conftest.c
configure:5030: $? = 0
configure:5044: result: yes
configure:5072: checking for dlfcn.h
configure:5080: result: yes
configure:5107: checking for mips-linux-gnu3-g++
configure:5123: found /opt/buildroot-be-gcc434/usr/bin/mips-linux-gnu3-g++
configure:5134: result: mips-linux-gnu3-g++
configure:5209: checking for C++ compiler version
configure:5216: mips-linux-gnu3-g++ --version >&5
mips-linux-gnu3-g++ (Buildroot 2010.05) 4.3.4
Copyright (C) 2008 Free Software Foundation, Inc.
This is free software; see the source for copying conditions.  There is NO
warranty; not even for MERCHANTABILITY or FITNESS FOR A PARTICULAR PURPOSE.

configure:5219: $? = 0
configure:5226: mips-linux-gnu3-g++ -v >&5
Using built-in specs.
Target: mips-unknown-linux-uclibc
Configured with: /toolchains_gcc434_src/buildroot-2010.05_MIPS_2633_TZ/output/toolchain/gcc-4.3.4/configure --prefix=/usr --build=i686-pc-linux-gnu --host=i686-pc-linux-gnu --target=mips-unknown-linux-uclibc --enable-languages=c,c++ --with-sysroot=/opt/buildroot-be-gcc434 --with-build-time-tools=/opt/buildroot-be-gcc434/usr/mips-unknown-linux-uclibc/bin --disable-__cxa_atexit --enable-target-optspace --with-gnu-ld --disable-libssp --enable-tls --enable-shared --with-gmp=/toolchains_gcc434_src/buildroot-2010.05_MIPS_2633_TZ/output/toolchain/gmp --with-mpfr=/toolchains_gcc434_src/buildroot-2010.05_MIPS_2633_TZ/output/toolchain/mpfr --disable-nls --enable-threads --disable-multilib --disable-decimal-float --with-float=soft --with-abi=32 --with-tune=mips32r2 --with-pkgversion='Buildroot 2010.05' --with-bugurl=http://bugs.buildroot.net/
Thread model: posix
gcc version 4.3.4 (Buildroot 2010.05) 
configure:5229: $? = 0
configure:5236: mips-linux-gnu3-g++ -V >&5
mips-linux-gnu3-g++: '-V' option must have argument
configure:5239: $? = 1
configure:5242: checking whether we are using the GNU C++ compiler
configure:5271: mips-linux-gnu3-g++ -c   conftest.cpp >&5
configure:5277: $? = 0
configure:5294: result: yes
configure:5299: checking whether mips-linux-gnu3-g++ accepts -g
configure:5329: mips-linux-gnu3-g++ -c -g  conftest.cpp >&5
configure:5335: $? = 0
configure:5434: result: yes
configure:5459: checking dependency style of mips-linux-gnu3-g++
configure:5549: result: gcc3
configure:5576: checking how to run the C++ preprocessor
configure:5612: mips-linux-gnu3-g++ -E  conftest.cpp
configure:5618: $? = 0
configure:5649: mips-linux-gnu3-g++ -E  conftest.cpp
conftest.cpp:21:28: error: ac_nonexistent.h: No such file or directory
configure:5655: $? = 1
configure: failed program was:
| /* confdefs.h.  */
| #define PACKAGE_NAME ""
| #define PACKAGE_TARNAME ""
| #define PACKAGE_VERSION ""
| #define PACKAGE_STRING ""
| #define PACKAGE_BUGREPORT ""
| #define PACKAGE "pptp"
| #define VERSION "0.8.3"
| #define STDC_HEADERS 1
| #define HAVE_SYS_TYPES_H 1
| #define HAVE_SYS_STAT_H 1
| #define HAVE_STDLIB_H 1
| #define HAVE_STRING_H 1
| #define HAVE_MEMORY_H 1
| #define HAVE_STRINGS_H 1
| #define HAVE_INTTYPES_H 1
| #define HAVE_STDINT_H 1
| #define HAVE_UNISTD_H 1
| #define HAVE_DLFCN_H 1
| /* end confdefs.h.  */
| #include <ac_nonexistent.h>
configure:5688: result: mips-linux-gnu3-g++ -E
configure:5717: mips-linux-gnu3-g++ -E  conftest.cpp
configure:5723: $? = 0
configure:5754: mips-linux-gnu3-g++ -E  conftest.cpp
conftest.cpp:21:28: error: ac_nonexistent.h: No such file or directory
configure:5760: $? = 1
configure: failed program was:
| /* confdefs.h.  */
| #define PACKAGE_NAME ""
| #define PACKAGE_TARNAME ""
| #define PACKAGE_VERSION ""
| #define PACKAGE_STRING ""
| #define PACKAGE_BUGREPORT ""
| #define PACKAGE "pptp"
| #define VERSION "0.8.3"
| #define STDC_HEADERS 1
| #define HAVE_SYS_TYPES_H 1
| #define HAVE_SYS_STAT_H 1
| #define HAVE_STDLIB_H 1
| #define HAVE_STRING_H 1
| #define HAVE_MEMORY_H 1
| #define HAVE_STRINGS_H 1
| #define HAVE_INTTYPES_H 1
| #define HAVE_STDINT_H 1
| #define HAVE_UNISTD_H 1
| #define HAVE_DLFCN_H 1
| /* end confdefs.h.  */
| #include <ac_nonexistent.h>
configure:5809: checking for mips-linux-gnu3-g77
configure:5839: result: no
configure:5809: checking for mips-linux-gnu3-xlf
configure:5839: result: no
configure:5809: checking for mips-linux-gnu3-f77
configure:5839: result: no
configure:5809: checking for mips-linux-gnu3-frt
configure:5839: result: no
configure:5809: checking for mips-linux-gnu3-pgf77
configure:5839: result: no
configure:5809: checking for mips-linux-gnu3-cf77
configure:5839: result: no
configure:5809: checking for mips-linux-gnu3-fort77
configure:5839: result: no
configure:5809: checking for mips-linux-gnu3-fl32
configure:5839: result: no
configure:5809: checking for mips-linux-gnu3-af77
configure:5839: result: no
configure:5809: checking for mips-linux-gnu3-xlf90
configure:5839: result: no
configure:5809: checking for mips-linux-gnu3-f90
configure:5839: result: no
configure:5809: checking for mips-linux-gnu3-pgf90
configure:5839: result: no
configure:5809: checking for mips-linux-gnu3-pghpf
configure:5839: result: no
configure:5809: checking for mips-linux-gnu3-epcf90
configure:5839: result: no
configure:5809: checking for mips-linux-gnu3-gfortran
configure:5839: result: no
configure:5809: checking for mips-linux-gnu3-g95
configure:5839: result: no
configure:5809: checking for mips-linux-gnu3-xlf95
configure:5839: result: no
configure:5809: checking for mips-linux-gnu3-f95
configure:5839: result: no
configure:5809: checking for mips-linux-gnu3-fort
configure:5839: result: no
configure:5809: checking for mips-linux-gnu3-ifort
configure:5839: result: no
configure:5809: checking for mips-linux-gnu3-ifc
configure:5839: result: no
configure:5809: checking for mips-linux-gnu3-efc
configure:5839: result: no
configure:5809: checking for mips-linux-gnu3-pgf95
configure:5839: result: no
configure:5809: checking for mips-linux-gnu3-lf95
configure:5839: result: no
configure:5809: checking for mips-linux-gnu3-ftn
configure:5839: result: no
configure:5853: checking for g77
configure:5883: result: no
configure:5853: checking for xlf
configure:5883: result: no
configure:5853: checking for f77
configure:5883: result: no
configure:5853: checking for frt
configure:5883: result: no
configure:5853: checking for pgf77
configure:5883: result: no
configure:5853: checking for cf77
configure:5883: result: no
configure:5853: checking for fort77
configure:5883: result: no
configure:5853: checking for fl32
configure:5883: result: no
configure:5853: checking for af77
configure:5883: result: no
configure:5853: checking for xlf90
configure:5883: result: no
configure:5853: checking for f90
configure:5883: result: no
configure:5853: checking for pgf90
configure:5883: result: no
configure:5853: checking for pghpf
configure:5883: result: no
configure:5853: checking for epcf90
configure:5883: result: no
configure:5853: checking for gfortran
configure:5883: result: no
configure:5853: checking for g95
configure:5883: result: no
configure:5853: checking for xlf95
configure:5883: result: no
configure:5853: checking for f95
configure:5883: result: no
configure:5853: checking for fort
configure:5883: result: no
configure:5853: checking for ifort
configure:5883: result: no
configure:5853: checking for ifc
configure:5883: result: no
configure:5853: checking for efc
configure:5883: result: no
configure:5853: checking for pgf95
configure:5883: result: no
configure:5853: checking for lf95
configure:5883: result: no
configure:5853: checking for ftn
configure:5883: result: no
configure:5910: checking for Fortran 77 compiler version
configure:5917:  --version >&5
./configure: line 5918: --version: command not found
configure:5920: $? = 127
configure:5927:  -v >&5
./configure: line 5928: -v: command not found
configure:5930: $? = 127
configure:5937:  -V >&5
./configure: line 5938: -V: command not found
configure:5940: $? = 127
configure:5948: checking whether we are using the GNU Fortran 77 compiler
configure:5967:  -c  conftest.F >&5
./configure: line 5968: -c: command not found
configure:5973: $? = 127
configure: failed program was:
|       program main
| #ifndef __GNUC__
|        choke me
| #endif
| 
|       end
configure:5990: result: no
configure:5996: checking whether  accepts -g
configure:6013:  -c -g conftest.f >&5
./configure: line 6014: -c: command not found
configure:6019: $? = 127
configure: failed program was:
|       program main
| 
|       end
configure:6035: result: no
configure:6065: checking the maximum length of command line arguments
configure:6177: result: 3458764513820540925
configure:6189: checking command to parse /opt/buildroot-be-gcc434/usr/bin/mips-linux-gnu3-nm -B output from mips-linux-gnu3-gcc object
configure:6294: mips-linux-gnu3-gcc -c -D__NO_CTYPE  -DLinux -fomit-frame-pointer -pipe -D__linux__ -Dunix -DEMBED -funit-at-a-time -I/opt/buildroot-be-gcc434/usr/include -fPIC -funit-at-a-time -Os -DFOR_ATHEROS_PLATFORM=1 -DFOR_AR934x=1 -DFOR_AR955x=1 -DRUN_SYSTEM_AS_ROOT=1 -DSYSTEM_IS_LITTLE_ENDIAN=0 -DSYSTEM_IS_BIG_ENDIAN=1 -DUSE_UCLIB=1 -DTARGET=1 -I/ISD2/configs/h  conftest.c >&5
configure:6297: $? = 0
configure:6301: /opt/buildroot-be-gcc434/usr/bin/mips-linux-gnu3-nm -B conftest.o \| sed -n -e 's/^.*[ 	]\([ABCDGIRSTW][ABCDGIRSTW]*\)[ 	][ 	]*\([_A-Za-z][_A-Za-z0-9]*\)$/\1 \2 \2/p' \> conftest.nm
configure:6304: $? = 0
configure:6356: mips-linux-gnu3-gcc -o conftest -D__NO_CTYPE  -DLinux -fomit-frame-pointer -pipe -D__linux__ -Dunix -DEMBED -funit-at-a-time -I/opt/buildroot-be-gcc434/usr/include -fPIC -funit-at-a-time -Os -DFOR_ATHEROS_PLATFORM=1 -DFOR_AR934x=1 -DFOR_AR955x=1 -DRUN_SYSTEM_AS_ROOT=1 -DSYSTEM_IS_LITTLE_ENDIAN=0 -DSYSTEM_IS_BIG_ENDIAN=1 -DUSE_UCLIB=1 -DTARGET=1 -I/ISD2/configs/h   conftest.c conftstm.o >&5
configure:6359: $? = 0
configure:6397: result: ok
configure:6401: checking for objdir
configure:6416: result: .libs
configure:6468: checking for mips-linux-gnu3-ar
configure:6495: result: mips-linux-gnu3-ar
configure:6564: checking for mips-linux-gnu3-ranlib
configure:6580: found /opt/buildroot-be-gcc434/usr/bin/mips-linux-gnu3-ranlib
configure:6591: result: mips-linux-gnu3-ranlib
configure:6660: checking for mips-linux-gnu3-strip
configure:6687: result: mips-linux-gnu3-strip
configure:6964: checking for correct ltmain.sh version
configure:7014: result: yes
configure:7074: checking if mips-linux-gnu3-gcc supports -fno-rtti -fno-exceptions
configure:7092: mips-linux-gnu3-gcc -c -D__NO_CTYPE  -DLinux -fomit-frame-pointer -pipe -D__linux__ -Dunix -DEMBED -funit-at-a-time -I/opt/buildroot-be-gcc434/usr/include -fPIC -funit-at-a-time -Os -DFOR_ATHEROS_PLATFORM=1 -DFOR_AR934x=1 -DFOR_AR955x=1 -DRUN_SYSTEM_AS_ROOT=1 -DSYSTEM_IS_LITTLE_ENDIAN=0 -DSYSTEM_IS_BIG_ENDIAN=1 -DUSE_UCLIB=1 -DTARGET=1 -I/ISD2/configs/h  -fno-rtti -fno-exceptions conftest.c >&5
cc1: warning: command line option "-fno-rtti" is valid for C++/ObjC++ but not for C
configure:7096: $? = 0
configure:7109: result: no
configure:7124: checking for mips-linux-gnu3-gcc option to produce PIC
configure:7356: result: -fPIC
configure:7364: checking if mips-linux-gnu3-gcc PIC flag -fPIC works
configure:7382: mips-linux-gnu3-gcc -c -D__NO_CTYPE  -DLinux -fomit-frame-pointer -pipe -D__linux__ -Dunix -DEMBED -funit-at-a-time -I/opt/buildroot-be-gcc434/usr/include -fPIC -funit-at-a-time -Os -DFOR_ATHEROS_PLATFORM=1 -DFOR_AR934x=1 -DFOR_AR955x=1 -DRUN_SYSTEM_AS_ROOT=1 -DSYSTEM_IS_LITTLE_ENDIAN=0 -DSYSTEM_IS_BIG_ENDIAN=1 -DUSE_UCLIB=1 -DTARGET=1 -I/ISD2/configs/h  -fPIC -DPIC conftest.c >&5
configure:7386: $? = 0
configure:7399: result: yes
configure:7427: checking if mips-linux-gnu3-gcc static flag -static works
configure:7455: result: yes
configure:7465: checking if mips-linux-gnu3-gcc supports -c -o file.o
configure:7486: mips-linux-gnu3-gcc -c -D__NO_CTYPE  -DLinux -fomit-frame-pointer -pipe -D__linux__ -Dunix -DEMBED -funit-at-a-time -I/opt/buildroot-be-gcc434/usr/include -fPIC -funit-at-a-time -Os -DFOR_ATHEROS_PLATFORM=1 -DFOR_AR934x=1 -DFOR_AR955x=1 -DRUN_SYSTEM_AS_ROOT=1 -DSYSTEM_IS_LITTLE_ENDIAN=0 -DSYSTEM_IS_BIG_ENDIAN=1 -DUSE_UCLIB=1 -DTARGET=1 -I/ISD2/configs/h  -o out/conftest2.o conftest.c >&5
configure:7490: $? = 0
configure:7512: result: yes
configure:7538: checking whether the mips-linux-gnu3-gcc linker (mips-linux-gnu3-ld) supports shared libraries
configure:8518: result: yes
configure:8539: checking whether -lc should be explicitly linked in
configure:8544: mips-linux-gnu3-gcc -c -D__NO_CTYPE  -DLinux -fomit-frame-pointer -pipe -D__linux__ -Dunix -DEMBED -funit-at-a-time -I/opt/buildroot-be-gcc434/usr/include -fPIC -funit-at-a-time -Os -DFOR_ATHEROS_PLATFORM=1 -DFOR_AR934x=1 -DFOR_AR955x=1 -DRUN_SYSTEM_AS_ROOT=1 -DSYSTEM_IS_LITTLE_ENDIAN=0 -DSYSTEM_IS_BIG_ENDIAN=1 -DUSE_UCLIB=1 -DTARGET=1 -I/ISD2/configs/h  conftest.c >&5
configure:8547: $? = 0
configure:8562: mips-linux-gnu3-gcc -shared conftest.o  -v -Wl,-soname -Wl,conftest -o conftest 2\>\&1 \| grep  -lc  \>/dev/null 2\>\&1
configure:8565: $? = 0
configure:8577: result: no
configure:8585: checking dynamic linker characteristics
configure:9200: result: GNU/Linux ld.so
configure:9209: checking how to hardcode library paths into programs
configure:9234: result: immediate
configure:9248: checking whether stripping libraries is possible
configure:9253: result: yes
configure:10055: checking if libtool supports shared libraries
configure:10057: result: yes
configure:10060: checking whether to build shared libraries
configure:10081: result: yes
configure:10084: checking whether to build static libraries
configure:10088: result: yes
configure:10181: creating libtool
configure:10769: checking for ld used by mips-linux-gnu3-g++
configure:10836: result: mips-linux-gnu3-ld
configure:10845: checking if the linker (mips-linux-gnu3-ld) is GNU ld
configure:10860: result: yes
configure:10911: checking whether the mips-linux-gnu3-g++ linker (mips-linux-gnu3-ld) supports shared libraries
configure:11885: result: yes
configure:11903: mips-linux-gnu3-g++ -c -g -O2  conftest.cpp >&5
configure:11906: $? = 0
configure:12058: checking for mips-linux-gnu3-g++ option to produce PIC
configure:12342: result: -fPIC
configure:12350: checking if mips-linux-gnu3-g++ PIC flag -fPIC works
configure:12368: mips-linux-gnu3-g++ -c -g -O2  -fPIC -DPIC conftest.cpp >&5
configure:12372: $? = 0
configure:12385: result: yes
configure:12413: checking if mips-linux-gnu3-g++ static flag -static works
configure:12441: result: yes
configure:12451: checking if mips-linux-gnu3-g++ supports -c -o file.o
configure:12472: mips-linux-gnu3-g++ -c -g -O2  -o out/conftest2.o conftest.cpp >&5
configure:12476: $? = 0
configure:12498: result: yes
configure:12524: checking whether the mips-linux-gnu3-g++ linker (mips-linux-gnu3-ld) supports shared libraries
configure:12549: result: yes
configure:12616: checking dynamic linker characteristics
configure:13179: result: GNU/Linux ld.so
configure:13188: checking how to hardcode library paths into programs
configure:13213: result: immediate
configure:19424: checking for linux kernel herders
configure:19455: result: found (2.6.31 at /ISD2/ATHEROS_LSDK_KNL/linux-2.6.31/)
configure:19465: checking for pppd
configure:19487: result: /usr/sbin/pppd (2.4.3)
configure:19623: creating ./config.status

## ---------------------- ##
## Running config.status. ##
## ---------------------- ##

This file was extended by config.status, which was
generated by GNU Autoconf 2.61.  Invocation command line was

  CONFIG_FILES    = 
  CONFIG_HEADERS  = 
  CONFIG_LINKS    = 
  CONFIG_COMMANDS = 
  $ ./config.status 

on rd2-VirtualBox-book

config.status:661: creating Makefile
config.status:661: creating src/Makefile
config.status:661: creating config.h
config.status:932: executing depfiles commands

## ---------------- ##
## Cache variables. ##
## ---------------- ##

ac_cv_build=i686-pc-linux-gnu
ac_cv_c_compiler_gnu=yes
ac_cv_cxx_compiler_gnu=yes
ac_cv_env_CCC_set=
ac_cv_env_CCC_value=
ac_cv_env_CC_set=set
ac_cv_env_CC_value=mips-linux-gnu3-gcc
ac_cv_env_CFLAGS_set=set
ac_cv_env_CFLAGS_value='-D__NO_CTYPE  -DLinux -fomit-frame-pointer -pipe -D__linux__ -Dunix -DEMBED -funit-at-a-time -I/opt/buildroot-be-gcc434/usr/include -fPIC -funit-at-a-time -Os -DFOR_ATHEROS_PLATFORM=1 -DFOR_AR934x=1 -DFOR_AR955x=1 -DRUN_SYSTEM_AS_ROOT=1 -DSYSTEM_IS_LITTLE_ENDIAN=0 -DSYSTEM_IS_BIG_ENDIAN=1 -DUSE_UCLIB=1 -DTARGET=1 -I/ISD2/configs/h'
ac_cv_env_CPPFLAGS_set=
ac_cv_env_CPPFLAGS_value=
ac_cv_env_CPP_set=
ac_cv_env_CPP_value=
ac_cv_env_CXXCPP_set=
ac_cv_env_CXXCPP_value=
ac_cv_env_CXXFLAGS_set=
ac_cv_env_CXXFLAGS_value=
ac_cv_env_CXX_set=
ac_cv_env_CXX_value=
ac_cv_env_F77_set=
ac_cv_env_F77_value=
ac_cv_env_FFLAGS_set=
ac_cv_env_FFLAGS_value=
ac_cv_env_LDFLAGS_set=set
ac_cv_env_LDFLAGS_value=
ac_cv_env_LIBS_set=
ac_cv_env_LIBS_value=
ac_cv_env_build_alias_set=set
ac_cv_env_build_alias_value=i686-linux
ac_cv_env_host_alias_set=set
ac_cv_env_host_alias_value=mips-linux-gnu3
ac_cv_env_target_alias_set=set
ac_cv_env_target_alias_value=mips-linux-gnu3
ac_cv_f77_compiler_gnu=no
ac_cv_header_dlfcn_h=yes
ac_cv_header_inttypes_h=yes
ac_cv_header_memory_h=yes
ac_cv_header_stdc=yes
ac_cv_header_stdint_h=yes
ac_cv_header_stdlib_h=yes
ac_cv_header_string_h=yes
ac_cv_header_strings_h=yes
ac_cv_header_sys_stat_h=yes
ac_cv_header_sys_types_h=yes
ac_cv_header_unistd_h=yes
ac_cv_host=mips-unknown-linux-gnu3
ac_cv_objext=o
ac_cv_path_EGREP='/bin/grep -E'
ac_cv_path_GREP=/bin/grep
ac_cv_path_install='/usr/bin/install -c'
ac_cv_prog_AR=mips-linux-gnu3-ar
ac_cv_prog_AWK=gawk
ac_cv_prog_CC=mips-linux-gnu3-gcc
ac_cv_prog_CPP='mips-linux-gnu3-gcc -E'
ac_cv_prog_CXX=mips-linux-gnu3-g++
ac_cv_prog_CXXCPP='mips-linux-gnu3-g++ -E'
ac_cv_prog_RANLIB=mips-linux-gnu3-ranlib
ac_cv_prog_STRIP=mips-linux-gnu3-strip
ac_cv_prog_cc_c89=
ac_cv_prog_cc_g=yes
ac_cv_prog_cxx_g=yes
ac_cv_prog_f77_g=no
ac_cv_prog_make_make_set=yes
am_cv_CC_dependencies_compiler_type=gcc3
am_cv_CXX_dependencies_compiler_type=gcc3
lt_cv_deplibs_check_method=pass_all
lt_cv_file_magic_cmd='$MAGIC_CMD'
lt_cv_file_magic_test_file=
lt_cv_ld_reload_flag=-r
lt_cv_objdir=.libs
lt_cv_path_LD=mips-linux-gnu3-ld
lt_cv_path_LDCXX=mips-linux-gnu3-ld
lt_cv_path_NM='/opt/buildroot-be-gcc434/usr/bin/mips-linux-gnu3-nm -B'
lt_cv_path_SED=/bin/sed
lt_cv_prog_compiler_c_o=yes
lt_cv_prog_compiler_c_o_CXX=yes
lt_cv_prog_compiler_rtti_exceptions=no
lt_cv_prog_gnu_ld=yes
lt_cv_prog_gnu_ldcxx=yes
lt_cv_sys_global_symbol_pipe='sed -n -e '\''s/^.*[ 	]\([ABCDGIRSTW][ABCDGIRSTW]*\)[ 	][ 	]*\([_A-Za-z][_A-Za-z0-9]*\)$/\1 \2 \2/p'\'''
lt_cv_sys_global_symbol_to_c_name_address='sed -n -e '\''s/^: \([^ ]*\) $/  {\"\1\", (lt_ptr) 0},/p'\'' -e '\''s/^[BCDEGRST] \([^ ]*\) \([^ ]*\)$/  {"\2", (lt_ptr) \&\2},/p'\'''
lt_cv_sys_global_symbol_to_cdecl='sed -n -e '\''s/^. .* \(.*\)$/extern int \1;/p'\'''
lt_cv_sys_max_cmd_len=3458764513820540925
lt_lt_cv_prog_compiler_c_o='"yes"'
lt_lt_cv_prog_compiler_c_o_CXX='"yes"'
lt_lt_cv_sys_global_symbol_pipe='"sed -n -e '\''s/^.*[ 	]\\([ABCDGIRSTW][ABCDGIRSTW]*\\)[ 	][ 	]*\\([_A-Za-z][_A-Za-z0-9]*\\)\$/\\1 \\2 \\2/p'\''"'
lt_lt_cv_sys_global_symbol_to_c_name_address='"sed -n -e '\''s/^: \\([^ ]*\\) \$/  {\\\"\\1\\\", (lt_ptr) 0},/p'\'' -e '\''s/^[BCDEGRST] \\([^ ]*\\) \\([^ ]*\\)\$/  {\"\\2\", (lt_ptr) \\&\\2},/p'\''"'
lt_lt_cv_sys_global_symbol_to_cdecl='"sed -n -e '\''s/^. .* \\(.*\\)\$/extern int \\1;/p'\''"'

## ----------------- ##
## Output variables. ##
## ----------------- ##

ACLOCAL='${SHELL} /ISD2/COMMON_APPS/accel-pptp/pppd_plugin/missing --run aclocal-1.9'
AMDEPBACKSLASH='\'
AMDEP_FALSE='#'
AMDEP_TRUE=''
AMTAR='${SHELL} /ISD2/COMMON_APPS/accel-pptp/pppd_plugin/missing --run tar'
AR='mips-linux-gnu3-ar'
AUTOCONF='${SHELL} /ISD2/COMMON_APPS/accel-pptp/pppd_plugin/missing --run autoconf'
AUTOHEADER='${SHELL} /ISD2/COMMON_APPS/accel-pptp/pppd_plugin/missing --run autoheader'
AUTOMAKE='${SHELL} /ISD2/COMMON_APPS/accel-pptp/pppd_plugin/missing --run automake-1.9'
AWK='gawk'
CC='mips-linux-gnu3-gcc'
CCDEPMODE='depmode=gcc3'
CFLAGS='-D__NO_CTYPE  -DLinux -fomit-frame-pointer -pipe -D__linux__ -Dunix -DEMBED -funit-at-a-time -I/opt/buildroot-be-gcc434/usr/include -fPIC -funit-at-a-time -Os -DFOR_ATHEROS_PLATFORM=1 -DFOR_AR934x=1 -DFOR_AR955x=1 -DRUN_SYSTEM_AS_ROOT=1 -DSYSTEM_IS_LITTLE_ENDIAN=0 -DSYSTEM_IS_BIG_ENDIAN=1 -DUSE_UCLIB=1 -DTARGET=1 -I/ISD2/configs/h -I. -I/ISD2/ATHEROS_LSDK_KNL/linux-2.6.31/include'
CPP='mips-linux-gnu3-gcc -E'
CPPFLAGS=''
CXX='mips-linux-gnu3-g++'
CXXCPP='mips-linux-gnu3-g++ -E'
CXXDEPMODE='depmode=gcc3'
CXXFLAGS='-g -O2'
CYGPATH_W='echo'
DEFS='-DHAVE_CONFIG_H'
DEPDIR='.deps'
ECHO='echo'
ECHO_C=''
ECHO_N='-n'
ECHO_T=''
EGREP='/bin/grep -E'
EXEEXT=''
F77=''
FFLAGS=''
GREP='/bin/grep'
INSTALL_DATA='${INSTALL} -m 644'
INSTALL_PROGRAM='${INSTALL}'
INSTALL_SCRIPT='${INSTALL}'
INSTALL_STRIP_PROGRAM='${SHELL} $(install_sh) -c -s'
LDFLAGS=''
LIBOBJS=''
LIBS=''
LIBTOOL='$(SHELL) $(top_builddir)/libtool'
LN_S='ln -s'
LTLIBOBJS=''
MAKEINFO='${SHELL} /ISD2/COMMON_APPS/accel-pptp/pppd_plugin/missing --run makeinfo'
OBJEXT='o'
PACKAGE='pptp'
PACKAGE_BUGREPORT=''
PACKAGE_NAME=''
PACKAGE_STRING=''
PACKAGE_TARNAME=''
PACKAGE_VERSION=''
PATH_SEPARATOR=':'
RANLIB='mips-linux-gnu3-ranlib'
SED='/bin/sed'
SET_MAKE=''
SHELL='/bin/sh'
STRIP='mips-linux-gnu3-strip'
VERSION='2'
ac_ct_CC=''
ac_ct_CXX=''
ac_ct_F77=''
am__fastdepCC_FALSE='#'
am__fastdepCC_TRUE=''
am__fastdepCXX_FALSE='#'
am__fastdepCXX_TRUE=''
am__include='include'
am__leading_dot='.'
am__quote=''
am__tar='${AMTAR} chof - "$$tardir"'
am__untar='${AMTAR} xf -'
bindir='${exec_prefix}/bin'
build='i686-pc-linux-gnu'
build_alias='i686-linux'
build_cpu='i686'
build_os='linux-gnu'
build_vendor='pc'
datadir='${datarootdir}'
datarootdir='${prefix}/share'
docdir='${datarootdir}/doc/${PACKAGE}'
dvidir='${docdir}'
exec_prefix='${prefix}'
host='mips-unknown-linux-gnu3'
host_alias='mips-linux-gnu3'
host_cpu='mips'
host_os='linux-gnu3'
host_vendor='unknown'
htmldir='${docdir}'
includedir='${prefix}/include'
infodir='${datarootdir}/info'
install_sh='/ISD2/COMMON_APPS/accel-pptp/pppd_plugin/install-sh'
libdir='${exec_prefix}/lib'
libexecdir='${exec_prefix}/libexec'
localedir='${datarootdir}/locale'
localstatedir='${prefix}/var'
mandir='${datarootdir}/man'
mkdir_p='mkdir -p --'
oldincludedir='/usr/include'
pdfdir='${docdir}'
prefix='/'
program_transform_name='s,x,x,'
psdir='${docdir}'
sbindir='${exec_prefix}/sbin'
sharedstatedir='${prefix}/com'
sysconfdir='${prefix}/etc'
target_alias='mips-linux-gnu3'

## ----------- ##
## confdefs.h. ##
## ----------- ##

#define PACKAGE_NAME ""
#define PACKAGE_TARNAME ""
#define PACKAGE_VERSION ""
#define PACKAGE_STRING ""
#define PACKAGE_BUGREPORT ""
#define PACKAGE "pptp"
#define VERSION "0.8.3"
#define STDC_HEADERS 1
#define HAVE_SYS_TYPES_H 1
#define HAVE_SYS_STAT_H 1
#define HAVE_STDLIB_H 1
#define HAVE_STRING_H 1
#define HAVE_MEMORY_H 1
#define HAVE_STRINGS_H 1
#define HAVE_INTTYPES_H 1
#define HAVE_STDINT_H 1
#define HAVE_UNISTD_H 1
#define HAVE_DLFCN_H 1
#define PPPD_VERSION
#define KERNELVERSION
#define KERNELVERSION "2.6.31"
#define PPPD_VERSION "2.4.3"

configure: exit 0
