This file contains any messages produced by compilers while
running configure, to aid debugging if configure makes a mistake.

It was created by configure, which was
generated by GNU Autoconf 2.59.  Invocation command line was

  $ ./configure --build=i686-linux --target=mips-linux-gnu3 --host=mips-linux-gnu3 --enable-readline --disable-statici --disable-cpp --prefix=/opt/buildroot-be-gcc434/usr

## --------- ##
## Platform. ##
## --------- ##

hostname = rd2-VirtualBox-book
uname -m = x86_64
uname -r = 4.13.0-32-generic
uname -s = Linux
uname -v = #35~16.04.1-Ubuntu SMP Thu Jan 25 10:13:43 UTC 2018

/usr/bin/uname -p = unknown
/bin/uname -X     = unknown

/bin/arch              = unknown
/usr/bin/arch -k       = unknown
/usr/convex/getsysinfo = unknown
hostinfo               = unknown
/bin/machine           = unknown
/usr/bin/oslevel       = unknown
/bin/universe          = unknown

PATH: /usr/local/sbin
PATH: /usr/local/bin
PATH: /usr/sbin
PATH: /usr/bin
PATH: /sbin
PATH: /bin
PATH: /root/senaoenv/gitscripts/
PATH: /root/senaoenv/scripts/
PATH: /root/senaoenv/python/
PATH: /opt/buildroot-gcc346/bin
PATH: /opt/buildroot-gcc342/bin
PATH: /opt/buildroot-gdb/bin
PATH: /opt/mipseltools/bin/
PATH: /opt/buildroot_be-gcc346/bin
PATH: /opt/buildroot-be-gcc434/usr/bin
PATH: /opt/buildroot_be-gcc44x/usr/bin
PATH: /opt/buildroot-gcc434/usr/bin
PATH: /opt/rsdk-1.3.6-4181-EB-2.6.30-0.9.30/bin
PATH: /opt/rsdk-1.3.6-5281-EB-2.6.30-0.9.30/bin
PATH: /opt/ubicom32-elf-toolchain/bin
PATH: /opt/arm-none-linux-gnueabi-4.4.0_ARMv5TE/bin
PATH: /opt/arm-unknown-linux-uclibcgnueabi-4.4.0_ARMv5TE/bin


## ----------- ##
## Core tests. ##
## ----------- ##

configure:1543: checking for mips-linux-gnu3-gcc
configure:1569: result: mips-linux-gnu3-gcc
configure:1851: checking for C compiler version
configure:1854: mips-linux-gnu3-gcc --version </dev/null >&5
mips-linux-gnu3-gcc (Buildroot 2010.05) 4.3.4
Copyright (C) 2008 Free Software Foundation, Inc.
This is free software; see the source for copying conditions.  There is NO
warranty; not even for MERCHANTABILITY or FITNESS FOR A PARTICULAR PURPOSE.

configure:1857: $? = 0
configure:1859: mips-linux-gnu3-gcc -v </dev/null >&5
Using built-in specs.
Target: mips-unknown-linux-uclibc
Configured with: /toolchains_gcc434_src/buildroot-2010.05_MIPS_2633_TZ/output/toolchain/gcc-4.3.4/configure --prefix=/usr --build=i686-pc-linux-gnu --host=i686-pc-linux-gnu --target=mips-unknown-linux-uclibc --enable-languages=c,c++ --with-sysroot=/opt/buildroot-be-gcc434 --with-build-time-tools=/opt/buildroot-be-gcc434/usr/mips-unknown-linux-uclibc/bin --disable-__cxa_atexit --enable-target-optspace --with-gnu-ld --disable-libssp --enable-tls --enable-shared --with-gmp=/toolchains_gcc434_src/buildroot-2010.05_MIPS_2633_TZ/output/toolchain/gmp --with-mpfr=/toolchains_gcc434_src/buildroot-2010.05_MIPS_2633_TZ/output/toolchain/mpfr --disable-nls --enable-threads --disable-multilib --disable-decimal-float --with-float=soft --with-abi=32 --with-tune=mips32r2 --with-pkgversion='Buildroot 2010.05' --with-bugurl=http://bugs.buildroot.net/
Thread model: posix
gcc version 4.3.4 (Buildroot 2010.05) 
configure:1862: $? = 0
configure:1864: mips-linux-gnu3-gcc -V </dev/null >&5
mips-linux-gnu3-gcc: '-V' option must have argument
configure:1867: $? = 1
configure:1890: checking for C compiler default output file name
configure:1893: mips-linux-gnu3-gcc -D__NO_CTYPE  -DLinux -fomit-frame-pointer -pipe -D__linux__ -Dunix -DEMBED -funit-at-a-time -I/opt/buildroot-be-gcc434/usr/include -fPIC -funit-at-a-time -Os -DFOR_ATHEROS_PLATFORM=1 -DFOR_AR934x=1 -DFOR_AR955x=1 -DRUN_SYSTEM_AS_ROOT=1 -DSYSTEM_IS_LITTLE_ENDIAN=0 -DSYSTEM_IS_BIG_ENDIAN=1 -DUSE_UCLIB=1 -DTARGET=1   conftest.c  >&5
configure:1896: $? = 0
configure:1942: result: a.out
configure:1947: checking whether the C compiler works
configure:1973: result: yes
configure:1980: checking whether we are cross compiling
configure:1982: result: yes
configure:1985: checking for suffix of executables
configure:1987: mips-linux-gnu3-gcc -o conftest -D__NO_CTYPE  -DLinux -fomit-frame-pointer -pipe -D__linux__ -Dunix -DEMBED -funit-at-a-time -I/opt/buildroot-be-gcc434/usr/include -fPIC -funit-at-a-time -Os -DFOR_ATHEROS_PLATFORM=1 -DFOR_AR934x=1 -DFOR_AR955x=1 -DRUN_SYSTEM_AS_ROOT=1 -DSYSTEM_IS_LITTLE_ENDIAN=0 -DSYSTEM_IS_BIG_ENDIAN=1 -DUSE_UCLIB=1 -DTARGET=1   conftest.c  >&5
configure:1990: $? = 0
configure:2015: result: 
configure:2021: checking for suffix of object files
configure:2042: mips-linux-gnu3-gcc -c -D__NO_CTYPE  -DLinux -fomit-frame-pointer -pipe -D__linux__ -Dunix -DEMBED -funit-at-a-time -I/opt/buildroot-be-gcc434/usr/include -fPIC -funit-at-a-time -Os -DFOR_ATHEROS_PLATFORM=1 -DFOR_AR934x=1 -DFOR_AR955x=1 -DRUN_SYSTEM_AS_ROOT=1 -DSYSTEM_IS_LITTLE_ENDIAN=0 -DSYSTEM_IS_BIG_ENDIAN=1 -DUSE_UCLIB=1 -DTARGET=1  conftest.c >&5
configure:2045: $? = 0
configure:2067: result: o
configure:2071: checking whether we are using the GNU C compiler
configure:2095: mips-linux-gnu3-gcc -c -D__NO_CTYPE  -DLinux -fomit-frame-pointer -pipe -D__linux__ -Dunix -DEMBED -funit-at-a-time -I/opt/buildroot-be-gcc434/usr/include -fPIC -funit-at-a-time -Os -DFOR_ATHEROS_PLATFORM=1 -DFOR_AR934x=1 -DFOR_AR955x=1 -DRUN_SYSTEM_AS_ROOT=1 -DSYSTEM_IS_LITTLE_ENDIAN=0 -DSYSTEM_IS_BIG_ENDIAN=1 -DUSE_UCLIB=1 -DTARGET=1  conftest.c >&5
configure:2101: $? = 0
configure:2105: test -z 
			 || test ! -s conftest.err
configure:2108: $? = 0
configure:2111: test -s conftest.o
configure:2114: $? = 0
configure:2127: result: yes
configure:2133: checking whether mips-linux-gnu3-gcc accepts -g
configure:2154: mips-linux-gnu3-gcc -c -g  conftest.c >&5
configure:2160: $? = 0
configure:2164: test -z 
			 || test ! -s conftest.err
configure:2167: $? = 0
configure:2170: test -s conftest.o
configure:2173: $? = 0
configure:2184: result: yes
configure:2201: checking for mips-linux-gnu3-gcc option to accept ANSI C
configure:2271: mips-linux-gnu3-gcc  -c -D__NO_CTYPE  -DLinux -fomit-frame-pointer -pipe -D__linux__ -Dunix -DEMBED -funit-at-a-time -I/opt/buildroot-be-gcc434/usr/include -fPIC -funit-at-a-time -Os -DFOR_ATHEROS_PLATFORM=1 -DFOR_AR934x=1 -DFOR_AR955x=1 -DRUN_SYSTEM_AS_ROOT=1 -DSYSTEM_IS_LITTLE_ENDIAN=0 -DSYSTEM_IS_BIG_ENDIAN=1 -DUSE_UCLIB=1 -DTARGET=1  conftest.c >&5
configure:2277: $? = 0
configure:2281: test -z 
			 || test ! -s conftest.err
configure:2284: $? = 0
configure:2287: test -s conftest.o
configure:2290: $? = 0
configure:2308: result: none needed
configure:2326: mips-linux-gnu3-gcc -c -D__NO_CTYPE  -DLinux -fomit-frame-pointer -pipe -D__linux__ -Dunix -DEMBED -funit-at-a-time -I/opt/buildroot-be-gcc434/usr/include -fPIC -funit-at-a-time -Os -DFOR_ATHEROS_PLATFORM=1 -DFOR_AR934x=1 -DFOR_AR955x=1 -DRUN_SYSTEM_AS_ROOT=1 -DSYSTEM_IS_LITTLE_ENDIAN=0 -DSYSTEM_IS_BIG_ENDIAN=1 -DUSE_UCLIB=1 -DTARGET=1  conftest.c >&5
conftest.c:2: error: expected '=', ',', ';', 'asm' or '__attribute__' before 'me'
configure:2332: $? = 1
configure: failed program was:
| #ifndef __cplusplus
|   choke me
| #endif
configure:2477: checking for mips-linux-gnu3-g++
configure:2493: found /opt/buildroot-be-gcc434/usr/bin/mips-linux-gnu3-g++
configure:2503: result: mips-linux-gnu3-g++
configure:2561: checking for C++ compiler version
configure:2564: mips-linux-gnu3-g++ --version </dev/null >&5
mips-linux-gnu3-g++ (Buildroot 2010.05) 4.3.4
Copyright (C) 2008 Free Software Foundation, Inc.
This is free software; see the source for copying conditions.  There is NO
warranty; not even for MERCHANTABILITY or FITNESS FOR A PARTICULAR PURPOSE.

configure:2567: $? = 0
configure:2569: mips-linux-gnu3-g++ -v </dev/null >&5
Using built-in specs.
Target: mips-unknown-linux-uclibc
Configured with: /toolchains_gcc434_src/buildroot-2010.05_MIPS_2633_TZ/output/toolchain/gcc-4.3.4/configure --prefix=/usr --build=i686-pc-linux-gnu --host=i686-pc-linux-gnu --target=mips-unknown-linux-uclibc --enable-languages=c,c++ --with-sysroot=/opt/buildroot-be-gcc434 --with-build-time-tools=/opt/buildroot-be-gcc434/usr/mips-unknown-linux-uclibc/bin --disable-__cxa_atexit --enable-target-optspace --with-gnu-ld --disable-libssp --enable-tls --enable-shared --with-gmp=/toolchains_gcc434_src/buildroot-2010.05_MIPS_2633_TZ/output/toolchain/gmp --with-mpfr=/toolchains_gcc434_src/buildroot-2010.05_MIPS_2633_TZ/output/toolchain/mpfr --disable-nls --enable-threads --disable-multilib --disable-decimal-float --with-float=soft --with-abi=32 --with-tune=mips32r2 --with-pkgversion='Buildroot 2010.05' --with-bugurl=http://bugs.buildroot.net/
Thread model: posix
gcc version 4.3.4 (Buildroot 2010.05) 
configure:2572: $? = 0
configure:2574: mips-linux-gnu3-g++ -V </dev/null >&5
mips-linux-gnu3-g++: '-V' option must have argument
configure:2577: $? = 1
configure:2580: checking whether we are using the GNU C++ compiler
configure:2604: mips-linux-gnu3-g++ -c   conftest.cc >&5
configure:2610: $? = 0
configure:2614: test -z 
			 || test ! -s conftest.err
configure:2617: $? = 0
configure:2620: test -s conftest.o
configure:2623: $? = 0
configure:2636: result: yes
configure:2642: checking whether mips-linux-gnu3-g++ accepts -g
configure:2663: mips-linux-gnu3-g++ -c -g  conftest.cc >&5
configure:2669: $? = 0
configure:2673: test -z 
			 || test ! -s conftest.err
configure:2676: $? = 0
configure:2679: test -s conftest.o
configure:2682: $? = 0
configure:2693: result: yes
configure:2735: mips-linux-gnu3-g++ -c -g -O2  conftest.cc >&5
configure:2741: $? = 0
configure:2745: test -z 
			 || test ! -s conftest.err
configure:2748: $? = 0
configure:2751: test -s conftest.o
configure:2754: $? = 0
configure:2780: mips-linux-gnu3-g++ -c -g -O2  conftest.cc >&5
conftest.cc: In function 'int main()':
conftest.cc:13: error: 'exit' was not declared in this scope
configure:2786: $? = 1
configure: failed program was:
| /* confdefs.h.  */
| 
| #define PACKAGE_NAME ""
| #define PACKAGE_TARNAME ""
| #define PACKAGE_VERSION ""
| #define PACKAGE_STRING ""
| #define PACKAGE_BUGREPORT ""
| /* end confdefs.h.  */
| 
| int
| main ()
| {
| exit (42);
|   ;
|   return 0;
| }
configure:2735: mips-linux-gnu3-g++ -c -g -O2  conftest.cc >&5
conftest.cc:9: error: 'void std::exit(int)' should have been declared inside 'std'
configure:2741: $? = 1
configure: failed program was:
| /* confdefs.h.  */
| 
| #define PACKAGE_NAME ""
| #define PACKAGE_TARNAME ""
| #define PACKAGE_VERSION ""
| #define PACKAGE_STRING ""
| #define PACKAGE_BUGREPORT ""
| /* end confdefs.h.  */
| extern "C" void std::exit (int) throw (); using std::exit;
| #include <stdlib.h>
| int
| main ()
| {
| exit (42);
|   ;
|   return 0;
| }
configure:2735: mips-linux-gnu3-g++ -c -g -O2  conftest.cc >&5
conftest.cc:9: error: 'void std::exit(int)' should have been declared inside 'std'
In file included from conftest.cc:10:
/opt/buildroot-be-gcc434/usr/include/stdlib.h:524: error: declaration of 'void std::exit(int) throw ()' throws different exceptions
conftest.cc:9: error: from previous declaration 'void std::exit(int)'
configure:2741: $? = 1
configure: failed program was:
| /* confdefs.h.  */
| 
| #define PACKAGE_NAME ""
| #define PACKAGE_TARNAME ""
| #define PACKAGE_VERSION ""
| #define PACKAGE_STRING ""
| #define PACKAGE_BUGREPORT ""
| /* end confdefs.h.  */
| extern "C" void std::exit (int); using std::exit;
| #include <stdlib.h>
| int
| main ()
| {
| exit (42);
|   ;
|   return 0;
| }
configure:2735: mips-linux-gnu3-g++ -c -g -O2  conftest.cc >&5
configure:2741: $? = 0
configure:2745: test -z 
			 || test ! -s conftest.err
configure:2748: $? = 0
configure:2751: test -s conftest.o
configure:2754: $? = 0
configure:2780: mips-linux-gnu3-g++ -c -g -O2  conftest.cc >&5
configure:2786: $? = 0
configure:2790: test -z 
			 || test ! -s conftest.err
configure:2793: $? = 0
configure:2796: test -s conftest.o
configure:2799: $? = 0
configure:2862: checking for a BSD-compatible install
configure:2917: result: /usr/bin/install -c
configure:3008: checking build system type
configure:3026: result: i686-pc-linux-gnu
configure:3034: checking host system type
configure:3048: result: mips-unknown-linux-gnu3
configure:3056: checking for a sed that does not truncate output
configure:3110: result: /bin/sed
configure:3113: checking for egrep
configure:3123: result: grep -E
configure:3139: checking for ld used by mips-linux-gnu3-gcc
configure:3206: result: /opt/toolchains/buildroot-be-gcc434-2013-0107/usr/mips-unknown-linux-uclibc/bin/ld
configure:3215: checking if the linker (/opt/toolchains/buildroot-be-gcc434-2013-0107/usr/mips-unknown-linux-uclibc/bin/ld) is GNU ld
configure:3230: result: yes
configure:3235: checking for /opt/toolchains/buildroot-be-gcc434-2013-0107/usr/mips-unknown-linux-uclibc/bin/ld option to reload object files
configure:3242: result: -r
configure:3260: checking for BSD-compatible nm
configure:3309: result: /opt/buildroot-be-gcc434/usr/bin/mips-linux-gnu3-nm -B
configure:3313: checking whether ln -s works
configure:3317: result: yes
configure:3324: checking how to recognise dependent libraries
configure:3500: result: pass_all
configure:3979: checking how to run the C preprocessor
configure:4014: mips-linux-gnu3-gcc -E  conftest.c
configure:4020: $? = 0
configure:4052: mips-linux-gnu3-gcc -E  conftest.c
conftest.c:12:28: error: ac_nonexistent.h: No such file or directory
configure:4058: $? = 1
configure: failed program was:
| /* confdefs.h.  */
| 
| #define PACKAGE_NAME ""
| #define PACKAGE_TARNAME ""
| #define PACKAGE_VERSION ""
| #define PACKAGE_STRING ""
| #define PACKAGE_BUGREPORT ""
| #ifdef __cplusplus
| extern "C" void exit (int) throw ();
| #endif
| /* end confdefs.h.  */
| #include <ac_nonexistent.h>
configure:4097: result: mips-linux-gnu3-gcc -E
configure:4121: mips-linux-gnu3-gcc -E  conftest.c
configure:4127: $? = 0
configure:4159: mips-linux-gnu3-gcc -E  conftest.c
conftest.c:12:28: error: ac_nonexistent.h: No such file or directory
configure:4165: $? = 1
configure: failed program was:
| /* confdefs.h.  */
| 
| #define PACKAGE_NAME ""
| #define PACKAGE_TARNAME ""
| #define PACKAGE_VERSION ""
| #define PACKAGE_STRING ""
| #define PACKAGE_BUGREPORT ""
| #ifdef __cplusplus
| extern "C" void exit (int) throw ();
| #endif
| /* end confdefs.h.  */
| #include <ac_nonexistent.h>
configure:4209: checking for ANSI C header files
configure:4234: mips-linux-gnu3-gcc -c -D__NO_CTYPE  -DLinux -fomit-frame-pointer -pipe -D__linux__ -Dunix -DEMBED -funit-at-a-time -I/opt/buildroot-be-gcc434/usr/include -fPIC -funit-at-a-time -Os -DFOR_ATHEROS_PLATFORM=1 -DFOR_AR934x=1 -DFOR_AR955x=1 -DRUN_SYSTEM_AS_ROOT=1 -DSYSTEM_IS_LITTLE_ENDIAN=0 -DSYSTEM_IS_BIG_ENDIAN=1 -DUSE_UCLIB=1 -DTARGET=1  conftest.c >&5
configure:4240: $? = 0
configure:4244: test -z 
			 || test ! -s conftest.err
configure:4247: $? = 0
configure:4250: test -s conftest.o
configure:4253: $? = 0
configure:4365: result: yes
configure:4389: checking for sys/types.h
configure:4405: mips-linux-gnu3-gcc -c -D__NO_CTYPE  -DLinux -fomit-frame-pointer -pipe -D__linux__ -Dunix -DEMBED -funit-at-a-time -I/opt/buildroot-be-gcc434/usr/include -fPIC -funit-at-a-time -Os -DFOR_ATHEROS_PLATFORM=1 -DFOR_AR934x=1 -DFOR_AR955x=1 -DRUN_SYSTEM_AS_ROOT=1 -DSYSTEM_IS_LITTLE_ENDIAN=0 -DSYSTEM_IS_BIG_ENDIAN=1 -DUSE_UCLIB=1 -DTARGET=1  conftest.c >&5
configure:4411: $? = 0
configure:4415: test -z 
			 || test ! -s conftest.err
configure:4418: $? = 0
configure:4421: test -s conftest.o
configure:4424: $? = 0
configure:4435: result: yes
configure:4389: checking for sys/stat.h
configure:4405: mips-linux-gnu3-gcc -c -D__NO_CTYPE  -DLinux -fomit-frame-pointer -pipe -D__linux__ -Dunix -DEMBED -funit-at-a-time -I/opt/buildroot-be-gcc434/usr/include -fPIC -funit-at-a-time -Os -DFOR_ATHEROS_PLATFORM=1 -DFOR_AR934x=1 -DFOR_AR955x=1 -DRUN_SYSTEM_AS_ROOT=1 -DSYSTEM_IS_LITTLE_ENDIAN=0 -DSYSTEM_IS_BIG_ENDIAN=1 -DUSE_UCLIB=1 -DTARGET=1  conftest.c >&5
configure:4411: $? = 0
configure:4415: test -z 
			 || test ! -s conftest.err
configure:4418: $? = 0
configure:4421: test -s conftest.o
configure:4424: $? = 0
configure:4435: result: yes
configure:4389: checking for stdlib.h
configure:4405: mips-linux-gnu3-gcc -c -D__NO_CTYPE  -DLinux -fomit-frame-pointer -pipe -D__linux__ -Dunix -DEMBED -funit-at-a-time -I/opt/buildroot-be-gcc434/usr/include -fPIC -funit-at-a-time -Os -DFOR_ATHEROS_PLATFORM=1 -DFOR_AR934x=1 -DFOR_AR955x=1 -DRUN_SYSTEM_AS_ROOT=1 -DSYSTEM_IS_LITTLE_ENDIAN=0 -DSYSTEM_IS_BIG_ENDIAN=1 -DUSE_UCLIB=1 -DTARGET=1  conftest.c >&5
configure:4411: $? = 0
configure:4415: test -z 
			 || test ! -s conftest.err
configure:4418: $? = 0
configure:4421: test -s conftest.o
configure:4424: $? = 0
configure:4435: result: yes
configure:4389: checking for string.h
configure:4405: mips-linux-gnu3-gcc -c -D__NO_CTYPE  -DLinux -fomit-frame-pointer -pipe -D__linux__ -Dunix -DEMBED -funit-at-a-time -I/opt/buildroot-be-gcc434/usr/include -fPIC -funit-at-a-time -Os -DFOR_ATHEROS_PLATFORM=1 -DFOR_AR934x=1 -DFOR_AR955x=1 -DRUN_SYSTEM_AS_ROOT=1 -DSYSTEM_IS_LITTLE_ENDIAN=0 -DSYSTEM_IS_BIG_ENDIAN=1 -DUSE_UCLIB=1 -DTARGET=1  conftest.c >&5
configure:4411: $? = 0
configure:4415: test -z 
			 || test ! -s conftest.err
configure:4418: $? = 0
configure:4421: test -s conftest.o
configure:4424: $? = 0
configure:4435: result: yes
configure:4389: checking for memory.h
configure:4405: mips-linux-gnu3-gcc -c -D__NO_CTYPE  -DLinux -fomit-frame-pointer -pipe -D__linux__ -Dunix -DEMBED -funit-at-a-time -I/opt/buildroot-be-gcc434/usr/include -fPIC -funit-at-a-time -Os -DFOR_ATHEROS_PLATFORM=1 -DFOR_AR934x=1 -DFOR_AR955x=1 -DRUN_SYSTEM_AS_ROOT=1 -DSYSTEM_IS_LITTLE_ENDIAN=0 -DSYSTEM_IS_BIG_ENDIAN=1 -DUSE_UCLIB=1 -DTARGET=1  conftest.c >&5
configure:4411: $? = 0
configure:4415: test -z 
			 || test ! -s conftest.err
configure:4418: $? = 0
configure:4421: test -s conftest.o
configure:4424: $? = 0
configure:4435: result: yes
configure:4389: checking for strings.h
configure:4405: mips-linux-gnu3-gcc -c -D__NO_CTYPE  -DLinux -fomit-frame-pointer -pipe -D__linux__ -Dunix -DEMBED -funit-at-a-time -I/opt/buildroot-be-gcc434/usr/include -fPIC -funit-at-a-time -Os -DFOR_ATHEROS_PLATFORM=1 -DFOR_AR934x=1 -DFOR_AR955x=1 -DRUN_SYSTEM_AS_ROOT=1 -DSYSTEM_IS_LITTLE_ENDIAN=0 -DSYSTEM_IS_BIG_ENDIAN=1 -DUSE_UCLIB=1 -DTARGET=1  conftest.c >&5
configure:4411: $? = 0
configure:4415: test -z 
			 || test ! -s conftest.err
configure:4418: $? = 0
configure:4421: test -s conftest.o
configure:4424: $? = 0
configure:4435: result: yes
configure:4389: checking for inttypes.h
configure:4405: mips-linux-gnu3-gcc -c -D__NO_CTYPE  -DLinux -fomit-frame-pointer -pipe -D__linux__ -Dunix -DEMBED -funit-at-a-time -I/opt/buildroot-be-gcc434/usr/include -fPIC -funit-at-a-time -Os -DFOR_ATHEROS_PLATFORM=1 -DFOR_AR934x=1 -DFOR_AR955x=1 -DRUN_SYSTEM_AS_ROOT=1 -DSYSTEM_IS_LITTLE_ENDIAN=0 -DSYSTEM_IS_BIG_ENDIAN=1 -DUSE_UCLIB=1 -DTARGET=1  conftest.c >&5
configure:4411: $? = 0
configure:4415: test -z 
			 || test ! -s conftest.err
configure:4418: $? = 0
configure:4421: test -s conftest.o
configure:4424: $? = 0
configure:4435: result: yes
configure:4389: checking for stdint.h
configure:4405: mips-linux-gnu3-gcc -c -D__NO_CTYPE  -DLinux -fomit-frame-pointer -pipe -D__linux__ -Dunix -DEMBED -funit-at-a-time -I/opt/buildroot-be-gcc434/usr/include -fPIC -funit-at-a-time -Os -DFOR_ATHEROS_PLATFORM=1 -DFOR_AR934x=1 -DFOR_AR955x=1 -DRUN_SYSTEM_AS_ROOT=1 -DSYSTEM_IS_LITTLE_ENDIAN=0 -DSYSTEM_IS_BIG_ENDIAN=1 -DUSE_UCLIB=1 -DTARGET=1  conftest.c >&5
configure:4411: $? = 0
configure:4415: test -z 
			 || test ! -s conftest.err
configure:4418: $? = 0
configure:4421: test -s conftest.o
configure:4424: $? = 0
configure:4435: result: yes
configure:4389: checking for unistd.h
configure:4405: mips-linux-gnu3-gcc -c -D__NO_CTYPE  -DLinux -fomit-frame-pointer -pipe -D__linux__ -Dunix -DEMBED -funit-at-a-time -I/opt/buildroot-be-gcc434/usr/include -fPIC -funit-at-a-time -Os -DFOR_ATHEROS_PLATFORM=1 -DFOR_AR934x=1 -DFOR_AR955x=1 -DRUN_SYSTEM_AS_ROOT=1 -DSYSTEM_IS_LITTLE_ENDIAN=0 -DSYSTEM_IS_BIG_ENDIAN=1 -DUSE_UCLIB=1 -DTARGET=1  conftest.c >&5
configure:4411: $? = 0
configure:4415: test -z 
			 || test ! -s conftest.err
configure:4418: $? = 0
configure:4421: test -s conftest.o
configure:4424: $? = 0
configure:4435: result: yes
configure:4461: checking dlfcn.h usability
configure:4473: mips-linux-gnu3-gcc -c -D__NO_CTYPE  -DLinux -fomit-frame-pointer -pipe -D__linux__ -Dunix -DEMBED -funit-at-a-time -I/opt/buildroot-be-gcc434/usr/include -fPIC -funit-at-a-time -Os -DFOR_ATHEROS_PLATFORM=1 -DFOR_AR934x=1 -DFOR_AR955x=1 -DRUN_SYSTEM_AS_ROOT=1 -DSYSTEM_IS_LITTLE_ENDIAN=0 -DSYSTEM_IS_BIG_ENDIAN=1 -DUSE_UCLIB=1 -DTARGET=1  conftest.c >&5
configure:4479: $? = 0
configure:4483: test -z 
			 || test ! -s conftest.err
configure:4486: $? = 0
configure:4489: test -s conftest.o
configure:4492: $? = 0
configure:4502: result: yes
configure:4506: checking dlfcn.h presence
configure:4516: mips-linux-gnu3-gcc -E  conftest.c
configure:4522: $? = 0
configure:4542: result: yes
configure:4577: checking for dlfcn.h
configure:4584: result: yes
configure:4607: checking how to run the C++ preprocessor
configure:4638: mips-linux-gnu3-g++ -E  conftest.cc
configure:4644: $? = 0
configure:4676: mips-linux-gnu3-g++ -E  conftest.cc
conftest.cc:23:28: error: ac_nonexistent.h: No such file or directory
configure:4682: $? = 1
configure: failed program was:
| /* confdefs.h.  */
| 
| #define PACKAGE_NAME ""
| #define PACKAGE_TARNAME ""
| #define PACKAGE_VERSION ""
| #define PACKAGE_STRING ""
| #define PACKAGE_BUGREPORT ""
| #ifdef __cplusplus
| extern "C" void exit (int) throw ();
| #endif
| #define STDC_HEADERS 1
| #define HAVE_SYS_TYPES_H 1
| #define HAVE_SYS_STAT_H 1
| #define HAVE_STDLIB_H 1
| #define HAVE_STRING_H 1
| #define HAVE_MEMORY_H 1
| #define HAVE_STRINGS_H 1
| #define HAVE_INTTYPES_H 1
| #define HAVE_STDINT_H 1
| #define HAVE_UNISTD_H 1
| #define HAVE_DLFCN_H 1
| /* end confdefs.h.  */
| #include <ac_nonexistent.h>
configure:4721: result: mips-linux-gnu3-g++ -E
configure:4745: mips-linux-gnu3-g++ -E  conftest.cc
configure:4751: $? = 0
configure:4783: mips-linux-gnu3-g++ -E  conftest.cc
conftest.cc:23:28: error: ac_nonexistent.h: No such file or directory
configure:4789: $? = 1
configure: failed program was:
| /* confdefs.h.  */
| 
| #define PACKAGE_NAME ""
| #define PACKAGE_TARNAME ""
| #define PACKAGE_VERSION ""
| #define PACKAGE_STRING ""
| #define PACKAGE_BUGREPORT ""
| #ifdef __cplusplus
| extern "C" void exit (int) throw ();
| #endif
| #define STDC_HEADERS 1
| #define HAVE_SYS_TYPES_H 1
| #define HAVE_SYS_STAT_H 1
| #define HAVE_STDLIB_H 1
| #define HAVE_STRING_H 1
| #define HAVE_MEMORY_H 1
| #define HAVE_STRINGS_H 1
| #define HAVE_INTTYPES_H 1
| #define HAVE_STDINT_H 1
| #define HAVE_UNISTD_H 1
| #define HAVE_DLFCN_H 1
| /* end confdefs.h.  */
| #include <ac_nonexistent.h>
configure:4844: checking for mips-linux-gnu3-g77
configure:4873: result: no
configure:4844: checking for mips-linux-gnu3-f77
configure:4873: result: no
configure:4844: checking for mips-linux-gnu3-xlf
configure:4873: result: no
configure:4844: checking for mips-linux-gnu3-frt
configure:4873: result: no
configure:4844: checking for mips-linux-gnu3-pgf77
configure:4873: result: no
configure:4844: checking for mips-linux-gnu3-fort77
configure:4873: result: no
configure:4844: checking for mips-linux-gnu3-fl32
configure:4873: result: no
configure:4844: checking for mips-linux-gnu3-af77
configure:4873: result: no
configure:4844: checking for mips-linux-gnu3-f90
configure:4873: result: no
configure:4844: checking for mips-linux-gnu3-xlf90
configure:4873: result: no
configure:4844: checking for mips-linux-gnu3-pgf90
configure:4873: result: no
configure:4844: checking for mips-linux-gnu3-epcf90
configure:4873: result: no
configure:4844: checking for mips-linux-gnu3-f95
configure:4873: result: no
configure:4844: checking for mips-linux-gnu3-fort
configure:4873: result: no
configure:4844: checking for mips-linux-gnu3-xlf95
configure:4873: result: no
configure:4844: checking for mips-linux-gnu3-ifc
configure:4873: result: no
configure:4844: checking for mips-linux-gnu3-efc
configure:4873: result: no
configure:4844: checking for mips-linux-gnu3-pgf95
configure:4873: result: no
configure:4844: checking for mips-linux-gnu3-lf95
configure:4873: result: no
configure:4844: checking for mips-linux-gnu3-gfortran
configure:4873: result: no
configure:4886: checking for g77
configure:4915: result: no
configure:4886: checking for f77
configure:4915: result: no
configure:4886: checking for xlf
configure:4915: result: no
configure:4886: checking for frt
configure:4915: result: no
configure:4886: checking for pgf77
configure:4915: result: no
configure:4886: checking for fort77
configure:4915: result: no
configure:4886: checking for fl32
configure:4915: result: no
configure:4886: checking for af77
configure:4915: result: no
configure:4886: checking for f90
configure:4915: result: no
configure:4886: checking for xlf90
configure:4915: result: no
configure:4886: checking for pgf90
configure:4915: result: no
configure:4886: checking for epcf90
configure:4915: result: no
configure:4886: checking for f95
configure:4915: result: no
configure:4886: checking for fort
configure:4915: result: no
configure:4886: checking for xlf95
configure:4915: result: no
configure:4886: checking for ifc
configure:4915: result: no
configure:4886: checking for efc
configure:4915: result: no
configure:4886: checking for pgf95
configure:4915: result: no
configure:4886: checking for lf95
configure:4915: result: no
configure:4886: checking for gfortran
configure:4915: result: no
configure:4927: checking for Fortran 77 compiler version
configure:4930:  --version </dev/null >&5
./configure: line 4931: --version: command not found
configure:4933: $? = 127
configure:4935:  -v </dev/null >&5
./configure: line 4936: -v: command not found
configure:4938: $? = 127
configure:4940:  -V </dev/null >&5
./configure: line 4941: -V: command not found
configure:4943: $? = 127
configure:4951: checking whether we are using the GNU Fortran 77 compiler
configure:4965:  -c  conftest.F >&5
./configure: line 4966: -c: command not found
configure:4971: $? = 127
configure: failed program was:
|       program main
| #ifndef __GNUC__
|        choke me
| #endif
| 
|       end
configure:4997: result: no
configure:5003: checking whether  accepts -g
configure:5015:  -c -g conftest.f >&5
./configure: line 5016: -c: command not found
configure:5021: $? = 127
configure: failed program was:
|       program main
| 
|       end
configure:5046: result: no
configure:5076: checking the maximum length of command line arguments
configure:5185: result: 32768
configure:5196: checking command to parse /opt/buildroot-be-gcc434/usr/bin/mips-linux-gnu3-nm -B output from mips-linux-gnu3-gcc object
configure:5301: mips-linux-gnu3-gcc -c -D__NO_CTYPE  -DLinux -fomit-frame-pointer -pipe -D__linux__ -Dunix -DEMBED -funit-at-a-time -I/opt/buildroot-be-gcc434/usr/include -fPIC -funit-at-a-time -Os -DFOR_ATHEROS_PLATFORM=1 -DFOR_AR934x=1 -DFOR_AR955x=1 -DRUN_SYSTEM_AS_ROOT=1 -DSYSTEM_IS_LITTLE_ENDIAN=0 -DSYSTEM_IS_BIG_ENDIAN=1 -DUSE_UCLIB=1 -DTARGET=1  conftest.c >&5
configure:5304: $? = 0
configure:5308: /opt/buildroot-be-gcc434/usr/bin/mips-linux-gnu3-nm -B conftest.o \| sed -n -e 's/^.*[ 	]\([ABCDGIRSTW][ABCDGIRSTW]*\)[ 	][ 	]*\([_A-Za-z][_A-Za-z0-9]*\)$/\1 \2 \2/p' \> conftest.nm
configure:5311: $? = 0
configure:5363: mips-linux-gnu3-gcc -o conftest -D__NO_CTYPE  -DLinux -fomit-frame-pointer -pipe -D__linux__ -Dunix -DEMBED -funit-at-a-time -I/opt/buildroot-be-gcc434/usr/include -fPIC -funit-at-a-time -Os -DFOR_ATHEROS_PLATFORM=1 -DFOR_AR934x=1 -DFOR_AR955x=1 -DRUN_SYSTEM_AS_ROOT=1 -DSYSTEM_IS_LITTLE_ENDIAN=0 -DSYSTEM_IS_BIG_ENDIAN=1 -DUSE_UCLIB=1 -DTARGET=1   conftest.c conftstm.o >&5
configure:5366: $? = 0
configure:5404: result: ok
configure:5408: checking for objdir
configure:5423: result: .libs
configure:5475: checking for mips-linux-gnu3-ar
configure:5491: found /opt/buildroot-be-gcc434/usr/bin/mips-linux-gnu3-ar
configure:5501: result: mips-linux-gnu3-ar
configure:5555: checking for mips-linux-gnu3-ranlib
configure:5571: found /opt/buildroot-be-gcc434/usr/bin/mips-linux-gnu3-ranlib
configure:5581: result: mips-linux-gnu3-ranlib
configure:5635: checking for mips-linux-gnu3-strip
configure:5651: found /opt/buildroot-be-gcc434/usr/bin/mips-linux-gnu3-strip
configure:5661: result: mips-linux-gnu3-strip
configure:5923: checking for correct ltmain.sh version
configure:5973: result: yes
configure:6033: checking if mips-linux-gnu3-gcc supports -fno-rtti -fno-exceptions
configure:6051: mips-linux-gnu3-gcc -c -D__NO_CTYPE  -DLinux -fomit-frame-pointer -pipe -D__linux__ -Dunix -DEMBED -funit-at-a-time -I/opt/buildroot-be-gcc434/usr/include -fPIC -funit-at-a-time -Os -DFOR_ATHEROS_PLATFORM=1 -DFOR_AR934x=1 -DFOR_AR955x=1 -DRUN_SYSTEM_AS_ROOT=1 -DSYSTEM_IS_LITTLE_ENDIAN=0 -DSYSTEM_IS_BIG_ENDIAN=1 -DUSE_UCLIB=1 -DTARGET=1  -fno-rtti -fno-exceptions conftest.c >&5
cc1: warning: command line option "-fno-rtti" is valid for C++/ObjC++ but not for C
configure:6055: $? = 0
configure:6068: result: no
configure:6083: checking for mips-linux-gnu3-gcc option to produce PIC
configure:6293: result: -fPIC
configure:6301: checking if mips-linux-gnu3-gcc PIC flag -fPIC works
configure:6319: mips-linux-gnu3-gcc -c -D__NO_CTYPE  -DLinux -fomit-frame-pointer -pipe -D__linux__ -Dunix -DEMBED -funit-at-a-time -I/opt/buildroot-be-gcc434/usr/include -fPIC -funit-at-a-time -Os -DFOR_ATHEROS_PLATFORM=1 -DFOR_AR934x=1 -DFOR_AR955x=1 -DRUN_SYSTEM_AS_ROOT=1 -DSYSTEM_IS_LITTLE_ENDIAN=0 -DSYSTEM_IS_BIG_ENDIAN=1 -DUSE_UCLIB=1 -DTARGET=1  -fPIC -DPIC conftest.c >&5
configure:6323: $? = 0
configure:6336: result: yes
configure:6364: checking if mips-linux-gnu3-gcc static flag -static works
configure:6392: result: yes
configure:6402: checking if mips-linux-gnu3-gcc supports -c -o file.o
configure:6423: mips-linux-gnu3-gcc -c -D__NO_CTYPE  -DLinux -fomit-frame-pointer -pipe -D__linux__ -Dunix -DEMBED -funit-at-a-time -I/opt/buildroot-be-gcc434/usr/include -fPIC -funit-at-a-time -Os -DFOR_ATHEROS_PLATFORM=1 -DFOR_AR934x=1 -DFOR_AR955x=1 -DRUN_SYSTEM_AS_ROOT=1 -DSYSTEM_IS_LITTLE_ENDIAN=0 -DSYSTEM_IS_BIG_ENDIAN=1 -DUSE_UCLIB=1 -DTARGET=1  -o out/conftest2.o conftest.c >&5
configure:6427: $? = 0
configure:6449: result: yes
configure:6475: checking whether the mips-linux-gnu3-gcc linker (/opt/toolchains/buildroot-be-gcc434-2013-0107/usr/mips-unknown-linux-uclibc/bin/ld) supports shared libraries
configure:7433: result: yes
configure:7454: checking whether -lc should be explicitly linked in
configure:7459: mips-linux-gnu3-gcc -c -D__NO_CTYPE  -DLinux -fomit-frame-pointer -pipe -D__linux__ -Dunix -DEMBED -funit-at-a-time -I/opt/buildroot-be-gcc434/usr/include -fPIC -funit-at-a-time -Os -DFOR_ATHEROS_PLATFORM=1 -DFOR_AR934x=1 -DFOR_AR955x=1 -DRUN_SYSTEM_AS_ROOT=1 -DSYSTEM_IS_LITTLE_ENDIAN=0 -DSYSTEM_IS_BIG_ENDIAN=1 -DUSE_UCLIB=1 -DTARGET=1  conftest.c >&5
configure:7462: $? = 0
configure:7477: mips-linux-gnu3-gcc -shared conftest.o  -v -Wl,-soname -Wl,conftest -o conftest 2\>\&1 \| grep  -lc  \>/dev/null 2\>\&1
configure:7480: $? = 0
configure:7492: result: no
configure:7500: checking dynamic linker characteristics
configure:8125: result: GNU/Linux ld.so
configure:8134: checking how to hardcode library paths into programs
configure:8159: result: immediate
configure:8173: checking whether stripping libraries is possible
configure:8178: result: yes
configure:9012: checking if libtool supports shared libraries
configure:9014: result: yes
configure:9017: checking whether to build shared libraries
configure:9038: result: yes
configure:9041: checking whether to build static libraries
configure:9045: result: yes
configure:9137: creating libtool
configure:9725: checking for ld used by mips-linux-gnu3-g++
configure:9792: result: /opt/toolchains/buildroot-be-gcc434-2013-0107/usr/mips-unknown-linux-uclibc/bin/ld
configure:9801: checking if the linker (/opt/toolchains/buildroot-be-gcc434-2013-0107/usr/mips-unknown-linux-uclibc/bin/ld) is GNU ld
configure:9816: result: yes
configure:9867: checking whether the mips-linux-gnu3-g++ linker (/opt/toolchains/buildroot-be-gcc434-2013-0107/usr/mips-unknown-linux-uclibc/bin/ld) supports shared libraries
configure:10805: result: yes
configure:10823: mips-linux-gnu3-g++ -c -g -O2  conftest.cpp >&5
configure:10826: $? = 0
configure:10945: checking for mips-linux-gnu3-g++ option to produce PIC
configure:11219: result: -fPIC
configure:11227: checking if mips-linux-gnu3-g++ PIC flag -fPIC works
configure:11245: mips-linux-gnu3-g++ -c -g -O2  -fPIC -DPIC conftest.cpp >&5
configure:11249: $? = 0
configure:11262: result: yes
configure:11290: checking if mips-linux-gnu3-g++ static flag -static works
configure:11318: result: yes
configure:11328: checking if mips-linux-gnu3-g++ supports -c -o file.o
configure:11349: mips-linux-gnu3-g++ -c -g -O2  -o out/conftest2.o conftest.cpp >&5
configure:11353: $? = 0
configure:11375: result: yes
configure:11401: checking whether the mips-linux-gnu3-g++ linker (/opt/toolchains/buildroot-be-gcc434-2013-0107/usr/mips-unknown-linux-uclibc/bin/ld) supports shared libraries
configure:11426: result: yes
configure:11493: checking dynamic linker characteristics
configure:12118: result: GNU/Linux ld.so
configure:12127: checking how to hardcode library paths into programs
configure:12152: result: immediate
configure:18387: checking for ANSI C header files
configure:18543: result: yes
configure:18567: checking limits.h usability
configure:18579: mips-linux-gnu3-gcc -c -D__NO_CTYPE  -DLinux -fomit-frame-pointer -pipe -D__linux__ -Dunix -DEMBED -funit-at-a-time -I/opt/buildroot-be-gcc434/usr/include -fPIC -funit-at-a-time -Os -DFOR_ATHEROS_PLATFORM=1 -DFOR_AR934x=1 -DFOR_AR955x=1 -DRUN_SYSTEM_AS_ROOT=1 -DSYSTEM_IS_LITTLE_ENDIAN=0 -DSYSTEM_IS_BIG_ENDIAN=1 -DUSE_UCLIB=1 -DTARGET=1  conftest.c >&5
configure:18585: $? = 0
configure:18589: test -z 
			 || test ! -s conftest.err
configure:18592: $? = 0
configure:18595: test -s conftest.o
configure:18598: $? = 0
configure:18608: result: yes
configure:18612: checking limits.h presence
configure:18622: mips-linux-gnu3-gcc -E  conftest.c
configure:18628: $? = 0
configure:18648: result: yes
configure:18683: checking for limits.h
configure:18690: result: yes
configure:19194: checking for an ANSI C-conforming const
configure:19261: mips-linux-gnu3-gcc -c -D__NO_CTYPE  -DLinux -fomit-frame-pointer -pipe -D__linux__ -Dunix -DEMBED -funit-at-a-time -I/opt/buildroot-be-gcc434/usr/include -fPIC -funit-at-a-time -Os -DFOR_ATHEROS_PLATFORM=1 -DFOR_AR934x=1 -DFOR_AR955x=1 -DRUN_SYSTEM_AS_ROOT=1 -DSYSTEM_IS_LITTLE_ENDIAN=0 -DSYSTEM_IS_BIG_ENDIAN=1 -DUSE_UCLIB=1 -DTARGET=1  conftest.c >&5
configure:19267: $? = 0
configure:19271: test -z 
			 || test ! -s conftest.err
configure:19274: $? = 0
configure:19277: test -s conftest.o
configure:19280: $? = 0
configure:19291: result: yes
configure:19301: checking for size_t
configure:19325: mips-linux-gnu3-gcc -c -D__NO_CTYPE  -DLinux -fomit-frame-pointer -pipe -D__linux__ -Dunix -DEMBED -funit-at-a-time -I/opt/buildroot-be-gcc434/usr/include -fPIC -funit-at-a-time -Os -DFOR_ATHEROS_PLATFORM=1 -DFOR_AR934x=1 -DFOR_AR955x=1 -DRUN_SYSTEM_AS_ROOT=1 -DSYSTEM_IS_LITTLE_ENDIAN=0 -DSYSTEM_IS_BIG_ENDIAN=1 -DUSE_UCLIB=1 -DTARGET=1  conftest.c >&5
configure:19331: $? = 0
configure:19335: test -z 
			 || test ! -s conftest.err
configure:19338: $? = 0
configure:19341: test -s conftest.o
configure:19344: $? = 0
configure:19355: result: yes
configure:19368: checking for long long
configure:19392: mips-linux-gnu3-gcc -c -D__NO_CTYPE  -DLinux -fomit-frame-pointer -pipe -D__linux__ -Dunix -DEMBED -funit-at-a-time -I/opt/buildroot-be-gcc434/usr/include -fPIC -funit-at-a-time -Os -DFOR_ATHEROS_PLATFORM=1 -DFOR_AR934x=1 -DFOR_AR955x=1 -DRUN_SYSTEM_AS_ROOT=1 -DSYSTEM_IS_LITTLE_ENDIAN=0 -DSYSTEM_IS_BIG_ENDIAN=1 -DUSE_UCLIB=1 -DTARGET=1  conftest.c >&5
configure:19398: $? = 0
configure:19402: test -z 
			 || test ! -s conftest.err
configure:19405: $? = 0
configure:19408: test -s conftest.o
configure:19411: $? = 0
configure:19422: result: yes
configure:19435: checking for unsigned long long
configure:19459: mips-linux-gnu3-gcc -c -D__NO_CTYPE  -DLinux -fomit-frame-pointer -pipe -D__linux__ -Dunix -DEMBED -funit-at-a-time -I/opt/buildroot-be-gcc434/usr/include -fPIC -funit-at-a-time -Os -DFOR_ATHEROS_PLATFORM=1 -DFOR_AR934x=1 -DFOR_AR955x=1 -DRUN_SYSTEM_AS_ROOT=1 -DSYSTEM_IS_LITTLE_ENDIAN=0 -DSYSTEM_IS_BIG_ENDIAN=1 -DUSE_UCLIB=1 -DTARGET=1  conftest.c >&5
configure:19465: $? = 0
configure:19469: test -z 
			 || test ! -s conftest.err
configure:19472: $? = 0
configure:19475: test -s conftest.o
configure:19478: $? = 0
configure:19489: result: yes
configure:19514: checking for bcopy
configure:19571: mips-linux-gnu3-gcc -o conftest -D__NO_CTYPE  -DLinux -fomit-frame-pointer -pipe -D__linux__ -Dunix -DEMBED -funit-at-a-time -I/opt/buildroot-be-gcc434/usr/include -fPIC -funit-at-a-time -Os -DFOR_ATHEROS_PLATFORM=1 -DFOR_AR934x=1 -DFOR_AR955x=1 -DRUN_SYSTEM_AS_ROOT=1 -DSYSTEM_IS_LITTLE_ENDIAN=0 -DSYSTEM_IS_BIG_ENDIAN=1 -DUSE_UCLIB=1 -DTARGET=1   conftest.c  >&5
conftest.c:51: warning: conflicting types for built-in function 'bcopy'
configure:19577: $? = 0
configure:19581: test -z 
			 || test ! -s conftest.err
configure:19584: $? = 0
configure:19587: test -s conftest
configure:19590: $? = 0
configure:19602: result: yes
configure:19514: checking for memmove
configure:19571: mips-linux-gnu3-gcc -o conftest -D__NO_CTYPE  -DLinux -fomit-frame-pointer -pipe -D__linux__ -Dunix -DEMBED -funit-at-a-time -I/opt/buildroot-be-gcc434/usr/include -fPIC -funit-at-a-time -Os -DFOR_ATHEROS_PLATFORM=1 -DFOR_AR934x=1 -DFOR_AR955x=1 -DRUN_SYSTEM_AS_ROOT=1 -DSYSTEM_IS_LITTLE_ENDIAN=0 -DSYSTEM_IS_BIG_ENDIAN=1 -DUSE_UCLIB=1 -DTARGET=1   conftest.c  >&5
conftest.c:52: warning: conflicting types for built-in function 'memmove'
configure:19577: $? = 0
configure:19581: test -z 
			 || test ! -s conftest.err
configure:19584: $? = 0
configure:19587: test -s conftest
configure:19590: $? = 0
configure:19602: result: yes
configure:19514: checking for strerror
configure:19571: mips-linux-gnu3-gcc -o conftest -D__NO_CTYPE  -DLinux -fomit-frame-pointer -pipe -D__linux__ -Dunix -DEMBED -funit-at-a-time -I/opt/buildroot-be-gcc434/usr/include -fPIC -funit-at-a-time -Os -DFOR_ATHEROS_PLATFORM=1 -DFOR_AR934x=1 -DFOR_AR955x=1 -DRUN_SYSTEM_AS_ROOT=1 -DSYSTEM_IS_LITTLE_ENDIAN=0 -DSYSTEM_IS_BIG_ENDIAN=1 -DUSE_UCLIB=1 -DTARGET=1   conftest.c  >&5
configure:19577: $? = 0
configure:19581: test -z 
			 || test ! -s conftest.err
configure:19584: $? = 0
configure:19587: test -s conftest
configure:19590: $? = 0
configure:19602: result: yes
configure:19514: checking for strtoq
configure:19571: mips-linux-gnu3-gcc -o conftest -D__NO_CTYPE  -DLinux -fomit-frame-pointer -pipe -D__linux__ -Dunix -DEMBED -funit-at-a-time -I/opt/buildroot-be-gcc434/usr/include -fPIC -funit-at-a-time -Os -DFOR_ATHEROS_PLATFORM=1 -DFOR_AR934x=1 -DFOR_AR955x=1 -DRUN_SYSTEM_AS_ROOT=1 -DSYSTEM_IS_LITTLE_ENDIAN=0 -DSYSTEM_IS_BIG_ENDIAN=1 -DUSE_UCLIB=1 -DTARGET=1   conftest.c  >&5
configure:19577: $? = 0
configure:19581: test -z 
			 || test ! -s conftest.err
configure:19584: $? = 0
configure:19587: test -s conftest
configure:19590: $? = 0
configure:19602: result: yes
configure:19514: checking for strtoll
configure:19571: mips-linux-gnu3-gcc -o conftest -D__NO_CTYPE  -DLinux -fomit-frame-pointer -pipe -D__linux__ -Dunix -DEMBED -funit-at-a-time -I/opt/buildroot-be-gcc434/usr/include -fPIC -funit-at-a-time -Os -DFOR_ATHEROS_PLATFORM=1 -DFOR_AR934x=1 -DFOR_AR955x=1 -DRUN_SYSTEM_AS_ROOT=1 -DSYSTEM_IS_LITTLE_ENDIAN=0 -DSYSTEM_IS_BIG_ENDIAN=1 -DUSE_UCLIB=1 -DTARGET=1   conftest.c  >&5
configure:19577: $? = 0
configure:19581: test -z 
			 || test ! -s conftest.err
configure:19584: $? = 0
configure:19587: test -s conftest
configure:19590: $? = 0
configure:19602: result: yes
configure:19880: creating ./config.status

## ---------------------- ##
## Running config.status. ##
## ---------------------- ##

This file was extended by config.status, which was
generated by GNU Autoconf 2.59.  Invocation command line was

  CONFIG_FILES    = 
  CONFIG_HEADERS  = 
  CONFIG_LINKS    = 
  CONFIG_COMMANDS = 
  $ ./config.status 

on rd2-VirtualBox-book

config.status:725: creating Makefile
config.status:725: creating pcre-config
config.status:725: creating libpcre.pc
config.status:725: creating pcrecpparg.h
config.status:725: creating pcre_stringpiece.h
config.status:725: creating RunGrepTest
config.status:725: creating RunTest
config.status:829: creating config.h
config.status:1109: executing default commands

## ---------------- ##
## Cache variables. ##
## ---------------- ##

ac_cv_build=i686-pc-linux-gnu
ac_cv_build_alias=i686-linux
ac_cv_c_compiler_gnu=yes
ac_cv_c_const=yes
ac_cv_cxx_compiler_gnu=yes
ac_cv_env_CC_set=set
ac_cv_env_CC_value=mips-linux-gnu3-gcc
ac_cv_env_CFLAGS_set=set
ac_cv_env_CFLAGS_value='-D__NO_CTYPE  -DLinux -fomit-frame-pointer -pipe -D__linux__ -Dunix -DEMBED -funit-at-a-time -I/opt/buildroot-be-gcc434/usr/include -fPIC -funit-at-a-time -Os -DFOR_ATHEROS_PLATFORM=1 -DFOR_AR934x=1 -DFOR_AR955x=1 -DRUN_SYSTEM_AS_ROOT=1 -DSYSTEM_IS_LITTLE_ENDIAN=0 -DSYSTEM_IS_BIG_ENDIAN=1 -DUSE_UCLIB=1 -DTARGET=1'
ac_cv_env_CPPFLAGS_set=
ac_cv_env_CPPFLAGS_value=
ac_cv_env_CPP_set=
ac_cv_env_CPP_value=
ac_cv_env_CXXCPP_set=
ac_cv_env_CXXCPP_value=
ac_cv_env_CXXFLAGS_set=
ac_cv_env_CXXFLAGS_value=
ac_cv_env_CXX_set=
ac_cv_env_CXX_value=
ac_cv_env_F77_set=
ac_cv_env_F77_value=
ac_cv_env_FFLAGS_set=
ac_cv_env_FFLAGS_value=
ac_cv_env_LDFLAGS_set=set
ac_cv_env_LDFLAGS_value=
ac_cv_env_build_alias_set=set
ac_cv_env_build_alias_value=i686-linux
ac_cv_env_host_alias_set=set
ac_cv_env_host_alias_value=mips-linux-gnu3
ac_cv_env_target_alias_set=set
ac_cv_env_target_alias_value=mips-linux-gnu3
ac_cv_exeext=
ac_cv_f77_compiler_gnu=no
ac_cv_func_bcopy=yes
ac_cv_func_memmove=yes
ac_cv_func_strerror=yes
ac_cv_func_strtoll=yes
ac_cv_func_strtoq=yes
ac_cv_header_dlfcn_h=yes
ac_cv_header_inttypes_h=yes
ac_cv_header_limits_h=yes
ac_cv_header_memory_h=yes
ac_cv_header_stdc=yes
ac_cv_header_stdint_h=yes
ac_cv_header_stdlib_h=yes
ac_cv_header_string_h=yes
ac_cv_header_strings_h=yes
ac_cv_header_sys_stat_h=yes
ac_cv_header_sys_types_h=yes
ac_cv_header_unistd_h=yes
ac_cv_host=mips-unknown-linux-gnu3
ac_cv_host_alias=mips-linux-gnu3
ac_cv_objext=o
ac_cv_path_install='/usr/bin/install -c'
ac_cv_prog_AR=mips-linux-gnu3-ar
ac_cv_prog_CC=mips-linux-gnu3-gcc
ac_cv_prog_CPP='mips-linux-gnu3-gcc -E'
ac_cv_prog_CXX=mips-linux-gnu3-g++
ac_cv_prog_CXXCPP='mips-linux-gnu3-g++ -E'
ac_cv_prog_RANLIB=mips-linux-gnu3-ranlib
ac_cv_prog_STRIP=mips-linux-gnu3-strip
ac_cv_prog_cc_g=yes
ac_cv_prog_cc_stdc=
ac_cv_prog_cxx_g=yes
ac_cv_prog_egrep='grep -E'
ac_cv_prog_f77_g=no
ac_cv_type_long_long=yes
ac_cv_type_size_t=yes
ac_cv_type_unsigned_long_long=yes
lt_cv_deplibs_check_method=pass_all
lt_cv_file_magic_cmd='$MAGIC_CMD'
lt_cv_file_magic_test_file=
lt_cv_ld_reload_flag=-r
lt_cv_objdir=.libs
lt_cv_path_LD=/opt/toolchains/buildroot-be-gcc434-2013-0107/usr/mips-unknown-linux-uclibc/bin/ld
lt_cv_path_LDCXX=/opt/toolchains/buildroot-be-gcc434-2013-0107/usr/mips-unknown-linux-uclibc/bin/ld
lt_cv_path_NM='/opt/buildroot-be-gcc434/usr/bin/mips-linux-gnu3-nm -B'
lt_cv_path_SED=/bin/sed
lt_cv_prog_compiler_c_o=yes
lt_cv_prog_compiler_c_o_CXX=yes
lt_cv_prog_compiler_rtti_exceptions=no
lt_cv_prog_gnu_ld=yes
lt_cv_prog_gnu_ldcxx=yes
lt_cv_sys_global_symbol_pipe='sed -n -e '\''s/^.*[ 	]\([ABCDGIRSTW][ABCDGIRSTW]*\)[ 	][ 	]*\([_A-Za-z][_A-Za-z0-9]*\)$/\1 \2 \2/p'\'''
lt_cv_sys_global_symbol_to_c_name_address='sed -n -e '\''s/^: \([^ ]*\) $/  {\"\1\", (lt_ptr) 0},/p'\'' -e '\''s/^[BCDEGRST] \([^ ]*\) \([^ ]*\)$/  {"\2", (lt_ptr) \&\2},/p'\'''
lt_cv_sys_global_symbol_to_cdecl='sed -n -e '\''s/^. .* \(.*\)$/extern int \1;/p'\'''
lt_cv_sys_max_cmd_len=32768
lt_lt_cv_prog_compiler_c_o='"yes"'
lt_lt_cv_prog_compiler_c_o_CXX='"yes"'
lt_lt_cv_sys_global_symbol_pipe='"sed -n -e '\''s/^.*[ 	]\\([ABCDGIRSTW][ABCDGIRSTW]*\\)[ 	][ 	]*\\([_A-Za-z][_A-Za-z0-9]*\\)\$/\\1 \\2 \\2/p'\''"'
lt_lt_cv_sys_global_symbol_to_c_name_address='"sed -n -e '\''s/^: \\([^ ]*\\) \$/  {\\\"\\1\\\", (lt_ptr) 0},/p'\'' -e '\''s/^[BCDEGRST] \\([^ ]*\\) \\([^ ]*\\)\$/  {\"\\2\", (lt_ptr) \\&\\2},/p'\''"'
lt_lt_cv_sys_global_symbol_to_cdecl='"sed -n -e '\''s/^. .* \\(.*\\)\$/extern int \\1;/p'\''"'

## ----------------- ##
## Output variables. ##
## ----------------- ##

AR='mips-linux-gnu3-ar'
AS='as'
BUILD_EXEEXT='$(EXEEXT)'
BUILD_OBJEXT='$(OBJEXT)'
CC='mips-linux-gnu3-gcc'
CC_FOR_BUILD='$(CC)'
CFLAGS='-D__NO_CTYPE  -DLinux -fomit-frame-pointer -pipe -D__linux__ -Dunix -DEMBED -funit-at-a-time -I/opt/buildroot-be-gcc434/usr/include -fPIC -funit-at-a-time -Os -DFOR_ATHEROS_PLATFORM=1 -DFOR_AR934x=1 -DFOR_AR955x=1 -DRUN_SYSTEM_AS_ROOT=1 -DSYSTEM_IS_LITTLE_ENDIAN=0 -DSYSTEM_IS_BIG_ENDIAN=1 -DUSE_UCLIB=1 -DTARGET=1'
CFLAGS_FOR_BUILD='$(CFLAGS)'
CPP='mips-linux-gnu3-gcc -E'
CPPFLAGS=''
CXX='mips-linux-gnu3-g++'
CXXCPP='mips-linux-gnu3-g++ -E'
CXXFLAGS='-g -O2'
CXXFLAGS_FOR_BUILD='$(CXXFLAGS)'
CXXLDFLAGS=''
CXX_FOR_BUILD='$(CXX)'
DEFS='-DHAVE_CONFIG_H'
DLLTOOL='dlltool'
EBCDIC=''
ECHO='echo'
ECHO_C=''
ECHO_N='-n'
ECHO_T=''
EGREP='grep -E'
EXEEXT=''
F77=''
FFLAGS=''
HAVE_CPP='#'
HAVE_MEMMOVE=''
HAVE_STRERROR=''
INSTALL_DATA='${INSTALL} -m 644'
INSTALL_PROGRAM='${INSTALL}'
INSTALL_SCRIPT='${INSTALL}'
LDFLAGS=''
LIBOBJS=''
LIBS=''
LIBTOOL='$(SHELL) $(top_builddir)/libtool'
LINK_SIZE=''
LN_S='ln -s'
LTLIBOBJS=''
MATCH_LIMIT=''
MATCH_LIMIT_RECURSION=''
MAYBE_CPP_TARGETS=''
NEWLINE=''
NOT_ON_WINDOWS=''
NO_RECURSE=''
OBJDUMP='objdump'
OBJEXT='o'
ON_WINDOWS='#'
PACKAGE_BUGREPORT=''
PACKAGE_NAME=''
PACKAGE_STRING=''
PACKAGE_TARNAME=''
PACKAGE_VERSION=''
PATH_SEPARATOR=':'
PCRE_CPPLIB_VERSION='0:0:0'
PCRE_LIB_VERSION='0:1:0'
PCRE_POSIXLIB_VERSION='0:0:0'
PCRE_VERSION='6.7'
POSIX_LIB='libpcreposix.la'
POSIX_LOBJ=''
POSIX_MALLOC_THRESHOLD='-DPOSIX_MALLOC_THRESHOLD=10'
POSIX_OBJ=''
RANLIB='mips-linux-gnu3-ranlib'
SHELL='/bin/sh'
STRIP='mips-linux-gnu3-strip'
UCP=''
UTF8=''
WIN_PREFIX=''
ac_ct_AR=''
ac_ct_AS=''
ac_ct_CC=''
ac_ct_CXX=''
ac_ct_DLLTOOL=''
ac_ct_F77=''
ac_ct_OBJDUMP=''
ac_ct_RANLIB=''
ac_ct_STRIP=''
bindir='${exec_prefix}/bin'
build='i686-pc-linux-gnu'
build_alias='i686-linux'
build_cpu='i686'
build_os='linux-gnu'
build_vendor='pc'
datadir='${prefix}/share'
exec_prefix='${prefix}'
host='mips-unknown-linux-gnu3'
host_alias='mips-linux-gnu3'
host_cpu='mips'
host_os='linux-gnu3'
host_vendor='unknown'
includedir='${prefix}/include'
infodir='${prefix}/info'
libdir='${exec_prefix}/lib'
libexecdir='${exec_prefix}/libexec'
localstatedir='${prefix}/var'
mandir='${prefix}/man'
oldincludedir='/usr/include'
pcre_have_bits_type_traits=''
pcre_have_long_long='1'
pcre_have_type_traits=''
pcre_have_ulong_long='1'
prefix='/opt/buildroot-be-gcc434/usr'
program_transform_name='s,x,x,'
sbindir='${exec_prefix}/sbin'
sharedstatedir='${prefix}/com'
sysconfdir='${prefix}/etc'
target_alias='mips-linux-gnu3'

## ----------- ##
## confdefs.h. ##
## ----------- ##

#define HAVE_BCOPY 1
#define HAVE_DLFCN_H 1
#define HAVE_INTTYPES_H 1
#define HAVE_LIMITS_H 1
#define HAVE_LONG_LONG 1
#define HAVE_MEMMOVE 1
#define HAVE_MEMORY_H 1
#define HAVE_STDINT_H 1
#define HAVE_STDLIB_H 1
#define HAVE_STRERROR 1
#define HAVE_STRINGS_H 1
#define HAVE_STRING_H 1
#define HAVE_STRTOLL 1
#define HAVE_STRTOQ 1
#define HAVE_SYS_STAT_H 1
#define HAVE_SYS_TYPES_H 1
#define HAVE_UNISTD_H 1
#define HAVE_UNSIGNED_LONG_LONG 1
#define PACKAGE_BUGREPORT ""
#define PACKAGE_NAME ""
#define PACKAGE_STRING ""
#define PACKAGE_TARNAME ""
#define PACKAGE_VERSION ""
#define STDC_HEADERS 1
#define STDC_HEADERS 1
#endif
#ifdef __cplusplus
extern "C" void exit (int) throw ();

configure: exit 0
