This file contains any messages produced by compilers while
running configure, to aid debugging if configure makes a mistake.

It was created by configure, which was
generated by GNU Autoconf 2.59.  Invocation command line was

  $ ./configure --no-create --no-recursion

## --------- ##
## Platform. ##
## --------- ##

hostname = localhost.localdomain
uname -m = i686
uname -r = 2.6.13-1.1532_FC4
uname -s = Linux
uname -v = #1 Thu Oct 20 01:30:08 EDT 2005

/usr/bin/uname -p = unknown
/bin/uname -X     = unknown

/bin/arch              = i686
/usr/bin/arch -k       = unknown
/usr/convex/getsysinfo = unknown
hostinfo               = unknown
/bin/machine           = unknown
/usr/bin/oslevel       = unknown
/bin/universe          = unknown

PATH: /usr/kerberos/sbin
PATH: /usr/kerberos/bin
PATH: /usr/local/bin
PATH: /usr/bin
PATH: /bin
PATH: /usr/X11R6/bin
PATH: /sbin
PATH: /usr/bin
PATH: /usr/sbin
PATH: /usr/local/bin
PATH: /usr/local/sbin
PATH: /opt/crosstool/gcc-3.4.4-glibc-2.3.5/armv5b-softfloat-linux/bin
PATH: /opt/crosstool/gcc-3.4.4-glibc-2.3.5/armv5b-softfloat-linux/armv5b-softfloat-linux/include
PATH: /opt/mipseltools/bin/
PATH: /home/jimmy/bin
PATH: /sbin
PATH: /usr/bin
PATH: /usr/sbin
PATH: /usr/local/bin
PATH: /usr/local/sbin
PATH: /opt/crosstool/gcc-3.4.4-glibc-2.3.5/armv5b-softfloat-linux/bin
PATH: /opt/crosstool/gcc-3.4.4-glibc-2.3.5/armv5b-softfloat-linux/armv5b-softfloat-linux/include
PATH: /opt/mipseltools/bin/
PATH: /sbin
PATH: /usr/bin
PATH: /usr/sbin
PATH: /usr/local/bin
PATH: /usr/local/sbin
PATH: /usr/local//mipseltools/bin


## ----------- ##
## Core tests. ##
## ----------- ##

configure:1361: checking for gcc
configure:1377: found /usr/local/bin/gcc
configure:1387: result: gcc
configure:1631: checking for C compiler version
configure:1634: gcc --version </dev/null >&5
gcc (GCC) 3.4.4
Copyright (C) 2004 Free Software Foundation, Inc.
This is free software; see the source for copying conditions.  There is NO
warranty; not even for MERCHANTABILITY or FITNESS FOR A PARTICULAR PURPOSE.

configure:1637: $? = 0
configure:1639: gcc -v </dev/null >&5
Reading specs from /usr/local/lib/gcc/i686-pc-linux-gnu/3.4.4/specs
Configured with: ./configure 
Thread model: posix
gcc version 3.4.4
configure:1642: $? = 0
configure:1644: gcc -V </dev/null >&5
gcc: `-V' option must have argument
configure:1647: $? = 1
configure:1670: checking for C compiler default output file name
configure:1673: gcc    conftest.c  >&5
configure:1676: $? = 0
configure:1722: result: a.out
configure:1727: checking whether the C compiler works
configure:1733: ./a.out
configure:1736: $? = 0
configure:1753: result: yes
configure:1760: checking whether we are cross compiling
configure:1762: result: no
configure:1765: checking for suffix of executables
configure:1767: gcc -o conftest    conftest.c  >&5
configure:1770: $? = 0
configure:1795: result: 
configure:1801: checking for suffix of object files
configure:1822: gcc -c   conftest.c >&5
configure:1825: $? = 0
configure:1847: result: o
configure:1851: checking whether we are using the GNU C compiler
configure:1875: gcc -c   conftest.c >&5
configure:1881: $? = 0
configure:1885: test -z 
			 || test ! -s conftest.err
configure:1888: $? = 0
configure:1891: test -s conftest.o
configure:1894: $? = 0
configure:1907: result: yes
configure:1913: checking whether gcc accepts -g
configure:1934: gcc -c -g  conftest.c >&5
configure:1940: $? = 0
configure:1944: test -z 
			 || test ! -s conftest.err
configure:1947: $? = 0
configure:1950: test -s conftest.o
configure:1953: $? = 0
configure:1964: result: yes
configure:1981: checking for gcc option to accept ANSI C
configure:2051: gcc  -c -g -O2  conftest.c >&5
configure:2057: $? = 0
configure:2061: test -z 
			 || test ! -s conftest.err
configure:2064: $? = 0
configure:2067: test -s conftest.o
configure:2070: $? = 0
configure:2088: result: none needed
configure:2106: gcc -c -g -O2  conftest.c >&5
conftest.c:2: error: parse error before "me"
configure:2112: $? = 1
configure: failed program was:
| #ifndef __cplusplus
|   choke me
| #endif
configure:2286: checking for ranlib
configure:2302: found /usr/bin/ranlib
configure:2313: result: ranlib
configure:2363: checking for a BSD-compatible install
configure:2418: result: /usr/bin/install -c
configure:2435: checking how to run the C preprocessor
configure:2470: gcc -E  conftest.c
configure:2476: $? = 0
configure:2508: gcc -E  conftest.c
conftest.c:9:28: ac_nonexistent.h: No such file or directory
configure:2514: $? = 1
configure: failed program was:
| /* confdefs.h.  */
| 
| #define PACKAGE_NAME ""
| #define PACKAGE_TARNAME ""
| #define PACKAGE_VERSION ""
| #define PACKAGE_STRING ""
| #define PACKAGE_BUGREPORT ""
| /* end confdefs.h.  */
| #include <ac_nonexistent.h>
configure:2553: result: gcc -E
configure:2577: gcc -E  conftest.c
configure:2583: $? = 0
configure:2615: gcc -E  conftest.c
conftest.c:9:28: ac_nonexistent.h: No such file or directory
configure:2621: $? = 1
configure: failed program was:
| /* confdefs.h.  */
| 
| #define PACKAGE_NAME ""
| #define PACKAGE_TARNAME ""
| #define PACKAGE_VERSION ""
| #define PACKAGE_STRING ""
| #define PACKAGE_BUGREPORT ""
| /* end confdefs.h.  */
| #include <ac_nonexistent.h>
configure:2665: checking for egrep
configure:2675: result: grep -E
configure:2680: checking for ANSI C header files
configure:2705: gcc -c -g -O2  conftest.c >&5
configure:2711: $? = 0
configure:2715: test -z 
			 || test ! -s conftest.err
configure:2718: $? = 0
configure:2721: test -s conftest.o
configure:2724: $? = 0
configure:2813: gcc -o conftest -g -O2   conftest.c  >&5
configure:2816: $? = 0
configure:2818: ./conftest
configure:2821: $? = 0
configure:2836: result: yes
configure:2860: checking for sys/types.h
configure:2876: gcc -c -g -O2  conftest.c >&5
configure:2882: $? = 0
configure:2886: test -z 
			 || test ! -s conftest.err
configure:2889: $? = 0
configure:2892: test -s conftest.o
configure:2895: $? = 0
configure:2906: result: yes
configure:2860: checking for sys/stat.h
configure:2876: gcc -c -g -O2  conftest.c >&5
configure:2882: $? = 0
configure:2886: test -z 
			 || test ! -s conftest.err
configure:2889: $? = 0
configure:2892: test -s conftest.o
configure:2895: $? = 0
configure:2906: result: yes
configure:2860: checking for stdlib.h
configure:2876: gcc -c -g -O2  conftest.c >&5
configure:2882: $? = 0
configure:2886: test -z 
			 || test ! -s conftest.err
configure:2889: $? = 0
configure:2892: test -s conftest.o
configure:2895: $? = 0
configure:2906: result: yes
configure:2860: checking for string.h
configure:2876: gcc -c -g -O2  conftest.c >&5
configure:2882: $? = 0
configure:2886: test -z 
			 || test ! -s conftest.err
configure:2889: $? = 0
configure:2892: test -s conftest.o
configure:2895: $? = 0
configure:2906: result: yes
configure:2860: checking for memory.h
configure:2876: gcc -c -g -O2  conftest.c >&5
configure:2882: $? = 0
configure:2886: test -z 
			 || test ! -s conftest.err
configure:2889: $? = 0
configure:2892: test -s conftest.o
configure:2895: $? = 0
configure:2906: result: yes
configure:2860: checking for strings.h
configure:2876: gcc -c -g -O2  conftest.c >&5
configure:2882: $? = 0
configure:2886: test -z 
			 || test ! -s conftest.err
configure:2889: $? = 0
configure:2892: test -s conftest.o
configure:2895: $? = 0
configure:2906: result: yes
configure:2860: checking for inttypes.h
configure:2876: gcc -c -g -O2  conftest.c >&5
configure:2882: $? = 0
configure:2886: test -z 
			 || test ! -s conftest.err
configure:2889: $? = 0
configure:2892: test -s conftest.o
configure:2895: $? = 0
configure:2906: result: yes
configure:2860: checking for stdint.h
configure:2876: gcc -c -g -O2  conftest.c >&5
configure:2882: $? = 0
configure:2886: test -z 
			 || test ! -s conftest.err
configure:2889: $? = 0
configure:2892: test -s conftest.o
configure:2895: $? = 0
configure:2906: result: yes
configure:2860: checking for unistd.h
configure:2876: gcc -c -g -O2  conftest.c >&5
configure:2882: $? = 0
configure:2886: test -z 
			 || test ! -s conftest.err
configure:2889: $? = 0
configure:2892: test -s conftest.o
configure:2895: $? = 0
configure:2906: result: yes
configure:2924: checking for string.h
configure:2929: result: yes
configure:2924: checking for unistd.h
configure:2929: result: yes
configure:3069: checking for ANSI C header files
configure:3225: result: yes
configure:3363: creating ./config.status

## ---------------- ##
## Cache variables. ##
## ---------------- ##

ac_cv_c_compiler_gnu=yes
ac_cv_env_CC_set=
ac_cv_env_CC_value=
ac_cv_env_CFLAGS_set=
ac_cv_env_CFLAGS_value=
ac_cv_env_CPPFLAGS_set=
ac_cv_env_CPPFLAGS_value=
ac_cv_env_CPP_set=
ac_cv_env_CPP_value=
ac_cv_env_LDFLAGS_set=
ac_cv_env_LDFLAGS_value=
ac_cv_env_build_alias_set=
ac_cv_env_build_alias_value=
ac_cv_env_host_alias_set=
ac_cv_env_host_alias_value=
ac_cv_env_target_alias_set=
ac_cv_env_target_alias_value=
ac_cv_exeext=
ac_cv_header_inttypes_h=yes
ac_cv_header_memory_h=yes
ac_cv_header_stdc=yes
ac_cv_header_stdint_h=yes
ac_cv_header_stdlib_h=yes
ac_cv_header_string_h=yes
ac_cv_header_strings_h=yes
ac_cv_header_sys_stat_h=yes
ac_cv_header_sys_types_h=yes
ac_cv_header_unistd_h=yes
ac_cv_objext=o
ac_cv_path_install='/usr/bin/install -c'
ac_cv_prog_CPP='gcc -E'
ac_cv_prog_ac_ct_CC=gcc
ac_cv_prog_ac_ct_RANLIB=ranlib
ac_cv_prog_cc_g=yes
ac_cv_prog_cc_stdc=
ac_cv_prog_egrep='grep -E'

## ----------------- ##
## Output variables. ##
## ----------------- ##

CC='gcc'
CFLAGS='-g -O2'
CPP='gcc -E'
CPPFLAGS=''
DEFS='-DPACKAGE_NAME=\"\" -DPACKAGE_TARNAME=\"\" -DPACKAGE_VERSION=\"\" -DPACKAGE_STRING=\"\" -DPACKAGE_BUGREPORT=\"\" -DSTDC_HEADERS=1 -DHAVE_SYS_TYPES_H=1 -DHAVE_SYS_STAT_H=1 -DHAVE_STDLIB_H=1 -DHAVE_STRING_H=1 -DHAVE_MEMORY_H=1 -DHAVE_STRINGS_H=1 -DHAVE_INTTYPES_H=1 -DHAVE_STDINT_H=1 -DHAVE_UNISTD_H=1 -DHAVE_STRING_H=1 -DHAVE_UNISTD_H=1 -DSTDC_HEADERS=1 '
ECHO_C=''
ECHO_N='-n'
ECHO_T=''
EGREP='grep -E'
EXEEXT=''
INSTALL_DATA='${INSTALL} -m 644'
INSTALL_PROGRAM='${INSTALL}'
INSTALL_SCRIPT='${INSTALL}'
LDFLAGS=''
LIBOBJS=''
LIBS=''
LTLIBOBJS=''
OBJEXT='o'
PACKAGE_BUGREPORT=''
PACKAGE_NAME=''
PACKAGE_STRING=''
PACKAGE_TARNAME=''
PACKAGE_VERSION=''
PATH_SEPARATOR=':'
RANLIB='ranlib'
SHELL='/bin/sh'
ac_ct_CC='gcc'
ac_ct_RANLIB='ranlib'
bindir='${exec_prefix}/bin'
build_alias=''
datadir='${prefix}/share'
exec_prefix='${prefix}'
host_alias=''
includedir='${prefix}/include'
infodir='${prefix}/info'
installdata=''
libdir='${exec_prefix}/lib'
libexecdir='${exec_prefix}/libexec'
localstatedir='${prefix}/var'
mandir='${prefix}/man'
oldincludedir='/usr/include'
prefix='/usr/local'
program_transform_name='s,x,x,'
sbindir='${exec_prefix}/sbin'
sharedstatedir='${prefix}/com'
sysconfdir='${prefix}/etc'
target_alias=''
termcapfile='/etc/termcap'
uninstalldata=''

## ----------- ##
## confdefs.h. ##
## ----------- ##

#define HAVE_INTTYPES_H 1
#define HAVE_MEMORY_H 1
#define HAVE_STDINT_H 1
#define HAVE_STDLIB_H 1
#define HAVE_STRINGS_H 1
#define HAVE_STRING_H 1
#define HAVE_STRING_H 1
#define HAVE_SYS_STAT_H 1
#define HAVE_SYS_TYPES_H 1
#define HAVE_UNISTD_H 1
#define HAVE_UNISTD_H 1
#define PACKAGE_BUGREPORT ""
#define PACKAGE_NAME ""
#define PACKAGE_STRING ""
#define PACKAGE_TARNAME ""
#define PACKAGE_VERSION ""
#define STDC_HEADERS 1
#define STDC_HEADERS 1

configure: exit 0

## ---------------------- ##
## Running config.status. ##
## ---------------------- ##

This file was extended by config.status, which was
generated by GNU Autoconf 2.59.  Invocation command line was

  CONFIG_FILES    = 
  CONFIG_HEADERS  = 
  CONFIG_LINKS    = 
  CONFIG_COMMANDS = 
  $ config.status 

on localhost.localdomain

config.status:646: creating Makefile
